#
# There is insufficient memory for the Java Runtime Environment to continue.
# Native memory allocation (malloc) failed to allocate 32744 bytes for ChunkPool::allocate
# Possible reasons:
#   The system is out of physical RAM or swap space
#   The process is running with CompressedOops enabled, and the Java Heap may be blocking the growth of the native heap
# Possible solutions:
#   Reduce memory load on the system
#   Increase physical memory or swap space
#   Check if swap backing store is full
#   Decrease Java heap size (-Xmx/-Xms)
#   Decrease number of Java threads
#   Decrease Java thread stack sizes (-Xss)
#   Set larger code cache with -XX:ReservedCodeCacheSize=
#   JVM is running with Unscaled Compressed Oops mode in which the Java heap is
#     placed in the first 4GB address space. The Java Heap base address is the
#     maximum limit for the native heap growth. Please use -XX:HeapBaseMinAddress
#     to set the Java Heap base and to place the Java Heap above 4GB virtual address.
# This output file may be truncated or incomplete.
#
#  Out of Memory Error (allocation.cpp:272), pid=11368, tid=0x00000000000032f8
#
# JRE version: OpenJDK Runtime Environment (8.0_242-b01) (build 1.8.0_242-release-1644-b01)
# Java VM: OpenJDK 64-Bit Server VM (25.242-b01 mixed mode windows-amd64 compressed oops)
# Failed to write core dump. Minidumps are not enabled by default on client versions of Windows
#

---------------  T H R E A D  ---------------

Current thread (0x000000001835a000):  JavaThread "Daemon worker" [_thread_in_vm, id=13048, stack(0x000000001adb0000,0x000000001aeb0000)]

Stack: [0x000000001adb0000,0x000000001aeb0000]
[error occurred during error reporting (printing stack bounds), id 0xc0000005]

Native frames: (J=compiled Java code, j=interpreted, Vv=VM code, C=native code)

Java frames: (J=compiled Java code, j=interpreted, Vv=VM code)
J 291  java.lang.Throwable.fillInStackTrace(I)Ljava/lang/Throwable; (0 bytes) @ 0x00000000033d81bb [0x00000000033d8180+0x3b]
J 290 C1 java.lang.Throwable.fillInStackTrace()Ljava/lang/Throwable; (29 bytes) @ 0x00000000033d8714 [0x00000000033d8540+0x1d4]
j  java.lang.Throwable.<init>()V+24
j  java.lang.Error.<init>()V+1
j  java.lang.VirtualMachineError.<init>()V+1
j  java.lang.OutOfMemoryError.<init>()V+1
v  ~StubRoutines::call_stub
J 184  java.util.zip.Inflater.inflateBytes(J[BII)I (0 bytes) @ 0x00000000033878d9 [0x0000000003387880+0x59]
J 1487 C2 java.util.zip.InflaterInputStream.read([BII)I (138 bytes) @ 0x000000000375cd8c [0x000000000375cc60+0x12c]
J 1547 C1 sun.misc.IOUtils.readNBytes(Ljava/io/InputStream;I)[B (274 bytes) @ 0x000000000378351c [0x00000000037831e0+0x33c]
J 1546 C1 sun.misc.IOUtils.readAllBytes(Ljava/io/InputStream;)[B (7 bytes) @ 0x000000000377ffa4 [0x000000000377ff40+0x64]
j  java.util.jar.JarFile.getBytes(Ljava/util/zip/ZipEntry;)[B+16
j  java.util.jar.JarFile.checkForSpecialAttributes()V+26
j  java.util.jar.JarFile.hasClassPathAttribute()Z+1
j  java.util.jar.JavaUtilJarAccessImpl.jarFileHasClassPathAttribute(Ljava/util/jar/JarFile;)Z+1
j  sun.misc.URLClassPath$JarLoader.getClassPath()[Ljava/net/URL;+33
J 2066 C2 sun.misc.URLClassPath.getLoader(I)Lsun/misc/URLClassPath$Loader; (243 bytes) @ 0x0000000003a130d8 [0x0000000003a12c40+0x498]
J 2063 C2 sun.misc.URLClassPath.getNextLoader([II)Lsun/misc/URLClassPath$Loader; (88 bytes) @ 0x00000000039f458c [0x00000000039f44e0+0xac]
J 1801 C2 sun.misc.URLClassPath.getResource(Ljava/lang/String;Z)Lsun/misc/Resource; (83 bytes) @ 0x0000000003839960 [0x0000000003839860+0x100]
J 1572 C1 java.net.URLClassLoader$1.run()Ljava/lang/Class; (63 bytes) @ 0x000000000379c5a4 [0x000000000379c3a0+0x204]
J 1552 C1 java.net.URLClassLoader$1.run()Ljava/lang/Object; (5 bytes) @ 0x000000000377eefc [0x000000000377ee80+0x7c]
v  ~StubRoutines::call_stub
J 228  java.security.AccessController.doPrivileged(Ljava/security/PrivilegedExceptionAction;Ljava/security/AccessControlContext;)Ljava/lang/Object; (0 bytes) @ 0x00000000033b4626 [0x00000000033b45c0+0x66]
J 1327 C2 java.net.URLClassLoader.findClass(Ljava/lang/String;)Ljava/lang/Class; (47 bytes) @ 0x00000000036a05b0 [0x00000000036a0520+0x90]
J 1556 C2 java.lang.ClassLoader.loadClass(Ljava/lang/String;Z)Ljava/lang/Class; (122 bytes) @ 0x00000000037970d4 [0x0000000003796cc0+0x414]
J 297 C1 java.lang.ClassLoader.loadClass(Ljava/lang/String;)Ljava/lang/Class; (7 bytes) @ 0x00000000033dce4c [0x00000000033dcd40+0x10c]
v  ~StubRoutines::call_stub
J 1267  java.lang.Class.forName0(Ljava/lang/String;ZLjava/lang/ClassLoader;Ljava/lang/Class;)Ljava/lang/Class; (0 bytes) @ 0x0000000003675747 [0x00000000036756c0+0x87]
J 1463 C1 java.lang.Class.forName(Ljava/lang/String;ZLjava/lang/ClassLoader;)Ljava/lang/Class; (53 bytes) @ 0x00000000036f24c4 [0x00000000036f1fc0+0x504]
j  com.sun.beans.finder.ClassFinder.findClass(Ljava/lang/String;)Ljava/lang/Class;+26
j  com.sun.beans.finder.ClassFinder.findClass(Ljava/lang/String;Ljava/lang/ClassLoader;)Ljava/lang/Class;+21
j  com.sun.beans.finder.InstanceFinder.instantiate(Ljava/lang/Class;Ljava/lang/String;)Ljava/lang/Object;+13
j  com.sun.beans.finder.InstanceFinder.find(Ljava/lang/Class;)Ljava/lang/Object;+34
j  java.beans.Introspector.findExplicitBeanInfo(Ljava/lang/Class;)Ljava/beans/BeanInfo;+7
j  java.beans.Introspector.<init>(Ljava/lang/Class;Ljava/lang/Class;I)V+121
j  java.beans.Introspector.getBeanInfo(Ljava/lang/Class;)Ljava/beans/BeanInfo;+60
j  groovy.lang.MetaClassImpl$15.run()Ljava/lang/Object;+7
v  ~StubRoutines::call_stub
j  java.security.AccessController.doPrivileged(Ljava/security/PrivilegedExceptionAction;)Ljava/lang/Object;+0
j  groovy.lang.MetaClassImpl.addProperties()V+36
j  groovy.lang.MetaClassImpl.initialize()V+12
j  org.codehaus.groovy.reflection.ClassInfo.getMetaClassUnderLock()Lgroovy/lang/MetaClass;+54
j  org.codehaus.groovy.reflection.ClassInfo.getMetaClass()Lgroovy/lang/MetaClass;+16
j  org.codehaus.groovy.runtime.metaclass.MetaClassRegistryImpl.getMetaClass(Ljava/lang/Class;)Lgroovy/lang/MetaClass;+4
j  org.gradle.api.internal.project.DefaultProject_Decorated.getMetaClass()Lgroovy/lang/MetaClass;+16
j  org.gradle.internal.metaobject.BeanDynamicObject.getMetaClass()Lgroovy/lang/MetaClass;+17
j  org.gradle.internal.metaobject.BeanDynamicObject.access$400(Lorg/gradle/internal/metaobject/BeanDynamicObject;)Lgroovy/lang/MetaClass;+1
j  org.gradle.internal.metaobject.BeanDynamicObject$MetaClassAdapter.invokeMethod(Ljava/lang/String;[Ljava/lang/Object;)Lorg/gradle/internal/metaobject/DynamicInvokeResult;+4
j  org.gradle.internal.metaobject.BeanDynamicObject.tryInvokeMethod(Ljava/lang/String;[Ljava/lang/Object;)Lorg/gradle/internal/metaobject/DynamicInvokeResult;+6
j  org.gradle.internal.metaobject.CompositeDynamicObject.tryInvokeMethod(Ljava/lang/String;[Ljava/lang/Object;)Lorg/gradle/internal/metaobject/DynamicInvokeResult;+29
j  org.gradle.internal.metaobject.MixInClosurePropertiesAsMethodsDynamicObject.tryInvokeMethod(Ljava/lang/String;[Ljava/lang/Object;)Lorg/gradle/internal/metaobject/DynamicInvokeResult;+3
j  org.gradle.groovy.scripts.BasicScript$ScriptDynamicObject.tryInvokeMethod(Ljava/lang/String;[Ljava/lang/Object;)Lorg/gradle/internal/metaobject/DynamicInvokeResult;+27
j  org.gradle.internal.metaobject.AbstractDynamicObject.invokeMethod(Ljava/lang/String;[Ljava/lang/Object;)Ljava/lang/Object;+3
j  org.gradle.groovy.scripts.BasicScript.invokeMethod(Ljava/lang/String;Ljava/lang/Object;)Ljava/lang/Object;+12
j  org.codehaus.groovy.runtime.callsite.PogoMetaClassSite.callCurrent(Lgroovy/lang/GroovyObject;[Ljava/lang/Object;)Ljava/lang/Object;+71
j  org.codehaus.groovy.runtime.callsite.CallSiteArray.defaultCallCurrent(Lorg/codehaus/groovy/runtime/callsite/CallSite;Lgroovy/lang/GroovyObject;[Ljava/lang/Object;)Ljava/lang/Object;+17
j  org.codehaus.groovy.runtime.callsite.AbstractCallSite.callCurrent(Lgroovy/lang/GroovyObject;[Ljava/lang/Object;)Ljava/lang/Object;+3
j  org.codehaus.groovy.runtime.callsite.AbstractCallSite.callCurrent(Lgroovy/lang/GroovyObject;Ljava/lang/Object;)Ljava/lang/Object;+33
j  build_7fowcskt7q606dja2r69al9eo.run()Ljava/lang/Object;+18
j  org.gradle.groovy.scripts.internal.DefaultScriptRunnerFactory$ScriptRunnerImpl.run(Ljava/lang/Object;Lorg/gradle/internal/service/ServiceRegistry;)V+57
j  org.gradle.configuration.DefaultScriptPluginFactory$ScriptPluginImpl$2.run()V+12
j  org.gradle.configuration.ProjectScriptTarget.addConfiguration(Ljava/lang/Runnable;Z)V+18
j  org.gradle.configuration.DefaultScriptPluginFactory$ScriptPluginImpl.apply(Ljava/lang/Object;)V+559
j  org.gradle.configuration.BuildOperationScriptPlugin$1.run(Lorg/gradle/internal/operations/BuildOperationContext;)V+11
j  org.gradle.internal.progress.DefaultBuildOperationExecutor$RunnableBuildOperationWorker.execute(Lorg/gradle/internal/operations/RunnableBuildOperation;Lorg/gradle/internal/operations/BuildOperationContext;)V+2
j  org.gradle.internal.progress.DefaultBuildOperationExecutor$RunnableBuildOperationWorker.execute(Lorg/gradle/internal/operations/BuildOperation;Lorg/gradle/internal/operations/BuildOperationContext;)V+6
j  org.gradle.internal.progress.DefaultBuildOperationExecutor.execute(Lorg/gradle/internal/operations/BuildOperation;Lorg/gradle/internal/operations/BuildOperationWorker;Lorg/gradle/internal/progress/DefaultBuildOperationExecutor$DefaultBuildOperationState;)V+177
j  org.gradle.internal.progress.DefaultBuildOperationExecutor.run(Lorg/gradle/internal/operations/RunnableBuildOperation;)V+20
j  org.gradle.configuration.BuildOperationScriptPlugin.apply(Ljava/lang/Object;)V+54
j  org.gradle.configuration.project.BuildScriptProcessor.execute(Lorg/gradle/api/internal/project/ProjectInternal;)V+63
j  org.gradle.configuration.project.BuildScriptProcessor.execute(Ljava/lang/Object;)V+5
j  org.gradle.configuration.project.ConfigureActionsProjectEvaluator.evaluate(Lorg/gradle/api/internal/project/ProjectInternal;Lorg/gradle/api/internal/project/ProjectStateInternal;)V+33
j  org.gradle.configuration.project.LifecycleProjectEvaluator.doConfigure(Lorg/gradle/api/internal/project/ProjectInternal;Lorg/gradle/api/internal/project/ProjectStateInternal;)V+39
j  org.gradle.configuration.project.LifecycleProjectEvaluator.access$100(Lorg/gradle/configuration/project/LifecycleProjectEvaluator;Lorg/gradle/api/internal/project/ProjectInternal;Lorg/gradle/api/internal/project/ProjectStateInternal;)V+3
j  org.gradle.configuration.project.LifecycleProjectEvaluator$ConfigureProject.run(Lorg/gradle/internal/operations/BuildOperationContext;)V+12
j  org.gradle.internal.progress.DefaultBuildOperationExecutor$RunnableBuildOperationWorker.execute(Lorg/gradle/internal/operations/RunnableBuildOperation;Lorg/gradle/internal/operations/BuildOperationContext;)V+2
j  org.gradle.internal.progress.DefaultBuildOperationExecutor$RunnableBuildOperationWorker.execute(Lorg/gradle/internal/operations/BuildOperation;Lorg/gradle/internal/operations/BuildOperationContext;)V+6
j  org.gradle.internal.progress.DefaultBuildOperationExecutor.execute(Lorg/gradle/internal/operations/BuildOperation;Lorg/gradle/internal/operations/BuildOperationWorker;Lorg/gradle/internal/progress/DefaultBuildOperationExecutor$DefaultBuildOperationState;)V+177
j  org.gradle.internal.progress.DefaultBuildOperationExecutor.run(Lorg/gradle/internal/operations/RunnableBuildOperation;)V+20
j  org.gradle.configuration.project.LifecycleProjectEvaluator.evaluate(Lorg/gradle/api/internal/project/ProjectInternal;Lorg/gradle/api/internal/project/ProjectStateInternal;)V+30
j  org.gradle.api.internal.project.DefaultProject.evaluate()Lorg/gradle/api/internal/project/DefaultProject;+9
j  org.gradle.api.internal.project.DefaultProject.evaluate()Lorg/gradle/api/Project;+1
j  org.gradle.execution.TaskPathProjectEvaluator.configure(Lorg/gradle/api/internal/project/ProjectInternal;)V+21
j  org.gradle.execution.TaskPathProjectEvaluator.configureHierarchy(Lorg/gradle/api/internal/project/ProjectInternal;)V+2
j  org.gradle.configuration.DefaultBuildConfigurer.configure(Lorg/gradle/api/internal/GradleInternal;)V+45
j  org.gradle.initialization.DefaultGradleLauncher$ConfigureBuild.run(Lorg/gradle/internal/operations/BuildOperationContext;)V+14
j  org.gradle.internal.progress.DefaultBuildOperationExecutor$RunnableBuildOperationWorker.execute(Lorg/gradle/internal/operations/RunnableBuildOperation;Lorg/gradle/internal/operations/BuildOperationContext;)V+2
j  org.gradle.internal.progress.DefaultBuildOperationExecutor$RunnableBuildOperationWorker.execute(Lorg/gradle/internal/operations/BuildOperation;Lorg/gradle/internal/operations/BuildOperationContext;)V+6
j  org.gradle.internal.progress.DefaultBuildOperationExecutor.execute(Lorg/gradle/internal/operations/BuildOperation;Lorg/gradle/internal/operations/BuildOperationWorker;Lorg/gradle/internal/progress/DefaultBuildOperationExecutor$DefaultBuildOperationState;)V+177
j  org.gradle.internal.progress.DefaultBuildOperationExecutor.run(Lorg/gradle/internal/operations/RunnableBuildOperation;)V+20
j  org.gradle.initialization.DefaultGradleLauncher.configureBuild()V+23
j  org.gradle.initialization.DefaultGradleLauncher.doBuildStages(Lorg/gradle/initialization/DefaultGradleLauncher$Stage;)V+13
j  org.gradle.initialization.DefaultGradleLauncher.executeTasks()Lorg/gradle/api/internal/GradleInternal;+4
j  org.gradle.internal.invocation.GradleBuildController$1.call()Lorg/gradle/api/internal/GradleInternal;+7
j  org.gradle.internal.invocation.GradleBuildController$1.call()Ljava/lang/Object;+1
j  org.gradle.internal.work.DefaultWorkerLeaseService.withLocks(Ljava/lang/Iterable;Ljava/util/concurrent/Callable;)Ljava/lang/Object;+15
j  org.gradle.internal.invocation.GradleBuildController.doBuild(Ljava/util/concurrent/Callable;)Lorg/gradle/api/internal/GradleInternal;+52
j  org.gradle.internal.invocation.GradleBuildController.run()Lorg/gradle/api/internal/GradleInternal;+9
j  org.gradle.tooling.internal.provider.runner.ClientProvidedBuildActionRunner.run(Lorg/gradle/internal/invocation/BuildAction;Lorg/gradle/internal/invocation/BuildController;)V+80
j  org.gradle.launcher.exec.ChainingBuildActionRunner.run(Lorg/gradle/internal/invocation/BuildAction;Lorg/gradle/internal/invocation/BuildController;)V+34
j  org.gradle.launcher.exec.ChainingBuildActionRunner.run(Lorg/gradle/internal/invocation/BuildAction;Lorg/gradle/internal/invocation/BuildController;)V+34
j  org.gradle.tooling.internal.provider.ValidatingBuildActionRunner.run(Lorg/gradle/internal/invocation/BuildAction;Lorg/gradle/internal/invocation/BuildController;)V+6
j  org.gradle.launcher.exec.RunAsBuildOperationBuildActionRunner$1.run(Lorg/gradle/internal/operations/BuildOperationContext;)V+15
j  org.gradle.internal.progress.DefaultBuildOperationExecutor$RunnableBuildOperationWorker.execute(Lorg/gradle/internal/operations/RunnableBuildOperation;Lorg/gradle/internal/operations/BuildOperationContext;)V+2
j  org.gradle.internal.progress.DefaultBuildOperationExecutor$RunnableBuildOperationWorker.execute(Lorg/gradle/internal/operations/BuildOperation;Lorg/gradle/internal/operations/BuildOperationContext;)V+6
j  org.gradle.internal.progress.DefaultBuildOperationExecutor.execute(Lorg/gradle/internal/operations/BuildOperation;Lorg/gradle/internal/operations/BuildOperationWorker;Lorg/gradle/internal/progress/DefaultBuildOperationExecutor$DefaultBuildOperationState;)V+177
j  org.gradle.internal.progress.DefaultBuildOperationExecutor.run(Lorg/gradle/internal/operations/RunnableBuildOperation;)V+20
j  org.gradle.launcher.exec.RunAsBuildOperationBuildActionRunner.run(Lorg/gradle/internal/invocation/BuildAction;Lorg/gradle/internal/invocation/BuildController;)V+34
j  org.gradle.tooling.internal.provider.SubscribableBuildActionRunner.run(Lorg/gradle/internal/invocation/BuildAction;Lorg/gradle/internal/invocation/BuildController;)V+40
j  org.gradle.launcher.exec.InProcessBuildActionExecuter.execute(Lorg/gradle/internal/invocation/BuildAction;Lorg/gradle/initialization/BuildRequestContext;Lorg/gradle/launcher/exec/BuildActionParameters;Lorg/gradle/internal/service/ServiceRegistry;)Ljava/lang/Object;+71
j  org.gradle.launcher.exec.InProcessBuildActionExecuter.execute(Lorg/gradle/internal/invocation/BuildAction;Lorg/gradle/initialization/BuildRequestContext;Ljava/lang/Object;Lorg/gradle/internal/service/ServiceRegistry;)Ljava/lang/Object;+9
j  org.gradle.launcher.exec.BuildTreeScopeBuildActionExecuter.execute(Lorg/gradle/internal/invocation/BuildAction;Lorg/gradle/initialization/BuildRequestContext;Lorg/gradle/launcher/exec/BuildActionParameters;Lorg/gradle/internal/service/ServiceRegistry;)Ljava/lang/Object;+41
j  org.gradle.launcher.exec.BuildTreeScopeBuildActionExecuter.execute(Lorg/gradle/internal/invocation/BuildAction;Lorg/gradle/initialization/BuildRequestContext;Ljava/lang/Object;Lorg/gradle/internal/service/ServiceRegistry;)Ljava/lang/Object;+9
j  org.gradle.tooling.internal.provider.ContinuousBuildActionExecuter.execute(Lorg/gradle/internal/invocation/BuildAction;Lorg/gradle/initialization/BuildRequestContext;Lorg/gradle/launcher/exec/BuildActionParameters;Lorg/gradle/internal/service/ServiceRegistry;)Ljava/lang/Object;+28
j  org.gradle.tooling.internal.provider.ContinuousBuildActionExecuter.execute(Lorg/gradle/internal/invocation/BuildAction;Lorg/gradle/initialization/BuildRequestContext;Ljava/lang/Object;Lorg/gradle/internal/service/ServiceRegistry;)Ljava/lang/Object;+9
j  org.gradle.tooling.internal.provider.ServicesSetupBuildActionExecuter.execute(Lorg/gradle/internal/invocation/BuildAction;Lorg/gradle/initialization/BuildRequestContext;Lorg/gradle/launcher/exec/BuildActionParameters;Lorg/gradle/internal/service/ServiceRegistry;)Ljava/lang/Object;+85
j  org.gradle.tooling.internal.provider.ServicesSetupBuildActionExecuter.execute(Lorg/gradle/internal/invocation/BuildAction;Lorg/gradle/initialization/BuildRequestContext;Ljava/lang/Object;Lorg/gradle/internal/service/ServiceRegistry;)Ljava/lang/Object;+9
j  org.gradle.tooling.internal.provider.GradleThreadBuildActionExecuter.execute(Lorg/gradle/internal/invocation/BuildAction;Lorg/gradle/initialization/BuildRequestContext;Lorg/gradle/launcher/exec/BuildActionParameters;Lorg/gradle/internal/service/ServiceRegistry;)Ljava/lang/Object;+12
j  org.gradle.tooling.internal.provider.GradleThreadBuildActionExecuter.execute(Lorg/gradle/internal/invocation/BuildAction;Lorg/gradle/initialization/BuildRequestContext;Ljava/lang/Object;Lorg/gradle/internal/service/ServiceRegistry;)Ljava/lang/Object;+9
j  org.gradle.tooling.internal.provider.ParallelismConfigurationBuildActionExecuter.execute(Lorg/gradle/internal/invocation/BuildAction;Lorg/gradle/initialization/BuildRequestContext;Lorg/gradle/launcher/exec/BuildActionParameters;Lorg/gradle/internal/service/ServiceRegistry;)Ljava/lang/Object;+43
j  org.gradle.tooling.internal.provider.ParallelismConfigurationBuildActionExecuter.execute(Lorg/gradle/internal/invocation/BuildAction;Lorg/gradle/initialization/BuildRequestContext;Ljava/lang/Object;Lorg/gradle/internal/service/ServiceRegistry;)Ljava/lang/Object;+9
j  org.gradle.tooling.internal.provider.StartParamsValidatingActionExecuter.execute(Lorg/gradle/internal/invocation/BuildAction;Lorg/gradle/initialization/BuildRequestContext;Lorg/gradle/launcher/exec/BuildActionParameters;Lorg/gradle/internal/service/ServiceRegistry;)Ljava/lang/Object;+257
j  org.gradle.tooling.internal.provider.StartParamsValidatingActionExecuter.execute(Lorg/gradle/internal/invocation/BuildAction;Lorg/gradle/initialization/BuildRequestContext;Ljava/lang/Object;Lorg/gradle/internal/service/ServiceRegistry;)Ljava/lang/Object;+9
j  org.gradle.tooling.internal.provider.SessionFailureReportingActionExecuter.execute(Lorg/gradle/internal/invocation/BuildAction;Lorg/gradle/initialization/BuildRequestContext;Lorg/gradle/launcher/exec/BuildActionParameters;Lorg/gradle/internal/service/ServiceRegistry;)Ljava/lang/Object;+9
j  org.gradle.tooling.internal.provider.SessionFailureReportingActionExecuter.execute(Lorg/gradle/internal/invocation/BuildAction;Lorg/gradle/initialization/BuildRequestContext;Ljava/lang/Object;Lorg/gradle/internal/service/ServiceRegistry;)Ljava/lang/Object;+9
j  org.gradle.tooling.internal.provider.SetupLoggingActionExecuter.execute(Lorg/gradle/internal/invocation/BuildAction;Lorg/gradle/initialization/BuildRequestContext;Lorg/gradle/launcher/exec/BuildActionParameters;Lorg/gradle/internal/service/ServiceRegistry;)Ljava/lang/Object;+69
j  org.gradle.tooling.internal.provider.SetupLoggingActionExecuter.execute(Lorg/gradle/internal/invocation/BuildAction;Lorg/gradle/initialization/BuildRequestContext;Ljava/lang/Object;Lorg/gradle/internal/service/ServiceRegistry;)Ljava/lang/Object;+9
j  org.gradle.launcher.daemon.server.exec.ExecuteBuild.doBuild(Lorg/gradle/launcher/daemon/server/api/DaemonCommandExecution;Lorg/gradle/launcher/daemon/protocol/Build;)V+114
j  org.gradle.launcher.daemon.server.exec.BuildCommandOnly.execute(Lorg/gradle/launcher/daemon/server/api/DaemonCommandExecution;)V+49
j  org.gradle.launcher.daemon.server.api.DaemonCommandExecution.proceed()Z+28
j  org.gradle.launcher.daemon.server.exec.WatchForDisconnection.execute(Lorg/gradle/launcher/daemon/server/api/DaemonCommandExecution;)V+19
j  org.gradle.launcher.daemon.server.api.DaemonCommandExecution.proceed()Z+28
j  org.gradle.launcher.daemon.server.exec.ResetDeprecationLogger.execute(Lorg/gradle/launcher/daemon/server/api/DaemonCommandExecution;)V+4
j  org.gradle.launcher.daemon.server.api.DaemonCommandExecution.proceed()Z+28
j  org.gradle.launcher.daemon.server.exec.RequestStopIfSingleUsedDaemon.execute(Lorg/gradle/launcher/daemon/server/api/DaemonCommandExecution;)V+33
j  org.gradle.launcher.daemon.server.api.DaemonCommandExecution.proceed()Z+28
j  org.gradle.launcher.daemon.server.exec.ForwardClientInput$2.call()Ljava/lang/Void;+4
j  org.gradle.launcher.daemon.server.exec.ForwardClientInput$2.call()Ljava/lang/Object;+1
j  org.gradle.util.Swapper.swap(Ljava/lang/Object;Ljava/util/concurrent/Callable;)Ljava/lang/Object;+21
j  org.gradle.launcher.daemon.server.exec.ForwardClientInput.execute(Lorg/gradle/launcher/daemon/server/api/DaemonCommandExecution;)V+63
j  org.gradle.launcher.daemon.server.api.DaemonCommandExecution.proceed()Z+28
j  org.gradle.launcher.daemon.server.exec.LogAndCheckHealth.execute(Lorg/gradle/launcher/daemon/server/api/DaemonCommandExecution;)V+28
j  org.gradle.launcher.daemon.server.api.DaemonCommandExecution.proceed()Z+28
j  org.gradle.launcher.daemon.server.exec.LogToClient.doBuild(Lorg/gradle/launcher/daemon/server/api/DaemonCommandExecution;Lorg/gradle/launcher/daemon/protocol/Build;)V+87
j  org.gradle.launcher.daemon.server.exec.BuildCommandOnly.execute(Lorg/gradle/launcher/daemon/server/api/DaemonCommandExecution;)V+49
j  org.gradle.launcher.daemon.server.api.DaemonCommandExecution.proceed()Z+28
j  org.gradle.launcher.daemon.server.exec.EstablishBuildEnvironment.doBuild(Lorg/gradle/launcher/daemon/server/api/DaemonCommandExecution;Lorg/gradle/launcher/daemon/protocol/Build;)V+365
j  org.gradle.launcher.daemon.server.exec.BuildCommandOnly.execute(Lorg/gradle/launcher/daemon/server/api/DaemonCommandExecution;)V+49
j  org.gradle.launcher.daemon.server.api.DaemonCommandExecution.proceed()Z+28
j  org.gradle.launcher.daemon.server.exec.StartBuildOrRespondWithBusy$1.run()V+44
j  org.gradle.launcher.daemon.server.DaemonStateCoordinator$1.run()V+4
j  org.gradle.internal.concurrent.ExecutorPolicy$CatchAndRecordFailures.onExecute(Ljava/lang/Runnable;)V+1
j  org.gradle.internal.concurrent.ManagedExecutorImpl$1.run()V+25
j  java.util.concurrent.ThreadPoolExecutor.runWorker(Ljava/util/concurrent/ThreadPoolExecutor$Worker;)V+95
j  java.util.concurrent.ThreadPoolExecutor$Worker.run()V+5
j  org.gradle.internal.concurrent.ThreadFactoryImpl$ManagedThreadRunnable.run()V+7
j  java.lang.Thread.run()V+11
v  ~StubRoutines::call_stub

---------------  P R O C E S S  ---------------

Java Threads: ( => current thread )
  0x0000000018df4000 JavaThread "build operations Thread 4" [_thread_blocked, id=12900, stack(0x000000001f690000,0x000000001f790000)]
  0x0000000018df3000 JavaThread "build operations Thread 3" [_thread_blocked, id=7212, stack(0x000000001f590000,0x000000001f690000)]
  0x0000000018df2800 JavaThread "build operations Thread 2" [_thread_blocked, id=16064, stack(0x000000001f490000,0x000000001f590000)]
  0x0000000018df6000 JavaThread "build operations" [_thread_blocked, id=1724, stack(0x000000001f290000,0x000000001f390000)]
  0x0000000018df4800 JavaThread "Cache worker for Artifact transforms cache (C:\Users\selva\.gradle\caches\transforms-1)" [_thread_blocked, id=12440, stack(0x000000001dd50000,0x000000001de50000)]
  0x00000000187f3800 JavaThread "Cache worker for file hash cache (D:\Studioworkspace\Google play protect\.gradle\4.1\fileHashes)" [_thread_blocked, id=120, stack(0x000000001b4b0000,0x000000001b5b0000)]
  0x000000001900a000 JavaThread "File lock request listener" [_thread_in_native, id=5348, stack(0x000000001b3b0000,0x000000001b4b0000)]
  0x00000000174a0800 JavaThread "Cache worker for file hash cache (C:\Users\selva\.gradle\caches\4.1\fileHashes)" [_thread_blocked, id=8628, stack(0x000000001b0b0000,0x000000001b1b0000)]
  0x000000001835c800 JavaThread "Stdin handler" [_thread_blocked, id=10072, stack(0x000000001afb0000,0x000000001b0b0000)]
  0x000000001835b800 JavaThread "Asynchronous log dispatcher for DefaultDaemonConnection: socket connection from /127.0.0.1:57507 to /127.0.0.1:57508" [_thread_blocked, id=1676, stack(0x000000001aeb0000,0x000000001afb0000)]
=>0x000000001835a000 JavaThread "Daemon worker" [_thread_in_vm, id=13048, stack(0x000000001adb0000,0x000000001aeb0000)]
  0x0000000018f5f000 JavaThread "Cancel handler" [_thread_blocked, id=17128, stack(0x000000001acb0000,0x000000001adb0000)]
  0x0000000018500000 JavaThread "Handler for socket connection from /127.0.0.1:57507 to /127.0.0.1:57508" [_thread_in_native, id=17468, stack(0x000000001a9b0000,0x000000001aab0000)]
  0x0000000018505000 JavaThread "Daemon" [_thread_blocked, id=16664, stack(0x000000001a8b0000,0x000000001a9b0000)]
  0x0000000018468800 JavaThread "Daemon periodic checks" [_thread_blocked, id=2792, stack(0x000000001a7b0000,0x000000001a8b0000)]
  0x0000000018e7b800 JavaThread "Incoming local TCP Connector on port 57507" [_thread_in_native, id=9488, stack(0x000000001a570000,0x000000001a670000)]
  0x00000000172b8800 JavaThread "Service Thread" daemon [_thread_blocked, id=9020, stack(0x0000000017690000,0x0000000017790000)]
  0x000000001593a800 JavaThread "C1 CompilerThread2" daemon [_thread_blocked, id=7560, stack(0x0000000017190000,0x0000000017290000)]
  0x000000001592b800 JavaThread "C2 CompilerThread1" daemon [_thread_in_native, id=4980, stack(0x0000000017090000,0x0000000017190000)]
  0x0000000015924000 JavaThread "C2 CompilerThread0" daemon [_thread_in_native, id=17460, stack(0x0000000016f90000,0x0000000017090000)]
  0x0000000015922800 JavaThread "Attach Listener" daemon [_thread_blocked, id=1612, stack(0x0000000016e90000,0x0000000016f90000)]
  0x0000000015927000 JavaThread "Signal Dispatcher" daemon [_thread_blocked, id=12792, stack(0x0000000016d90000,0x0000000016e90000)]
  0x000000000321c800 JavaThread "Finalizer" daemon [_thread_blocked, id=4372, stack(0x0000000016b80000,0x0000000016c80000)]
  0x0000000015909000 JavaThread "Reference Handler" daemon [_thread_blocked, id=18312, stack(0x0000000016a80000,0x0000000016b80000)]
  0x000000000310e000 JavaThread "main" [_thread_blocked, id=17332, stack(0x0000000002ff0000,0x00000000030f0000)]

Other Threads:
  0x00000000158e7800 VMThread [stack: 0x0000000016980000,0x0000000016a80000] [id=15416]
  0x000000001597d800 WatcherThread [stack: 0x0000000017790000,0x0000000017890000] [id=12576]

VM state:not at safepoint (normal execution)

VM Mutex/Monitor currently owned by a thread: None

heap address: 0x00000000c0000000, size: 1024 MB, Compressed Oops mode: 32-bit
Narrow klass base: 0x0000000000000000, Narrow klass shift: 3
Compressed class space size: 1073741824 Address: 0x0000000100000000

Heap:
 PSYoungGen      total 71680K, used 55144K [0x00000000eab00000, 0x00000000f2300000, 0x0000000100000000)
  eden space 66560K, 75% used [0x00000000eab00000,0x00000000edbdebc0,0x00000000eec00000)
  from space 5120K, 99% used [0x00000000eec00000,0x00000000ef0fb7b8,0x00000000ef100000)
  to   space 10240K, 0% used [0x00000000f1900000,0x00000000f1900000,0x00000000f2300000)
 ParOldGen       total 62976K, used 10796K [0x00000000c0000000, 0x00000000c3d80000, 0x00000000eab00000)
  object space 62976K, 17% used [0x00000000c0000000,0x00000000c0a8b1f8,0x00000000c3d80000)
 Metaspace       used 28790K, capacity 29352K, committed 29568K, reserved 1075200K
  class space    used 3997K, capacity 4177K, committed 4224K, reserved 1048576K

Card table byte_map: [0x00000000125f0000,0x0000000012800000] byte_map_base: 0x0000000011ff0000

Marking Bits: (ParMarkBitMap*) 0x000000005c05f030
 Begin Bits: [0x0000000012d60000, 0x0000000013d60000)
 End Bits:   [0x0000000013d60000, 0x0000000014d60000)

Polling page: 0x00000000030f0000

CodeCache: size=245760Kb used=9754Kb max_used=9754Kb free=236005Kb
 bounds [0x0000000003230000, 0x0000000003bc0000, 0x0000000012230000]
 total_blobs=3386 nmethods=2720 adapters=579
 compilation: enabled

Compilation events (10 events):
Event: 9.276 Thread 0x000000001593a800 2774       2       sun.misc.URLClassPath$3::run (93 bytes)
Event: 9.276 Thread 0x000000001593a800 nmethod 2774 0x0000000003bbbd10 code [0x0000000003bbbec0, 0x0000000003bbc2b8]
Event: 9.276 Thread 0x000000001593a800 2775       2       sun.misc.URLClassPath$Loader::<init> (10 bytes)
Event: 9.277 Thread 0x000000001593a800 nmethod 2775 0x0000000003bbc550 code [0x0000000003bbc6a0, 0x0000000003bbc810]
Event: 9.277 Thread 0x000000001593a800 2776   !   2       sun.misc.MetaIndex::getJarMap (61 bytes)
Event: 9.277 Thread 0x000000001593a800 nmethod 2776 0x0000000003bbc890 code [0x0000000003bbca00, 0x0000000003bbcd90]
Event: 9.277 Thread 0x000000001593a800 2777       2       sun.misc.MetaIndex::forJar (13 bytes)
Event: 9.277 Thread 0x000000001593a800 nmethod 2777 0x0000000003bbce90 code [0x0000000003bbd000, 0x0000000003bbd1b8]
Event: 9.280 Thread 0x000000001593a800 2778  s    2       java.util.Stack::peek (25 bytes)
Event: 9.281 Thread 0x000000001593a800 nmethod 2778 0x0000000003bbd290 code [0x0000000003bbd420, 0x0000000003bbd8f8]

GC Heap History (10 events):
Event: 2.862 GC heap before
{Heap before GC invocations=2 (full 0):
 PSYoungGen      total 38400K, used 37269K [0x00000000eab00000, 0x00000000ed580000, 0x0000000100000000)
  eden space 33280K, 100% used [0x00000000eab00000,0x00000000ecb80000,0x00000000ecb80000)
  from space 5120K, 77% used [0x00000000ecb80000,0x00000000ecf65770,0x00000000ed080000)
  to   space 5120K, 0% used [0x00000000ed080000,0x00000000ed080000,0x00000000ed580000)
 ParOldGen       total 87552K, used 8K [0x00000000c0000000, 0x00000000c5580000, 0x00000000eab00000)
  object space 87552K, 0% used [0x00000000c0000000,0x00000000c0002000,0x00000000c5580000)
 Metaspace       used 12202K, capacity 12560K, committed 12800K, reserved 1060864K
  class space    used 1620K, capacity 1770K, committed 1792K, reserved 1048576K
Event: 2.871 GC heap after
Heap after GC invocations=2 (full 0):
 PSYoungGen      total 38400K, used 5101K [0x00000000eab00000, 0x00000000ed580000, 0x0000000100000000)
  eden space 33280K, 0% used [0x00000000eab00000,0x00000000eab00000,0x00000000ecb80000)
  from space 5120K, 99% used [0x00000000ed080000,0x00000000ed57b410,0x00000000ed580000)
  to   space 5120K, 0% used [0x00000000ecb80000,0x00000000ecb80000,0x00000000ed080000)
 ParOldGen       total 87552K, used 840K [0x00000000c0000000, 0x00000000c5580000, 0x00000000eab00000)
  object space 87552K, 0% used [0x00000000c0000000,0x00000000c00d21b0,0x00000000c5580000)
 Metaspace       used 12202K, capacity 12560K, committed 12800K, reserved 1060864K
  class space    used 1620K, capacity 1770K, committed 1792K, reserved 1048576K
}
Event: 3.835 GC heap before
{Heap before GC invocations=3 (full 0):
 PSYoungGen      total 38400K, used 38381K [0x00000000eab00000, 0x00000000ed580000, 0x0000000100000000)
  eden space 33280K, 100% used [0x00000000eab00000,0x00000000ecb80000,0x00000000ecb80000)
  from space 5120K, 99% used [0x00000000ed080000,0x00000000ed57b410,0x00000000ed580000)
  to   space 5120K, 0% used [0x00000000ecb80000,0x00000000ecb80000,0x00000000ed080000)
 ParOldGen       total 87552K, used 840K [0x00000000c0000000, 0x00000000c5580000, 0x00000000eab00000)
  object space 87552K, 0% used [0x00000000c0000000,0x00000000c00d21b0,0x00000000c5580000)
 Metaspace       used 15433K, capacity 15794K, committed 16000K, reserved 1062912K
  class space    used 2177K, capacity 2315K, committed 2432K, reserved 1048576K
Event: 3.868 GC heap after
Heap after GC invocations=3 (full 0):
 PSYoungGen      total 38400K, used 5113K [0x00000000eab00000, 0x00000000ef600000, 0x0000000100000000)
  eden space 33280K, 0% used [0x00000000eab00000,0x00000000eab00000,0x00000000ecb80000)
  from space 5120K, 99% used [0x00000000ecb80000,0x00000000ed07e5d8,0x00000000ed080000)
  to   space 5120K, 0% used [0x00000000ef100000,0x00000000ef100000,0x00000000ef600000)
 ParOldGen       total 87552K, used 3620K [0x00000000c0000000, 0x00000000c5580000, 0x00000000eab00000)
  object space 87552K, 4% used [0x00000000c0000000,0x00000000c03891a8,0x00000000c5580000)
 Metaspace       used 15433K, capacity 15794K, committed 16000K, reserved 1062912K
  class space    used 2177K, capacity 2315K, committed 2432K, reserved 1048576K
}
Event: 6.773 GC heap before
{Heap before GC invocations=4 (full 0):
 PSYoungGen      total 38400K, used 35359K [0x00000000eab00000, 0x00000000ef600000, 0x0000000100000000)
  eden space 33280K, 90% used [0x00000000eab00000,0x00000000ec8898a8,0x00000000ecb80000)
  from space 5120K, 99% used [0x00000000ecb80000,0x00000000ed07e5d8,0x00000000ed080000)
  to   space 5120K, 0% used [0x00000000ef100000,0x00000000ef100000,0x00000000ef600000)
 ParOldGen       total 87552K, used 3620K [0x00000000c0000000, 0x00000000c5580000, 0x00000000eab00000)
  object space 87552K, 4% used [0x00000000c0000000,0x00000000c03891a8,0x00000000c5580000)
 Metaspace       used 20744K, capacity 21178K, committed 21248K, reserved 1067008K
  class space    used 2857K, capacity 3035K, committed 3072K, reserved 1048576K
Event: 6.790 GC heap after
Heap after GC invocations=4 (full 0):
 PSYoungGen      total 71680K, used 5088K [0x00000000eab00000, 0x00000000ef600000, 0x0000000100000000)
  eden space 66560K, 0% used [0x00000000eab00000,0x00000000eab00000,0x00000000eec00000)
  from space 5120K, 99% used [0x00000000ef100000,0x00000000ef5f8030,0x00000000ef600000)
  to   space 5120K, 0% used [0x00000000eec00000,0x00000000eec00000,0x00000000ef100000)
 ParOldGen       total 87552K, used 7838K [0x00000000c0000000, 0x00000000c5580000, 0x00000000eab00000)
  object space 87552K, 8% used [0x00000000c0000000,0x00000000c07a78c0,0x00000000c5580000)
 Metaspace       used 20744K, capacity 21178K, committed 21248K, reserved 1067008K
  class space    used 2857K, capacity 3035K, committed 3072K, reserved 1048576K
}
Event: 6.790 GC heap before
{Heap before GC invocations=5 (full 1):
 PSYoungGen      total 71680K, used 5088K [0x00000000eab00000, 0x00000000ef600000, 0x0000000100000000)
  eden space 66560K, 0% used [0x00000000eab00000,0x00000000eab00000,0x00000000eec00000)
  from space 5120K, 99% used [0x00000000ef100000,0x00000000ef5f8030,0x00000000ef600000)
  to   space 5120K, 0% used [0x00000000eec00000,0x00000000eec00000,0x00000000ef100000)
 ParOldGen       total 87552K, used 7838K [0x00000000c0000000, 0x00000000c5580000, 0x00000000eab00000)
  object space 87552K, 8% used [0x00000000c0000000,0x00000000c07a78c0,0x00000000c5580000)
 Metaspace       used 20744K, capacity 21178K, committed 21248K, reserved 1067008K
  class space    used 2857K, capacity 3035K, committed 3072K, reserved 1048576K
Event: 6.863 GC heap after
Heap after GC invocations=5 (full 1):
 PSYoungGen      total 71680K, used 0K [0x00000000eab00000, 0x00000000ef600000, 0x0000000100000000)
  eden space 66560K, 0% used [0x00000000eab00000,0x00000000eab00000,0x00000000eec00000)
  from space 5120K, 0% used [0x00000000ef100000,0x00000000ef100000,0x00000000ef600000)
  to   space 5120K, 0% used [0x00000000eec00000,0x00000000eec00000,0x00000000ef100000)
 ParOldGen       total 62976K, used 9113K [0x00000000c0000000, 0x00000000c3d80000, 0x00000000eab00000)
  object space 62976K, 14% used [0x00000000c0000000,0x00000000c08e67b0,0x00000000c3d80000)
 Metaspace       used 20744K, capacity 21178K, committed 21248K, reserved 1067008K
  class space    used 2857K, capacity 3035K, committed 3072K, reserved 1048576K
}
Event: 8.087 GC heap before
{Heap before GC invocations=6 (full 1):
 PSYoungGen      total 71680K, used 66560K [0x00000000eab00000, 0x00000000ef600000, 0x0000000100000000)
  eden space 66560K, 100% used [0x00000000eab00000,0x00000000eec00000,0x00000000eec00000)
  from space 5120K, 0% used [0x00000000ef100000,0x00000000ef100000,0x00000000ef600000)
  to   space 5120K, 0% used [0x00000000eec00000,0x00000000eec00000,0x00000000ef100000)
 ParOldGen       total 62976K, used 9113K [0x00000000c0000000, 0x00000000c3d80000, 0x00000000eab00000)
  object space 62976K, 14% used [0x00000000c0000000,0x00000000c08e67b0,0x00000000c3d80000)
 Metaspace       used 26080K, capacity 26608K, committed 26880K, reserved 1073152K
  class space    used 3563K, capacity 3755K, committed 3840K, reserved 1048576K
Event: 8.102 GC heap after
Heap after GC invocations=6 (full 1):
 PSYoungGen      total 71680K, used 5101K [0x00000000eab00000, 0x00000000f2300000, 0x0000000100000000)
  eden space 66560K, 0% used [0x00000000eab00000,0x00000000eab00000,0x00000000eec00000)
  from space 5120K, 99% used [0x00000000eec00000,0x00000000ef0fb7b8,0x00000000ef100000)
  to   space 10240K, 0% used [0x00000000f1900000,0x00000000f1900000,0x00000000f2300000)
 ParOldGen       total 62976K, used 10796K [0x00000000c0000000, 0x00000000c3d80000, 0x00000000eab00000)
  object space 62976K, 17% used [0x00000000c0000000,0x00000000c0a8b1f8,0x00000000c3d80000)
 Metaspace       used 26080K, capacity 26608K, committed 26880K, reserved 1073152K
  class space    used 3563K, capacity 3755K, committed 3840K, reserved 1048576K
}

Deoptimization events (10 events):
Event: 7.502 Thread 0x000000001835a000 Uncommon trap: reason=class_check action=maybe_recompile pc=0x00000000037cc400 method=java.lang.reflect.Method.equals(Ljava/lang/Object;)Z @ 5
Event: 7.502 Thread 0x000000001835a000 Uncommon trap: reason=class_check action=maybe_recompile pc=0x00000000037cc400 method=java.lang.reflect.Method.equals(Ljava/lang/Object;)Z @ 5
Event: 7.696 Thread 0x000000001835a000 Uncommon trap: reason=class_check action=maybe_recompile pc=0x0000000003410710 method=sun.misc.URLClassPath.getLoader(I)Lsun/misc/URLClassPath$Loader; @ 94
Event: 7.712 Thread 0x000000001835a000 Uncommon trap: reason=class_check action=maybe_recompile pc=0x000000000340a994 method=sun.misc.URLClassPath.getLoader(I)Lsun/misc/URLClassPath$Loader; @ 239
Event: 7.861 Thread 0x000000001835a000 Uncommon trap: reason=unstable_if action=reinterpret pc=0x00000000034a92cc method=java.io.WinNTFileSystem.resolve(Ljava/lang/String;Ljava/lang/String;)Ljava/lang/String; @ 49
Event: 8.504 Thread 0x000000001835a000 Uncommon trap: reason=unstable_if action=reinterpret pc=0x00000000039dd0a0 method=java.net.URI.match(CJJ)Z @ 45
Event: 9.009 Thread 0x0000000018df2800 Uncommon trap: reason=unstable_if action=reinterpret pc=0x00000000037cf8a4 method=java.util.concurrent.ConcurrentHashMap.addCount(JI)V @ 168
Event: 9.010 Thread 0x0000000018df2800 Uncommon trap: reason=unstable_if action=reinterpret pc=0x00000000039bbb9c method=java.util.concurrent.ConcurrentHashMap.transfer([Ljava/util/concurrent/ConcurrentHashMap$Node;[Ljava/util/concurrent/ConcurrentHashMap$Node;)V @ 34
Event: 9.021 Thread 0x0000000018df4000 Uncommon trap: reason=unstable_if action=reinterpret pc=0x00000000037cd514 method=java.util.concurrent.ConcurrentHashMap.addCount(JI)V @ 168
Event: 9.023 Thread 0x0000000018df3000 Uncommon trap: reason=unstable_if action=reinterpret pc=0x0000000003987038 method=java.util.concurrent.ConcurrentHashMap.get(Ljava/lang/Object;)Ljava/lang/Object; @ 86

Classes redefined (0 events):
No events

Internal exceptions (10 events):
Event: 8.395 Thread 0x000000001835a000 Exception <a 'java/lang/ClassNotFoundException': org/gradle/api/internal/artifacts/dsl/dependencies/DefaultDependencyHandler_DecoratedBeanInfo> (0x00000000eb6b1e98) thrown at [C:\src\AOSP-openjdk-git\hotspot\src\share\vm\classfile\systemDictionary.cpp, li
Event: 8.397 Thread 0x000000001835a000 Exception <a 'java/lang/ClassNotFoundException': org/gradle/api/internal/artifacts/dsl/dependencies/DefaultDependencyHandlerBeanInfo> (0x00000000eb6f47a8) thrown at [C:\src\AOSP-openjdk-git\hotspot\src\share\vm\classfile\systemDictionary.cpp, line 210]
Event: 8.399 Thread 0x000000001835a000 Exception <a 'java/lang/ClassNotFoundException': org/gradle/api/internal/artifacts/dsl/dependencies/DefaultDependencyHandlerCustomizer> (0x00000000eb737cc8) thrown at [C:\src\AOSP-openjdk-git\hotspot\src\share\vm\classfile\systemDictionary.cpp, line 210]
Event: 8.402 Thread 0x000000001835a000 Exception <a 'java/lang/ClassNotFoundException': org/gradle/api/internal/artifacts/dsl/dependencies/DefaultDependencyHandler_DecoratedCustomizer> (0x00000000eb79e9f8) thrown at [C:\src\AOSP-openjdk-git\hotspot\src\share\vm\classfile\systemDictionary.cpp, 
Event: 9.229 Thread 0x000000001835a000 Exception <a 'java/lang/ClassNotFoundException': build_7fowcskt7q606dja2r69al9eoBeanInfo> (0x00000000eda04828) thrown at [C:\src\AOSP-openjdk-git\hotspot\src\share\vm\classfile\systemDictionary.cpp, line 210]
Event: 9.229 Thread 0x000000001835a000 Exception <a 'java/lang/ClassNotFoundException': build_7fowcskt7q606dja2r69al9eoCustomizer> (0x00000000eda0e1f0) thrown at [C:\src\AOSP-openjdk-git\hotspot\src\share\vm\classfile\systemDictionary.cpp, line 210]
Event: 9.266 Thread 0x000000001835a000 Exception <a 'java/security/PrivilegedActionException'> (0x00000000edb0c8d8) thrown at [C:\src\AOSP-openjdk-git\hotspot\src\share\vm\prims\jvm.cpp, line 1502]
Event: 9.266 Thread 0x000000001835a000 Exception <a 'java/security/PrivilegedActionException'> (0x00000000edb0d288) thrown at [C:\src\AOSP-openjdk-git\hotspot\src\share\vm\prims\jvm.cpp, line 1502]
Event: 9.273 Thread 0x000000001835a000 Exception <a 'java/security/PrivilegedActionException'> (0x00000000edb57d58) thrown at [C:\src\AOSP-openjdk-git\hotspot\src\share\vm\prims\jvm.cpp, line 1502]
Event: 9.273 Thread 0x000000001835a000 Exception <a 'java/security/PrivilegedActionException'> (0x00000000edb58708) thrown at [C:\src\AOSP-openjdk-git\hotspot\src\share\vm\prims\jvm.cpp, line 1502]

Events (10 events):
Event: 9.243 loading class org/gradle/api/internal/project/DefaultProject_DecoratedBeanInfo
Event: 9.243 loading class org/gradle/api/internal/project/DefaultProject_DecoratedBeanInfo done
Event: 9.243 loading class org/gradle/api/internal/project/DefaultProject_DecoratedBeanInfo
Event: 9.243 loading class org/gradle/api/internal/project/DefaultProject_DecoratedBeanInfo done
Event: 9.244 loading class org/gradle/api/internal/project/DefaultProject_DecoratedBeanInfo
Event: 9.244 loading class org/gradle/api/internal/project/DefaultProject_DecoratedBeanInfo done
Event: 9.250 Thread 0x000000001835a000 DEOPT PACKING pc=0x00000000036aa29c sp=0x000000001aea8360
Event: 9.250 Thread 0x000000001835a000 DEOPT UNPACKING pc=0x00000000032775d0 sp=0x000000001aea81d8 mode 0
Event: 9.271 Thread 0x000000001835a000 DEOPT PACKING pc=0x00000000036aa29c sp=0x000000001aea7590
Event: 9.271 Thread 0x000000001835a000 DEOPT UNPACKING pc=0x00000000032775d0 sp=0x000000001aea7408 mode 0


Dynamic libraries:
0x00007ff757240000 - 0x00007ff757271000 	C:\Program Files\Android\Android Studio\jre\bin\java.exe
0x00007ffd1e7f0000 - 0x00007ffd1e9e6000 	C:\WINDOWS\SYSTEM32\ntdll.dll
0x00007ffd1d440000 - 0x00007ffd1d4fd000 	C:\WINDOWS\System32\KERNEL32.DLL
0x00007ffd1c490000 - 0x00007ffd1c758000 	C:\WINDOWS\System32\KERNELBASE.dll
0x00007ffd1df20000 - 0x00007ffd1dfca000 	C:\WINDOWS\System32\ADVAPI32.dll
0x00007ffd1d840000 - 0x00007ffd1d8de000 	C:\WINDOWS\System32\msvcrt.dll
0x00007ffd1d670000 - 0x00007ffd1d70b000 	C:\WINDOWS\System32\sechost.dll
0x00007ffd1d710000 - 0x00007ffd1d834000 	C:\WINDOWS\System32\RPCRT4.dll
0x00007ffd1d8e0000 - 0x00007ffd1da80000 	C:\WINDOWS\System32\USER32.dll
0x00007ffd1c120000 - 0x00007ffd1c142000 	C:\WINDOWS\System32\win32u.dll
0x00007ffd1d390000 - 0x00007ffd1d3ba000 	C:\WINDOWS\System32\GDI32.dll
0x00007ffd1c7e0000 - 0x00007ffd1c8e9000 	C:\WINDOWS\System32\gdi32full.dll
0x00007ffd1c150000 - 0x00007ffd1c1ed000 	C:\WINDOWS\System32\msvcp_win.dll
0x00007ffd1c020000 - 0x00007ffd1c120000 	C:\WINDOWS\System32\ucrtbase.dll
0x00007ffd12090000 - 0x00007ffd1232b000 	C:\WINDOWS\WinSxS\amd64_microsoft.windows.common-controls_6595b64144ccf1df_6.0.19041.488_none_ca04af081b815d21\COMCTL32.dll
0x00007ffd1d500000 - 0x00007ffd1d530000 	C:\WINDOWS\System32\IMM32.DLL
0x000000005b7b0000 - 0x000000005b882000 	C:\Program Files\Android\Android Studio\jre\jre\bin\msvcr100.dll
0x000000005b890000 - 0x000000005c0db000 	C:\Program Files\Android\Android Studio\jre\jre\bin\server\jvm.dll
0x00007ffd1e6a0000 - 0x00007ffd1e6a8000 	C:\WINDOWS\System32\PSAPI.DLL
0x00007ffd13540000 - 0x00007ffd13567000 	C:\WINDOWS\SYSTEM32\WINMM.dll
0x00007ffd1acd0000 - 0x00007ffd1acda000 	C:\WINDOWS\SYSTEM32\VERSION.dll
0x00007ffd07190000 - 0x00007ffd07199000 	C:\WINDOWS\SYSTEM32\WSOCK32.dll
0x00007ffd1e740000 - 0x00007ffd1e7ab000 	C:\WINDOWS\System32\WS2_32.dll
0x00007ffd12de0000 - 0x00007ffd12def000 	C:\Program Files\Android\Android Studio\jre\jre\bin\verify.dll
0x00007ffd07220000 - 0x00007ffd07249000 	C:\Program Files\Android\Android Studio\jre\jre\bin\java.dll
0x00007ffd00370000 - 0x00007ffd00386000 	C:\Program Files\Android\Android Studio\jre\jre\bin\zip.dll
0x00007ffd1c8f0000 - 0x00007ffd1d030000 	C:\WINDOWS\System32\SHELL32.dll
0x00007ffd1a010000 - 0x00007ffd1a7a4000 	C:\WINDOWS\SYSTEM32\windows.storage.dll
0x00007ffd1d030000 - 0x00007ffd1d385000 	C:\WINDOWS\System32\combase.dll
0x00007ffd1b970000 - 0x00007ffd1b99c000 	C:\WINDOWS\SYSTEM32\Wldp.dll
0x00007ffd1e180000 - 0x00007ffd1e22e000 	C:\WINDOWS\System32\SHCORE.dll
0x00007ffd1dec0000 - 0x00007ffd1df15000 	C:\WINDOWS\System32\shlwapi.dll
0x00007ffd1bf00000 - 0x00007ffd1bf26000 	C:\WINDOWS\SYSTEM32\profapi.dll
0x00007ffd00350000 - 0x00007ffd0036a000 	C:\Program Files\Android\Android Studio\jre\jre\bin\net.dll
0x00007ffd1b6f0000 - 0x00007ffd1b75a000 	C:\WINDOWS\system32\mswsock.dll
0x00007ffd00240000 - 0x00007ffd00253000 	C:\Program Files\Android\Android Studio\jre\jre\bin\nio.dll
0x00007ffd11dd0000 - 0x00007ffd11dee000 	C:\Users\selva\.gradle\native\25\windows-amd64\native-platform.dll
0x00007ffd123e0000 - 0x00007ffd123ed000 	C:\Program Files\Android\Android Studio\jre\jre\bin\management.dll
0x00007ffd1b8d0000 - 0x00007ffd1b8e8000 	C:\WINDOWS\SYSTEM32\CRYPTSP.dll
0x00007ffd1b080000 - 0x00007ffd1b0b4000 	C:\WINDOWS\system32\rsaenh.dll
0x00007ffd1c1f0000 - 0x00007ffd1c217000 	C:\WINDOWS\System32\bcrypt.dll
0x00007ffd1be10000 - 0x00007ffd1be3e000 	C:\WINDOWS\SYSTEM32\USERENV.dll
0x00007ffd1c760000 - 0x00007ffd1c7df000 	C:\WINDOWS\System32\bcryptprimitives.dll
0x00007ffd1b8c0000 - 0x00007ffd1b8cc000 	C:\WINDOWS\SYSTEM32\CRYPTBASE.dll
0x00007ffd1b3e0000 - 0x00007ffd1b41b000 	C:\WINDOWS\SYSTEM32\IPHLPAPI.DLL
0x00007ffd1d530000 - 0x00007ffd1d539000 	C:\WINDOWS\System32\NSI.dll
0x00007ffd135b0000 - 0x00007ffd135c7000 	C:\WINDOWS\SYSTEM32\dhcpcsvc6.DLL
0x00007ffd13a20000 - 0x00007ffd13a3d000 	C:\WINDOWS\SYSTEM32\dhcpcsvc.DLL
0x00007ffd1b420000 - 0x00007ffd1b4eb000 	C:\WINDOWS\SYSTEM32\DNSAPI.dll

VM Arguments:
jvm_args: -XX:+HeapDumpOnOutOfMemoryError -Xmx1024m -Dfile.encoding=windows-1252 -Duser.country=IN -Duser.language=en -Duser.variant 
java_command: org.gradle.launcher.daemon.bootstrap.GradleDaemon 4.1
java_class_path (initial): C:\Users\selva\.gradle\wrapper\dists\gradle-4.1-all\bzyivzo6n839fup2jbap0tjew\gradle-4.1\lib\gradle-launcher-4.1.jar
Launcher Type: SUN_STANDARD

Environment Variables:
PATH=C:\Program Files (x86)\Common Files\Oracle\Java\javapath;C:\ProgramData\Oracle\Java\javapath;C:\Program Files (x86)\Intel\iCLS Client\;C:\Program Files\Intel\iCLS Client\;C:\windows\system32;C:\windows;C:\windows\System32\Wbem;C:\windows\System32\WindowsPowerShell\v1.0\;C:\Program Files\Intel\Intel(R) Management Engine Components\DAL;C:\Program Files (x86)\Intel\Intel(R) Management Engine Components\DAL;C:\Program Files\Intel\Intel(R) Management Engine Components\IPT;C:\Program Files (x86)\Intel\Intel(R) Management Engine Components\IPT;C:\adb;C:\Android;C:\Windows\System32;C:\Program Files\nodejs;C:\Users\selva\AppData\Roaming\npm;C:\Users\selva\AppData\Local\Programs\Python\Python37;C:\Users\selva\AppData\Local\Android\sdk\platform-tools;C:\Program Files\Intel\WiFi\bin\;C:\Program Files\Common Files\Intel\WirelessCommon\;C:\WINDOWS\system32;C:\WINDOWS;C:\WINDOWS\System32\Wbem;C:\WINDOWS\System32\WindowsPowerShell\v1.0\;C:\WINDOWS\System32\OpenSSH\;C:\Program Files\Git\cmd;C:\Users\selva\AppData\Roaming\npm;%USERPROFILE%\AppData\Local\Microsoft\WindowsApps;
USERNAME=selva
OS=Windows_NT
PROCESSOR_IDENTIFIER=Intel64 Family 6 Model 61 Stepping 4, GenuineIntel



---------------  S Y S T E M  ---------------

OS: Windows 10.0 , 64 bit Build 19041 (10.0.19041.546)

CPU:total 4 (initial active 4) (2 cores per cpu, 2 threads per core) family 6 model 61 stepping 4, cmov, cx8, fxsr, mmx, sse, sse2, sse3, ssse3, sse4.1, sse4.2, popcnt, avx, avx2, aes, clmul, erms, 3dnowpref, lzcnt, ht, tsc, tscinvbit, bmi1, bmi2, adx

Memory: 4k page, physical 8277100k(895276k free), swap 12471404k(5120k free)

vm_info: OpenJDK 64-Bit Server VM (25.242-b01) for windows-amd64 JRE (1.8.0_242-release-1644-b01), built by "builder" with MS VC++ 10.0 (VS2010)

time: Fri Oct 23 23:24:07 2020
timezone: India Standard Time
elapsed time: 9 seconds (0d 0h 0m 9s)

