#
# There is insufficient memory for the Java Runtime Environment to continue.
# Native memory allocation (malloc) failed to allocate 2231536 bytes for Chunk::new
# Possible reasons:
#   The system is out of physical RAM or swap space
#   The process is running with CompressedOops enabled, and the Java Heap may be blocking the growth of the native heap
# Possible solutions:
#   Reduce memory load on the system
#   Increase physical memory or swap space
#   Check if swap backing store is full
#   Decrease Java heap size (-Xmx/-Xms)
#   Decrease number of Java threads
#   Decrease Java thread stack sizes (-Xss)
#   Set larger code cache with -XX:ReservedCodeCacheSize=
#   JVM is running with Unscaled Compressed Oops mode in which the Java heap is
#     placed in the first 4GB address space. The Java Heap base address is the
#     maximum limit for the native heap growth. Please use -XX:HeapBaseMinAddress
#     to set the Java Heap base and to place the Java Heap above 4GB virtual address.
# This output file may be truncated or incomplete.
#
#  Out of Memory Error (allocation.cpp:389), pid=18220, tid=0x000000000000213c
#
# JRE version: OpenJDK Runtime Environment (8.0_242-b01) (build 1.8.0_242-release-1644-b01)
# Java VM: OpenJDK 64-Bit Server VM (25.242-b01 mixed mode windows-amd64 compressed oops)
# Failed to write core dump. Minidumps are not enabled by default on client versions of Windows
#

---------------  T H R E A D  ---------------

Current thread (0x0000000014e74800):  JavaThread "C2 CompilerThread0" daemon [_thread_in_native, id=8508, stack(0x00000000164e0000,0x00000000165e0000)]

Stack: [0x00000000164e0000,0x00000000165e0000]
[error occurred during error reporting (printing stack bounds), id 0xc0000005]

Native frames: (J=compiled Java code, j=interpreted, Vv=VM code, C=native code)


Current CompileTask:
C2:  18814 6772       4       org.gradle.model.internal.type.ModelType::wrap (219 bytes)


---------------  P R O C E S S  ---------------

Java Threads: ( => current thread )
  0x000000001c6fc000 JavaThread "Memory manager" [_thread_blocked, id=3840, stack(0x000000001f320000,0x000000001f420000)]
  0x000000001c6fa800 JavaThread "build operations Thread 4" [_thread_blocked, id=11140, stack(0x000000001ec20000,0x000000001ed20000)]
  0x000000001c6f5800 JavaThread "build operations Thread 3" [_thread_blocked, id=3444, stack(0x000000001eb20000,0x000000001ec20000)]
  0x000000001c6f6000 JavaThread "build operations Thread 2" [_thread_blocked, id=5576, stack(0x000000001ea20000,0x000000001eb20000)]
  0x000000001c6f8800 JavaThread "build operations" [_thread_blocked, id=18060, stack(0x000000001d4d0000,0x000000001d5d0000)]
  0x000000001c6f7800 JavaThread "Cache worker for Artifact transforms cache (C:\Users\selva\.gradle\caches\transforms-1)" [_thread_blocked, id=18332, stack(0x000000001e620000,0x000000001e720000)]
  0x0000000017815800 JavaThread "Cache worker for file hash cache (D:\Studioworkspace\Google play protect\.gradle\4.1\fileHashes)" [_thread_blocked, id=2908, stack(0x000000001aa30000,0x000000001ab30000)]
  0x0000000018745800 JavaThread "File lock request listener" [_thread_in_native, id=15716, stack(0x000000001a930000,0x000000001aa30000)]
  0x0000000018340800 JavaThread "Cache worker for file hash cache (C:\Users\selva\.gradle\caches\4.1\fileHashes)" [_thread_blocked, id=11480, stack(0x000000001a630000,0x000000001a730000)]
  0x00000000187e7000 JavaThread "Stdin handler" [_thread_blocked, id=9420, stack(0x000000001a530000,0x000000001a630000)]
  0x00000000187de000 JavaThread "Asynchronous log dispatcher for DefaultDaemonConnection: socket connection from /127.0.0.1:57364 to /127.0.0.1:57365" [_thread_blocked, id=6460, stack(0x000000001a430000,0x000000001a530000)]
  0x0000000017816800 JavaThread "Daemon worker" [_thread_in_Java, id=13984, stack(0x000000001a330000,0x000000001a430000)]
  0x0000000017820800 JavaThread "Cancel handler" [_thread_blocked, id=892, stack(0x000000001a230000,0x000000001a330000)]
  0x00000000178ce800 JavaThread "Handler for socket connection from /127.0.0.1:57364 to /127.0.0.1:57365" [_thread_in_native, id=2128, stack(0x0000000019f30000,0x000000001a030000)]
  0x00000000178cd800 JavaThread "Daemon" [_thread_blocked, id=17268, stack(0x0000000019e30000,0x0000000019f30000)]
  0x00000000178d9800 JavaThread "Daemon periodic checks" [_thread_blocked, id=17672, stack(0x0000000019d30000,0x0000000019e30000)]
  0x0000000018255800 JavaThread "Incoming local TCP Connector on port 57364" [_thread_in_native, id=14360, stack(0x00000000185b0000,0x00000000186b0000)]
  0x0000000016811800 JavaThread "Service Thread" daemon [_thread_blocked, id=14128, stack(0x0000000016be0000,0x0000000016ce0000)]
  0x0000000014e8a800 JavaThread "C1 CompilerThread2" daemon [_thread_blocked, id=6448, stack(0x00000000166e0000,0x00000000167e0000)]
  0x0000000014e7c000 JavaThread "C2 CompilerThread1" daemon [_thread_in_native, id=8684, stack(0x00000000165e0000,0x00000000166e0000)]
=>0x0000000014e74800 JavaThread "C2 CompilerThread0" daemon [_thread_in_native, id=8508, stack(0x00000000164e0000,0x00000000165e0000)]
  0x0000000014e72000 JavaThread "Attach Listener" daemon [_thread_blocked, id=14000, stack(0x00000000163e0000,0x00000000164e0000)]
  0x0000000014e76800 JavaThread "Signal Dispatcher" daemon [_thread_blocked, id=12488, stack(0x00000000162e0000,0x00000000163e0000)]
  0x000000000279d000 JavaThread "Finalizer" daemon [_thread_blocked, id=14520, stack(0x00000000160e0000,0x00000000161e0000)]
  0x0000000014e59000 JavaThread "Reference Handler" daemon [_thread_blocked, id=8640, stack(0x0000000015fe0000,0x00000000160e0000)]
  0x000000000269e000 JavaThread "main" [_thread_blocked, id=7864, stack(0x00000000024a0000,0x00000000025a0000)]

Other Threads:
  0x0000000014e37800 VMThread [stack: 0x0000000015ee0000,0x0000000015fe0000] [id=4832]
  0x0000000016822000 WatcherThread [stack: 0x0000000016ce0000,0x0000000016de0000] [id=13948]

VM state:not at safepoint (normal execution)

VM Mutex/Monitor currently owned by a thread:  ([mutex/lock_event])
[0x000000000269d4b0] SymbolTable_lock - owner thread: 0x0000000000000000

heap address: 0x00000000c0000000, size: 1024 MB, Compressed Oops mode: 32-bit
Narrow klass base: 0x0000000000000000, Narrow klass shift: 3
Compressed class space size: 1073741824 Address: 0x0000000100000000

Heap:
 PSYoungGen      total 156160K, used 94393K [0x00000000eab00000, 0x00000000f8c00000, 0x0000000100000000)
  eden space 139776K, 56% used [0x00000000eab00000,0x00000000ef7f21c8,0x00000000f3380000)
  from space 16384K, 95% used [0x00000000f3380000,0x00000000f42bc438,0x00000000f4380000)
  to   space 18432K, 0% used [0x00000000f7a00000,0x00000000f7a00000,0x00000000f8c00000)
 ParOldGen       total 84992K, used 19328K [0x00000000c0000000, 0x00000000c5300000, 0x00000000eab00000)
  object space 84992K, 22% used [0x00000000c0000000,0x00000000c12e0148,0x00000000c5300000)
 Metaspace       used 55257K, capacity 57202K, committed 57472K, reserved 1099776K
  class space    used 7527K, capacity 7995K, committed 8064K, reserved 1048576K

Card table byte_map: [0x0000000011b60000,0x0000000011d70000] byte_map_base: 0x0000000011560000

Marking Bits: (ParMarkBitMap*) 0x000000005c05f030
 Begin Bits: [0x00000000122d0000, 0x00000000132d0000)
 End Bits:   [0x00000000132d0000, 0x00000000142d0000)

Polling page: 0x0000000000c00000

CodeCache: size=245760Kb used=21462Kb max_used=21462Kb free=224297Kb
 bounds [0x00000000027a0000, 0x0000000003cb0000, 0x00000000117a0000]
 total_blobs=7014 nmethods=6258 adapters=669
 compilation: enabled

Compilation events (10 events):
Event: 18.786 Thread 0x0000000014e8a800 6810       3       org.gradle.tooling.internal.adapter.TypeInspector::visit (271 bytes)
Event: 18.787 Thread 0x0000000014e8a800 nmethod 6810 0x0000000003ca2210 code [0x0000000003ca2500, 0x0000000003ca3ba8]
Event: 18.795 Thread 0x0000000014e8a800 6811       3       java.lang.AbstractStringBuilder::append (62 bytes)
Event: 18.797 Thread 0x0000000014e8a800 nmethod 6811 0x0000000003ca4250 code [0x0000000003ca4440, 0x0000000003ca4d78]
Event: 18.799 Thread 0x0000000014e8a800 6812       1       groovy.lang.MetaClassImpl::isInitialized (5 bytes)
Event: 18.799 Thread 0x0000000014e8a800 nmethod 6812 0x0000000003ca5290 code [0x0000000003ca53e0, 0x0000000003ca54f0]
Event: 18.801 Thread 0x0000000014e8a800 6813       3       java.util.LinkedList$ListItr::previous (70 bytes)
Event: 18.801 Thread 0x0000000014e8a800 nmethod 6813 0x0000000003ca5550 code [0x0000000003ca5700, 0x0000000003ca5c98]
Event: 18.801 Thread 0x0000000014e8a800 6814       3       groovy.lang.MetaClassImpl$2::skipClass (17 bytes)
Event: 18.802 Thread 0x0000000014e8a800 nmethod 6814 0x0000000003ca5ed0 code [0x0000000003ca6020, 0x0000000003ca61d0]

GC Heap History (10 events):
Event: 11.013 GC heap before
{Heap before GC invocations=11 (full 2):
 PSYoungGen      total 84992K, used 9352K [0x00000000eab00000, 0x00000000f2d00000, 0x0000000100000000)
  eden space 71680K, 0% used [0x00000000eab00000,0x00000000eab00000,0x00000000ef100000)
  from space 13312K, 70% used [0x00000000ef100000,0x00000000efa222d0,0x00000000efe00000)
  to   space 13312K, 0% used [0x00000000f2000000,0x00000000f2000000,0x00000000f2d00000)
 ParOldGen       total 65024K, used 9487K [0x00000000c0000000, 0x00000000c3f80000, 0x00000000eab00000)
  object space 65024K, 14% used [0x00000000c0000000,0x00000000c0943f00,0x00000000c3f80000)
 Metaspace       used 34428K, capacity 35238K, committed 35416K, reserved 1079296K
  class space    used 4754K, capacity 5068K, committed 5120K, reserved 1048576K
Event: 11.130 GC heap after
Heap after GC invocations=11 (full 2):
 PSYoungGen      total 84992K, used 0K [0x00000000eab00000, 0x00000000f2d00000, 0x0000000100000000)
  eden space 71680K, 0% used [0x00000000eab00000,0x00000000eab00000,0x00000000ef100000)
  from space 13312K, 0% used [0x00000000ef100000,0x00000000ef100000,0x00000000efe00000)
  to   space 13312K, 0% used [0x00000000f2000000,0x00000000f2000000,0x00000000f2d00000)
 ParOldGen       total 84992K, used 15406K [0x00000000c0000000, 0x00000000c5300000, 0x00000000eab00000)
  object space 84992K, 18% used [0x00000000c0000000,0x00000000c0f0b938,0x00000000c5300000)
 Metaspace       used 34428K, capacity 35238K, committed 35416K, reserved 1079296K
  class space    used 4754K, capacity 5068K, committed 5120K, reserved 1048576K
}
Event: 12.910 GC heap before
{Heap before GC invocations=12 (full 2):
 PSYoungGen      total 84992K, used 71680K [0x00000000eab00000, 0x00000000f2d00000, 0x0000000100000000)
  eden space 71680K, 100% used [0x00000000eab00000,0x00000000ef100000,0x00000000ef100000)
  from space 13312K, 0% used [0x00000000ef100000,0x00000000ef100000,0x00000000efe00000)
  to   space 13312K, 0% used [0x00000000f2000000,0x00000000f2000000,0x00000000f2d00000)
 ParOldGen       total 84992K, used 15406K [0x00000000c0000000, 0x00000000c5300000, 0x00000000eab00000)
  object space 84992K, 18% used [0x00000000c0000000,0x00000000c0f0b938,0x00000000c5300000)
 Metaspace       used 39663K, capacity 40606K, committed 41088K, reserved 1085440K
  class space    used 5359K, capacity 5648K, committed 5760K, reserved 1048576K
Event: 12.922 GC heap after
Heap after GC invocations=12 (full 2):
 PSYoungGen      total 109056K, used 7309K [0x00000000eab00000, 0x00000000f2780000, 0x0000000100000000)
  eden space 101376K, 0% used [0x00000000eab00000,0x00000000eab00000,0x00000000f0e00000)
  from space 7680K, 95% used [0x00000000f2000000,0x00000000f2723588,0x00000000f2780000)
  to   space 12800K, 0% used [0x00000000f0e80000,0x00000000f0e80000,0x00000000f1b00000)
 ParOldGen       total 84992K, used 15414K [0x00000000c0000000, 0x00000000c5300000, 0x00000000eab00000)
  object space 84992K, 18% used [0x00000000c0000000,0x00000000c0f0d938,0x00000000c5300000)
 Metaspace       used 39663K, capacity 40606K, committed 41088K, reserved 1085440K
  class space    used 5359K, capacity 5648K, committed 5760K, reserved 1048576K
}
Event: 14.810 GC heap before
{Heap before GC invocations=13 (full 2):
 PSYoungGen      total 109056K, used 108685K [0x00000000eab00000, 0x00000000f2780000, 0x0000000100000000)
  eden space 101376K, 100% used [0x00000000eab00000,0x00000000f0e00000,0x00000000f0e00000)
  from space 7680K, 95% used [0x00000000f2000000,0x00000000f2723588,0x00000000f2780000)
  to   space 12800K, 0% used [0x00000000f0e80000,0x00000000f0e80000,0x00000000f1b00000)
 ParOldGen       total 84992K, used 15414K [0x00000000c0000000, 0x00000000c5300000, 0x00000000eab00000)
  object space 84992K, 18% used [0x00000000c0000000,0x00000000c0f0d938,0x00000000c5300000)
 Metaspace       used 46761K, capacity 47886K, committed 48256K, reserved 1091584K
  class space    used 6333K, capacity 6674K, committed 6784K, reserved 1048576K
Event: 14.842 GC heap after
Heap after GC invocations=13 (full 2):
 PSYoungGen      total 114688K, used 12796K [0x00000000eab00000, 0x00000000f5200000, 0x0000000100000000)
  eden space 101888K, 0% used [0x00000000eab00000,0x00000000eab00000,0x00000000f0e80000)
  from space 12800K, 99% used [0x00000000f0e80000,0x00000000f1aff028,0x00000000f1b00000)
  to   space 14848K, 0% used [0x00000000f4380000,0x00000000f4380000,0x00000000f5200000)
 ParOldGen       total 84992K, used 15966K [0x00000000c0000000, 0x00000000c5300000, 0x00000000eab00000)
  object space 84992K, 18% used [0x00000000c0000000,0x00000000c0f97ae0,0x00000000c5300000)
 Metaspace       used 46761K, capacity 47886K, committed 48256K, reserved 1091584K
  class space    used 6333K, capacity 6674K, committed 6784K, reserved 1048576K
}
Event: 15.547 GC heap before
{Heap before GC invocations=14 (full 2):
 PSYoungGen      total 114688K, used 114684K [0x00000000eab00000, 0x00000000f5200000, 0x0000000100000000)
  eden space 101888K, 100% used [0x00000000eab00000,0x00000000f0e80000,0x00000000f0e80000)
  from space 12800K, 99% used [0x00000000f0e80000,0x00000000f1aff028,0x00000000f1b00000)
  to   space 14848K, 0% used [0x00000000f4380000,0x00000000f4380000,0x00000000f5200000)
 ParOldGen       total 84992K, used 15966K [0x00000000c0000000, 0x00000000c5300000, 0x00000000eab00000)
  object space 84992K, 18% used [0x00000000c0000000,0x00000000c0f97ae0,0x00000000c5300000)
 Metaspace       used 47199K, capacity 48348K, committed 48512K, reserved 1091584K
  class space    used 6351K, capacity 6715K, committed 6784K, reserved 1048576K
Event: 15.566 GC heap after
Heap after GC invocations=14 (full 2):
 PSYoungGen      total 154624K, used 14209K [0x00000000eab00000, 0x00000000f5580000, 0x0000000100000000)
  eden space 139776K, 0% used [0x00000000eab00000,0x00000000eab00000,0x00000000f3380000)
  from space 14848K, 95% used [0x00000000f4380000,0x00000000f5160488,0x00000000f5200000)
  to   space 16384K, 0% used [0x00000000f3380000,0x00000000f3380000,0x00000000f4380000)
 ParOldGen       total 84992K, used 16038K [0x00000000c0000000, 0x00000000c5300000, 0x00000000eab00000)
  object space 84992K, 18% used [0x00000000c0000000,0x00000000c0fa9af0,0x00000000c5300000)
 Metaspace       used 47199K, capacity 48348K, committed 48512K, reserved 1091584K
  class space    used 6351K, capacity 6715K, committed 6784K, reserved 1048576K
}
Event: 17.038 GC heap before
{Heap before GC invocations=15 (full 2):
 PSYoungGen      total 154624K, used 153985K [0x00000000eab00000, 0x00000000f5580000, 0x0000000100000000)
  eden space 139776K, 100% used [0x00000000eab00000,0x00000000f3380000,0x00000000f3380000)
  from space 14848K, 95% used [0x00000000f4380000,0x00000000f5160488,0x00000000f5200000)
  to   space 16384K, 0% used [0x00000000f3380000,0x00000000f3380000,0x00000000f4380000)
 ParOldGen       total 84992K, used 16038K [0x00000000c0000000, 0x00000000c5300000, 0x00000000eab00000)
  object space 84992K, 18% used [0x00000000c0000000,0x00000000c0fa9af0,0x00000000c5300000)
 Metaspace       used 50654K, capacity 52362K, committed 52480K, reserved 1093632K
  class space    used 6852K, capacity 7323K, committed 7424K, reserved 1048576K
Event: 17.072 GC heap after
Heap after GC invocations=15 (full 2):
 PSYoungGen      total 156160K, used 15601K [0x00000000eab00000, 0x00000000f8c00000, 0x0000000100000000)
  eden space 139776K, 0% used [0x00000000eab00000,0x00000000eab00000,0x00000000f3380000)
  from space 16384K, 95% used [0x00000000f3380000,0x00000000f42bc438,0x00000000f4380000)
  to   space 18432K, 0% used [0x00000000f7a00000,0x00000000f7a00000,0x00000000f8c00000)
 ParOldGen       total 84992K, used 19328K [0x00000000c0000000, 0x00000000c5300000, 0x00000000eab00000)
  object space 84992K, 22% used [0x00000000c0000000,0x00000000c12e0148,0x00000000c5300000)
 Metaspace       used 50654K, capacity 52362K, committed 52480K, reserved 1093632K
  class space    used 6852K, capacity 7323K, committed 7424K, reserved 1048576K
}

Deoptimization events (10 events):
Event: 17.649 Thread 0x0000000017816800 Uncommon trap: reason=unstable_if action=reinterpret pc=0x0000000002fc67f4 method=java.lang.String.lastIndexOf([CII[CIII)I @ 118
Event: 17.863 Thread 0x0000000017816800 Uncommon trap: reason=class_check action=maybe_recompile pc=0x0000000002b8d1ac method=org.gradle.internal.logging.text.AbstractLineChoppingStyledTextOutput$StateContext.flushLineText()V @ 110
Event: 17.863 Thread 0x0000000017816800 Uncommon trap: reason=class_check action=maybe_recompile pc=0x0000000002b8d1ac method=org.gradle.internal.logging.text.AbstractLineChoppingStyledTextOutput$StateContext.flushLineText()V @ 110
Event: 17.879 Thread 0x0000000017816800 Uncommon trap: reason=class_check action=maybe_recompile pc=0x0000000002f1c70c method=org.gradle.model.internal.type.ModelType.wrap(Ljava/lang/reflect/Type;)Lorg/gradle/model/internal/type/TypeWrapper; @ 33
Event: 17.880 Thread 0x0000000017816800 Uncommon trap: reason=class_check action=maybe_recompile pc=0x0000000002f1c894 method=org.gradle.model.internal.type.ModelType.wrap(Ljava/lang/reflect/Type;)Lorg/gradle/model/internal/type/TypeWrapper; @ 83
Event: 17.881 Thread 0x0000000017816800 Uncommon trap: reason=class_check action=maybe_recompile pc=0x0000000002f1c70c method=org.gradle.model.internal.type.ModelType.wrap(Ljava/lang/reflect/Type;)Lorg/gradle/model/internal/type/TypeWrapper; @ 33
Event: 17.881 Thread 0x0000000017816800 Uncommon trap: reason=class_check action=maybe_recompile pc=0x0000000002f1c894 method=org.gradle.model.internal.type.ModelType.wrap(Ljava/lang/reflect/Type;)Lorg/gradle/model/internal/type/TypeWrapper; @ 83
Event: 18.034 Thread 0x0000000017816800 Uncommon trap: reason=unstable_if action=reinterpret pc=0x00000000030ce040 method=java.lang.reflect.AccessibleObject.setAccessible0(Ljava/lang/reflect/AccessibleObject;Z)V @ 23
Event: 18.478 Thread 0x0000000017816800 Uncommon trap: reason=unstable_if action=reinterpret pc=0x00000000030e1064 method=java.lang.AbstractStringBuilder.append(I)Ljava/lang/AbstractStringBuilder; @ 16
Event: 18.478 Thread 0x0000000017816800 Uncommon trap: reason=unstable_if action=reinterpret pc=0x00000000030a2880 method=java.lang.Integer.getChars(II[C)V @ 7

Classes redefined (0 events):
No events

Internal exceptions (10 events):
Event: 18.044 Thread 0x0000000017816800 Exception <a 'java/lang/ClassNotFoundException': org/jetbrains/plugins/gradle/model/scala/ScalaModelBeanInfo> (0x00000000ed6d9360) thrown at [C:\src\AOSP-openjdk-git\hotspot\src\share\vm\classfile\systemDictionary.cpp, line 210]
Event: 18.045 Thread 0x0000000017816800 Exception <a 'java/lang/ClassNotFoundException': org/jetbrains/plugins/gradle/model/scala/ScalaModelCustomizer> (0x00000000ed6e8070) thrown at [C:\src\AOSP-openjdk-git\hotspot\src\share\vm\classfile\systemDictionary.cpp, line 210]
Event: 18.716 Thread 0x0000000017816800 Exception <a 'java/lang/NoSuchMethodError': <clinit>> (0x00000000ef3ad490) thrown at [C:\src\AOSP-openjdk-git\hotspot\src\share\vm\prims\jni.cpp, line 1615]
Event: 18.788 Thread 0x0000000017816800 Exception <a 'java/lang/NoSuchMethodError': <clinit>> (0x00000000ef472430) thrown at [C:\src\AOSP-openjdk-git\hotspot\src\share\vm\prims\jni.cpp, line 1615]
Event: 18.796 Thread 0x0000000017816800 Exception <a 'java/lang/ClassNotFoundException': org/jetbrains/plugins/gradle/tooling/util/SourceSetCachedFinder$1BeanInfo> (0x00000000ef4c3368) thrown at [C:\src\AOSP-openjdk-git\hotspot\src\share\vm\classfile\systemDictionary.cpp, line 210]
Event: 18.797 Thread 0x0000000017816800 Exception <a 'java/lang/ClassNotFoundException': org/jetbrains/plugins/gradle/tooling/util/SourceSetCachedFinder$1Customizer> (0x00000000ef4d3768) thrown at [C:\src\AOSP-openjdk-git\hotspot\src\share\vm\classfile\systemDictionary.cpp, line 210]
Event: 18.799 Thread 0x0000000017816800 Exception <a 'java/lang/ClassNotFoundException': org/jetbrains/plugins/gradle/tooling/util/SourceSetCachedFinder$2BeanInfo> (0x00000000ef512ad8) thrown at [C:\src\AOSP-openjdk-git\hotspot\src\share\vm\classfile\systemDictionary.cpp, line 210]
Event: 18.800 Thread 0x0000000017816800 Exception <a 'java/lang/ClassNotFoundException': org/jetbrains/plugins/gradle/tooling/util/SourceSetCachedFinder$2Customizer> (0x00000000ef522ed8) thrown at [C:\src\AOSP-openjdk-git\hotspot\src\share\vm\classfile\systemDictionary.cpp, line 210]
Event: 18.802 Thread 0x0000000017816800 Exception <a 'java/lang/ClassNotFoundException': org/jetbrains/plugins/gradle/tooling/util/SourceSetCachedFinderBeanInfo> (0x00000000ef55b030) thrown at [C:\src\AOSP-openjdk-git\hotspot\src\share\vm\classfile\systemDictionary.cpp, line 210]
Event: 18.802 Thread 0x0000000017816800 Exception <a 'java/lang/ClassNotFoundException': org/jetbrains/plugins/gradle/tooling/util/SourceSetCachedFinderCustomizer> (0x00000000ef56ac80) thrown at [C:\src\AOSP-openjdk-git\hotspot\src\share\vm\classfile\systemDictionary.cpp, line 210]

Events (10 events):
Event: 18.811 loading class org/jetbrains/plugins/gradle/model/ExternalDependency
Event: 18.811 loading class org/jetbrains/plugins/gradle/model/ExternalDependency done
Event: 18.812 loading class org/jetbrains/plugins/gradle/model/AbstractExternalDependency
Event: 18.812 loading class org/jetbrains/plugins/gradle/model/AbstractExternalDependency done
Event: 18.812 loading class org/jetbrains/plugins/gradle/model/DefaultFileCollectionDependency
Event: 18.812 loading class org/jetbrains/plugins/gradle/model/DefaultFileCollectionDependency done
Event: 18.813 loading class org/jetbrains/plugins/gradle/model/FileCollectionDependency
Event: 18.813 loading class org/jetbrains/plugins/gradle/model/FileCollectionDependency done
Event: 18.813 loading class org/gradle/api/artifacts/component/ModuleComponentIdentifier
Event: 18.813 loading class org/gradle/api/artifacts/component/ModuleComponentIdentifier done


Dynamic libraries:
0x00007ff757240000 - 0x00007ff757271000 	C:\Program Files\Android\Android Studio\jre\bin\java.exe
0x00007ffd1e7f0000 - 0x00007ffd1e9e6000 	C:\WINDOWS\SYSTEM32\ntdll.dll
0x00007ffd1d440000 - 0x00007ffd1d4fd000 	C:\WINDOWS\System32\KERNEL32.DLL
0x00007ffd1c490000 - 0x00007ffd1c758000 	C:\WINDOWS\System32\KERNELBASE.dll
0x00007ffd1df20000 - 0x00007ffd1dfca000 	C:\WINDOWS\System32\ADVAPI32.dll
0x00007ffd1d840000 - 0x00007ffd1d8de000 	C:\WINDOWS\System32\msvcrt.dll
0x00007ffd1d670000 - 0x00007ffd1d70b000 	C:\WINDOWS\System32\sechost.dll
0x00007ffd1d710000 - 0x00007ffd1d834000 	C:\WINDOWS\System32\RPCRT4.dll
0x00007ffd1d8e0000 - 0x00007ffd1da80000 	C:\WINDOWS\System32\USER32.dll
0x00007ffd1c120000 - 0x00007ffd1c142000 	C:\WINDOWS\System32\win32u.dll
0x00007ffd1d390000 - 0x00007ffd1d3ba000 	C:\WINDOWS\System32\GDI32.dll
0x00007ffd1c7e0000 - 0x00007ffd1c8e9000 	C:\WINDOWS\System32\gdi32full.dll
0x00007ffd1c150000 - 0x00007ffd1c1ed000 	C:\WINDOWS\System32\msvcp_win.dll
0x00007ffd1c020000 - 0x00007ffd1c120000 	C:\WINDOWS\System32\ucrtbase.dll
0x00007ffd12090000 - 0x00007ffd1232b000 	C:\WINDOWS\WinSxS\amd64_microsoft.windows.common-controls_6595b64144ccf1df_6.0.19041.488_none_ca04af081b815d21\COMCTL32.dll
0x00007ffd1d500000 - 0x00007ffd1d530000 	C:\WINDOWS\System32\IMM32.DLL
0x000000005b7b0000 - 0x000000005b882000 	C:\Program Files\Android\Android Studio\jre\jre\bin\msvcr100.dll
0x000000005b890000 - 0x000000005c0db000 	C:\Program Files\Android\Android Studio\jre\jre\bin\server\jvm.dll
0x00007ffd1e6a0000 - 0x00007ffd1e6a8000 	C:\WINDOWS\System32\PSAPI.DLL
0x00007ffd07190000 - 0x00007ffd07199000 	C:\WINDOWS\SYSTEM32\WSOCK32.dll
0x00007ffd13540000 - 0x00007ffd13567000 	C:\WINDOWS\SYSTEM32\WINMM.dll
0x00007ffd1e740000 - 0x00007ffd1e7ab000 	C:\WINDOWS\System32\WS2_32.dll
0x00007ffd1acd0000 - 0x00007ffd1acda000 	C:\WINDOWS\SYSTEM32\VERSION.dll
0x00007ffd12de0000 - 0x00007ffd12def000 	C:\Program Files\Android\Android Studio\jre\jre\bin\verify.dll
0x00007ffd07220000 - 0x00007ffd07249000 	C:\Program Files\Android\Android Studio\jre\jre\bin\java.dll
0x00007ffd00370000 - 0x00007ffd00386000 	C:\Program Files\Android\Android Studio\jre\jre\bin\zip.dll
0x00007ffd1c8f0000 - 0x00007ffd1d030000 	C:\WINDOWS\System32\SHELL32.dll
0x00007ffd1a010000 - 0x00007ffd1a7a4000 	C:\WINDOWS\SYSTEM32\windows.storage.dll
0x00007ffd1d030000 - 0x00007ffd1d385000 	C:\WINDOWS\System32\combase.dll
0x00007ffd1b970000 - 0x00007ffd1b99c000 	C:\WINDOWS\SYSTEM32\Wldp.dll
0x00007ffd1e180000 - 0x00007ffd1e22e000 	C:\WINDOWS\System32\SHCORE.dll
0x00007ffd1dec0000 - 0x00007ffd1df15000 	C:\WINDOWS\System32\shlwapi.dll
0x00007ffd1bf00000 - 0x00007ffd1bf26000 	C:\WINDOWS\SYSTEM32\profapi.dll
0x00007ffd00350000 - 0x00007ffd0036a000 	C:\Program Files\Android\Android Studio\jre\jre\bin\net.dll
0x00007ffd1b6f0000 - 0x00007ffd1b75a000 	C:\WINDOWS\system32\mswsock.dll
0x00007ffd00240000 - 0x00007ffd00253000 	C:\Program Files\Android\Android Studio\jre\jre\bin\nio.dll
0x00007ffd11dd0000 - 0x00007ffd11dee000 	C:\Users\selva\.gradle\native\25\windows-amd64\native-platform.dll
0x00007ffd123e0000 - 0x00007ffd123ed000 	C:\Program Files\Android\Android Studio\jre\jre\bin\management.dll
0x00007ffd1b8d0000 - 0x00007ffd1b8e8000 	C:\WINDOWS\SYSTEM32\CRYPTSP.dll
0x00007ffd1b080000 - 0x00007ffd1b0b4000 	C:\WINDOWS\system32\rsaenh.dll
0x00007ffd1c1f0000 - 0x00007ffd1c217000 	C:\WINDOWS\System32\bcrypt.dll
0x00007ffd1be10000 - 0x00007ffd1be3e000 	C:\WINDOWS\SYSTEM32\USERENV.dll
0x00007ffd1c760000 - 0x00007ffd1c7df000 	C:\WINDOWS\System32\bcryptprimitives.dll
0x00007ffd1b8c0000 - 0x00007ffd1b8cc000 	C:\WINDOWS\SYSTEM32\CRYPTBASE.dll
0x00007ffd1b3e0000 - 0x00007ffd1b41b000 	C:\WINDOWS\SYSTEM32\IPHLPAPI.DLL
0x00007ffd1d530000 - 0x00007ffd1d539000 	C:\WINDOWS\System32\NSI.dll
0x00007ffd135b0000 - 0x00007ffd135c7000 	C:\WINDOWS\SYSTEM32\dhcpcsvc6.DLL
0x00007ffd13a20000 - 0x00007ffd13a3d000 	C:\WINDOWS\SYSTEM32\dhcpcsvc.DLL
0x00007ffd1b420000 - 0x00007ffd1b4eb000 	C:\WINDOWS\SYSTEM32\DNSAPI.dll

VM Arguments:
jvm_args: -XX:+HeapDumpOnOutOfMemoryError -Xmx1024m -Dfile.encoding=windows-1252 -Duser.country=IN -Duser.language=en -Duser.variant 
java_command: org.gradle.launcher.daemon.bootstrap.GradleDaemon 4.1
java_class_path (initial): C:\Users\selva\.gradle\wrapper\dists\gradle-4.1-all\bzyivzo6n839fup2jbap0tjew\gradle-4.1\lib\gradle-launcher-4.1.jar
Launcher Type: SUN_STANDARD

Environment Variables:
PATH=C:\Program Files (x86)\Common Files\Oracle\Java\javapath;C:\ProgramData\Oracle\Java\javapath;C:\Program Files (x86)\Intel\iCLS Client\;C:\Program Files\Intel\iCLS Client\;C:\windows\system32;C:\windows;C:\windows\System32\Wbem;C:\windows\System32\WindowsPowerShell\v1.0\;C:\Program Files\Intel\Intel(R) Management Engine Components\DAL;C:\Program Files (x86)\Intel\Intel(R) Management Engine Components\DAL;C:\Program Files\Intel\Intel(R) Management Engine Components\IPT;C:\Program Files (x86)\Intel\Intel(R) Management Engine Components\IPT;C:\adb;C:\Android;C:\Windows\System32;C:\Program Files\nodejs;C:\Users\selva\AppData\Roaming\npm;C:\Users\selva\AppData\Local\Programs\Python\Python37;C:\Users\selva\AppData\Local\Android\sdk\platform-tools;C:\Program Files\Intel\WiFi\bin\;C:\Program Files\Common Files\Intel\WirelessCommon\;C:\WINDOWS\system32;C:\WINDOWS;C:\WINDOWS\System32\Wbem;C:\WINDOWS\System32\WindowsPowerShell\v1.0\;C:\WINDOWS\System32\OpenSSH\;C:\Program Files\Git\cmd;C:\Users\selva\AppData\Roaming\npm;%USERPROFILE%\AppData\Local\Microsoft\WindowsApps;
USERNAME=selva
OS=Windows_NT
PROCESSOR_IDENTIFIER=Intel64 Family 6 Model 61 Stepping 4, GenuineIntel



---------------  S Y S T E M  ---------------

OS: Windows 10.0 , 64 bit Build 19041 (10.0.19041.546)

CPU:total 4 (initial active 4) (2 cores per cpu, 2 threads per core) family 6 model 61 stepping 4, cmov, cx8, fxsr, mmx, sse, sse2, sse3, ssse3, sse4.1, sse4.2, popcnt, avx, avx2, aes, clmul, erms, 3dnowpref, lzcnt, ht, tsc, tscinvbit, bmi1, bmi2, adx

Memory: 4k page, physical 8277100k(499024k free), swap 12471404k(6752k free)

vm_info: OpenJDK 64-Bit Server VM (25.242-b01) for windows-amd64 JRE (1.8.0_242-release-1644-b01), built by "builder" with MS VC++ 10.0 (VS2010)

time: Fri Oct 23 23:16:27 2020
timezone: India Standard Time
elapsed time: 18 seconds (0d 0h 0m 18s)

