#
# There is insufficient memory for the Java Runtime Environment to continue.
# Native memory allocation (malloc) failed to allocate 554496 bytes for Chunk::new
# Possible reasons:
#   The system is out of physical RAM or swap space
#   The process is running with CompressedOops enabled, and the Java Heap may be blocking the growth of the native heap
# Possible solutions:
#   Reduce memory load on the system
#   Increase physical memory or swap space
#   Check if swap backing store is full
#   Decrease Java heap size (-Xmx/-Xms)
#   Decrease number of Java threads
#   Decrease Java thread stack sizes (-Xss)
#   Set larger code cache with -XX:ReservedCodeCacheSize=
#   JVM is running with Unscaled Compressed Oops mode in which the Java heap is
#     placed in the first 4GB address space. The Java Heap base address is the
#     maximum limit for the native heap growth. Please use -XX:HeapBaseMinAddress
#     to set the Java Heap base and to place the Java Heap above 4GB virtual address.
# This output file may be truncated or incomplete.
#
#  Out of Memory Error (allocation.cpp:389), pid=16524, tid=0x00000000000032d8
#
# JRE version: OpenJDK Runtime Environment (8.0_242-b01) (build 1.8.0_242-release-1644-b01)
# Java VM: OpenJDK 64-Bit Server VM (25.242-b01 mixed mode windows-amd64 compressed oops)
# Failed to write core dump. Minidumps are not enabled by default on client versions of Windows
#

---------------  T H R E A D  ---------------

Current thread (0x00000000151bc000):  JavaThread "C2 CompilerThread1" daemon [_thread_in_native, id=13016, stack(0x0000000016910000,0x0000000016a10000)]

Stack: [0x0000000016910000,0x0000000016a10000]
[error occurred during error reporting (printing stack bounds), id 0xc0000005]

Native frames: (J=compiled Java code, j=interpreted, Vv=VM code, C=native code)


Current CompileTask:
C2:   8754 3243   !   4       java.security.SecureClassLoader::getProtectionDomain (114 bytes)


---------------  P R O C E S S  ---------------

Java Threads: ( => current thread )
  0x000000001afe3800 JavaThread "build operations Thread 4" [_thread_blocked, id=17268, stack(0x000000001ef50000,0x000000001f050000)]
  0x000000001afe2800 JavaThread "build operations Thread 3" [_thread_blocked, id=16760, stack(0x000000001ee50000,0x000000001ef50000)]
  0x000000001afe2000 JavaThread "build operations Thread 2" [_thread_blocked, id=6136, stack(0x000000001ed50000,0x000000001ee50000)]
  0x000000001afe1000 JavaThread "build operations" [_thread_blocked, id=12856, stack(0x000000001c400000,0x000000001c500000)]
  0x000000001afe4000 JavaThread "Cache worker for Artifact transforms cache (C:\Users\selva\.gradle\caches\transforms-1)" [_thread_blocked, id=18344, stack(0x000000001e6b0000,0x000000001e7b0000)]
  0x0000000016d36800 JavaThread "Cache worker for file hash cache (D:\Studioworkspace\Google play protect\.gradle\4.1\fileHashes)" [_thread_blocked, id=16992, stack(0x000000001ad30000,0x000000001ae30000)]
  0x0000000016e53000 JavaThread "File lock request listener" [_thread_in_native, id=8524, stack(0x000000001ac30000,0x000000001ad30000)]
  0x0000000016e60000 JavaThread "Cache worker for file hash cache (C:\Users\selva\.gradle\caches\4.1\fileHashes)" [_thread_blocked, id=15252, stack(0x000000001a930000,0x000000001aa30000)]
  0x00000000183e1800 JavaThread "Stdin handler" [_thread_blocked, id=4076, stack(0x000000001a830000,0x000000001a930000)]
  0x00000000183e1000 JavaThread "Asynchronous log dispatcher for DefaultDaemonConnection: socket connection from /127.0.0.1:57515 to /127.0.0.1:57516" [_thread_blocked, id=6568, stack(0x000000001a730000,0x000000001a830000)]
  0x0000000018926800 JavaThread "Daemon worker" [_thread_in_vm, id=14524, stack(0x000000001a630000,0x000000001a730000)]
  0x000000001807c000 JavaThread "Cancel handler" [_thread_blocked, id=16244, stack(0x000000001a530000,0x000000001a630000)]
  0x0000000017f99800 JavaThread "Handler for socket connection from /127.0.0.1:57515 to /127.0.0.1:57516" [_thread_in_native, id=10540, stack(0x000000001a230000,0x000000001a330000)]
  0x0000000017f99000 JavaThread "Daemon" [_thread_blocked, id=2432, stack(0x000000001a130000,0x000000001a230000)]
  0x0000000018188000 JavaThread "Daemon periodic checks" [_thread_blocked, id=340, stack(0x000000001a030000,0x000000001a130000)]
  0x0000000017c2d000 JavaThread "Incoming local TCP Connector on port 57515" [_thread_in_native, id=17248, stack(0x0000000019df0000,0x0000000019ef0000)]
  0x000000001520d000 JavaThread "Service Thread" daemon [_thread_blocked, id=16324, stack(0x0000000016f10000,0x0000000017010000)]
  0x00000000151c3800 JavaThread "C1 CompilerThread2" daemon [_thread_blocked, id=13708, stack(0x0000000016a10000,0x0000000016b10000)]
=>0x00000000151bc000 JavaThread "C2 CompilerThread1" daemon [_thread_in_native, id=13016, stack(0x0000000016910000,0x0000000016a10000)]
  0x00000000151b9000 JavaThread "C2 CompilerThread0" daemon [_thread_in_native, id=17500, stack(0x0000000016810000,0x0000000016910000)]
  0x00000000151b5800 JavaThread "Attach Listener" daemon [_thread_blocked, id=12124, stack(0x0000000016710000,0x0000000016810000)]
  0x00000000151b2000 JavaThread "Signal Dispatcher" daemon [_thread_blocked, id=12308, stack(0x0000000016610000,0x0000000016710000)]
  0x0000000002ad5800 JavaThread "Finalizer" daemon [_thread_blocked, id=16376, stack(0x0000000016410000,0x0000000016510000)]
  0x0000000015199000 JavaThread "Reference Handler" daemon [_thread_blocked, id=13920, stack(0x0000000016310000,0x0000000016410000)]
  0x00000000029de000 JavaThread "main" [_thread_blocked, id=1092, stack(0x0000000002860000,0x0000000002960000)]

Other Threads:
  0x0000000015178000 VMThread [stack: 0x0000000016210000,0x0000000016310000] [id=18068]
  0x000000001520e000 WatcherThread [stack: 0x0000000017010000,0x0000000017110000] [id=17508]

VM state:not at safepoint (normal execution)

VM Mutex/Monitor currently owned by a thread: None

heap address: 0x00000000c0000000, size: 1024 MB, Compressed Oops mode: 32-bit
Narrow klass base: 0x0000000000000000, Narrow klass shift: 3
Compressed class space size: 1073741824 Address: 0x0000000100000000

Heap:
 PSYoungGen      total 87040K, used 11173K [0x00000000eab00000, 0x00000000f0f00000, 0x0000000100000000)
  eden space 73728K, 15% used [0x00000000eab00000,0x00000000eb5e9400,0x00000000ef300000)
  from space 13312K, 0% used [0x00000000ef300000,0x00000000ef300000,0x00000000f0000000)
  to   space 11264K, 0% used [0x00000000f0000000,0x00000000f0000000,0x00000000f0b00000)
 ParOldGen       total 84480K, used 15392K [0x00000000c0000000, 0x00000000c5280000, 0x00000000eab00000)
  object space 84480K, 18% used [0x00000000c0000000,0x00000000c0f081d8,0x00000000c5280000)
 Metaspace       used 35916K, capacity 36806K, committed 36992K, reserved 1081344K
  class space    used 4910K, capacity 5208K, committed 5248K, reserved 1048576K

Card table byte_map: [0x0000000011ea0000,0x00000000120b0000] byte_map_base: 0x00000000118a0000

Marking Bits: (ParMarkBitMap*) 0x000000005c05f030
 Begin Bits: [0x0000000012610000, 0x0000000013610000)
 End Bits:   [0x0000000013610000, 0x0000000014610000)

Polling page: 0x0000000002960000

CodeCache: size=245760Kb used=10183Kb max_used=10705Kb free=235576Kb
 bounds [0x0000000002ae0000, 0x0000000003580000, 0x0000000011ae0000]
 total_blobs=3632 nmethods=2924 adapters=620
 compilation: enabled

Compilation events (10 events):
Event: 8.659 Thread 0x00000000151b9000 3242       4       java.lang.ClassLoader::defineClass (43 bytes)
Event: 8.668 Thread 0x00000000151bc000 3243   !   4       java.security.SecureClassLoader::getProtectionDomain (114 bytes)
Event: 8.672 Thread 0x00000000151c3800 3245       3       java.lang.invoke.MethodType::basicType (8 bytes)
Event: 8.672 Thread 0x00000000151c3800 nmethod 3245 0x0000000002fe6e10 code [0x0000000002fe6f60, 0x0000000002fe7150]
Event: 8.672 Thread 0x00000000151c3800 3247       3       jdk.internal.org.objectweb.asm.AnnotationWriter::visitEnd (43 bytes)
Event: 8.672 Thread 0x00000000151c3800 nmethod 3247 0x00000000032b7150 code [0x00000000032b72c0, 0x00000000032b74b0]
Event: 8.672 Thread 0x00000000151c3800 3246       3       java.lang.invoke.LambdaForm::signatureArity (28 bytes)
Event: 8.673 Thread 0x00000000151c3800 nmethod 3246 0x00000000030bb990 code [0x00000000030bbb00, 0x00000000030bbde8]
Event: 8.673 Thread 0x00000000151c3800 3248       3       jdk.internal.org.objectweb.asm.ClassWriter::newNameTypeItem (71 bytes)
Event: 8.674 Thread 0x00000000151c3800 nmethod 3248 0x0000000002dde990 code [0x0000000002ddeb60, 0x0000000002ddf078]

GC Heap History (10 events):
Event: 6.135 GC heap before
{Heap before GC invocations=7 (full 1):
 PSYoungGen      total 38400K, used 36710K [0x00000000eab00000, 0x00000000ef000000, 0x0000000100000000)
  eden space 33280K, 100% used [0x00000000eab00000,0x00000000ecb80000,0x00000000ecb80000)
  from space 5120K, 67% used [0x00000000ecb80000,0x00000000eced9a68,0x00000000ed080000)
  to   space 10752K, 0% used [0x00000000ee580000,0x00000000ee580000,0x00000000ef000000)
 ParOldGen       total 64512K, used 8835K [0x00000000c0000000, 0x00000000c3f00000, 0x00000000eab00000)
  object space 64512K, 13% used [0x00000000c0000000,0x00000000c08a0d98,0x00000000c3f00000)
 Metaspace       used 25615K, capacity 26286K, committed 26624K, reserved 1073152K
  class space    used 3527K, capacity 3720K, committed 3840K, reserved 1048576K
Event: 6.147 GC heap after
Heap after GC invocations=7 (full 1):
 PSYoungGen      total 59904K, used 4960K [0x00000000eab00000, 0x00000000ef180000, 0x0000000100000000)
  eden space 49152K, 0% used [0x00000000eab00000,0x00000000eab00000,0x00000000edb00000)
  from space 10752K, 46% used [0x00000000ee580000,0x00000000eea58000,0x00000000ef000000)
  to   space 10752K, 0% used [0x00000000edb00000,0x00000000edb00000,0x00000000ee580000)
 ParOldGen       total 64512K, used 8843K [0x00000000c0000000, 0x00000000c3f00000, 0x00000000eab00000)
  object space 64512K, 13% used [0x00000000c0000000,0x00000000c08a2d98,0x00000000c3f00000)
 Metaspace       used 25615K, capacity 26286K, committed 26624K, reserved 1073152K
  class space    used 3527K, capacity 3720K, committed 3840K, reserved 1048576K
}
Event: 7.103 GC heap before
{Heap before GC invocations=8 (full 1):
 PSYoungGen      total 59904K, used 54112K [0x00000000eab00000, 0x00000000ef180000, 0x0000000100000000)
  eden space 49152K, 100% used [0x00000000eab00000,0x00000000edb00000,0x00000000edb00000)
  from space 10752K, 46% used [0x00000000ee580000,0x00000000eea58000,0x00000000ef000000)
  to   space 10752K, 0% used [0x00000000edb00000,0x00000000edb00000,0x00000000ee580000)
 ParOldGen       total 64512K, used 8843K [0x00000000c0000000, 0x00000000c3f00000, 0x00000000eab00000)
  object space 64512K, 13% used [0x00000000c0000000,0x00000000c08a2d98,0x00000000c3f00000)
 Metaspace       used 29060K, capacity 29750K, committed 29952K, reserved 1075200K
  class space    used 4028K, capacity 4234K, committed 4352K, reserved 1048576K
Event: 7.120 GC heap after
Heap after GC invocations=8 (full 1):
 PSYoungGen      total 59904K, used 8717K [0x00000000eab00000, 0x00000000f0b00000, 0x0000000100000000)
  eden space 49152K, 0% used [0x00000000eab00000,0x00000000eab00000,0x00000000edb00000)
  from space 10752K, 81% used [0x00000000edb00000,0x00000000ee383600,0x00000000ee580000)
  to   space 11264K, 0% used [0x00000000f0000000,0x00000000f0000000,0x00000000f0b00000)
 ParOldGen       total 64512K, used 8851K [0x00000000c0000000, 0x00000000c3f00000, 0x00000000eab00000)
  object space 64512K, 13% used [0x00000000c0000000,0x00000000c08a4d98,0x00000000c3f00000)
 Metaspace       used 29060K, capacity 29750K, committed 29952K, reserved 1075200K
  class space    used 4028K, capacity 4234K, committed 4352K, reserved 1048576K
}
Event: 8.383 GC heap before
{Heap before GC invocations=9 (full 1):
 PSYoungGen      total 59904K, used 57869K [0x00000000eab00000, 0x00000000f0b00000, 0x0000000100000000)
  eden space 49152K, 100% used [0x00000000eab00000,0x00000000edb00000,0x00000000edb00000)
  from space 10752K, 81% used [0x00000000edb00000,0x00000000ee383600,0x00000000ee580000)
  to   space 11264K, 0% used [0x00000000f0000000,0x00000000f0000000,0x00000000f0b00000)
 ParOldGen       total 64512K, used 8851K [0x00000000c0000000, 0x00000000c3f00000, 0x00000000eab00000)
  object space 64512K, 13% used [0x00000000c0000000,0x00000000c08a4d98,0x00000000c3f00000)
 Metaspace       used 33954K, capacity 34854K, committed 35072K, reserved 1079296K
  class space    used 4686K, capacity 5004K, committed 5120K, reserved 1048576K
Event: 8.399 GC heap after
Heap after GC invocations=9 (full 1):
 PSYoungGen      total 84992K, used 11262K [0x00000000eab00000, 0x00000000f0f00000, 0x0000000100000000)
  eden space 73728K, 0% used [0x00000000eab00000,0x00000000eab00000,0x00000000ef300000)
  from space 11264K, 99% used [0x00000000f0000000,0x00000000f0aff928,0x00000000f0b00000)
  to   space 13312K, 0% used [0x00000000ef300000,0x00000000ef300000,0x00000000f0000000)
 ParOldGen       total 64512K, used 9505K [0x00000000c0000000, 0x00000000c3f00000, 0x00000000eab00000)
  object space 64512K, 14% used [0x00000000c0000000,0x00000000c0948468,0x00000000c3f00000)
 Metaspace       used 33954K, capacity 34854K, committed 35072K, reserved 1079296K
  class space    used 4686K, capacity 5004K, committed 5120K, reserved 1048576K
}
Event: 8.464 GC heap before
{Heap before GC invocations=10 (full 1):
 PSYoungGen      total 84992K, used 15299K [0x00000000eab00000, 0x00000000f0f00000, 0x0000000100000000)
  eden space 73728K, 5% used [0x00000000eab00000,0x00000000eaef16a8,0x00000000ef300000)
  from space 11264K, 99% used [0x00000000f0000000,0x00000000f0aff928,0x00000000f0b00000)
  to   space 13312K, 0% used [0x00000000ef300000,0x00000000ef300000,0x00000000f0000000)
 ParOldGen       total 64512K, used 9505K [0x00000000c0000000, 0x00000000c3f00000, 0x00000000eab00000)
  object space 64512K, 14% used [0x00000000c0000000,0x00000000c0948468,0x00000000c3f00000)
 Metaspace       used 34353K, capacity 35238K, committed 35416K, reserved 1079296K
  class space    used 4738K, capacity 5068K, committed 5120K, reserved 1048576K
Event: 8.477 GC heap after
Heap after GC invocations=10 (full 1):
 PSYoungGen      total 87040K, used 9304K [0x00000000eab00000, 0x00000000f0f00000, 0x0000000100000000)
  eden space 73728K, 0% used [0x00000000eab00000,0x00000000eab00000,0x00000000ef300000)
  from space 13312K, 69% used [0x00000000ef300000,0x00000000efc16288,0x00000000f0000000)
  to   space 11264K, 0% used [0x00000000f0000000,0x00000000f0000000,0x00000000f0b00000)
 ParOldGen       total 64512K, used 9513K [0x00000000c0000000, 0x00000000c3f00000, 0x00000000eab00000)
  object space 64512K, 14% used [0x00000000c0000000,0x00000000c094a468,0x00000000c3f00000)
 Metaspace       used 34353K, capacity 35238K, committed 35416K, reserved 1079296K
  class space    used 4738K, capacity 5068K, committed 5120K, reserved 1048576K
}
Event: 8.477 GC heap before
{Heap before GC invocations=11 (full 2):
 PSYoungGen      total 87040K, used 9304K [0x00000000eab00000, 0x00000000f0f00000, 0x0000000100000000)
  eden space 73728K, 0% used [0x00000000eab00000,0x00000000eab00000,0x00000000ef300000)
  from space 13312K, 69% used [0x00000000ef300000,0x00000000efc16288,0x00000000f0000000)
  to   space 11264K, 0% used [0x00000000f0000000,0x00000000f0000000,0x00000000f0b00000)
 ParOldGen       total 64512K, used 9513K [0x00000000c0000000, 0x00000000c3f00000, 0x00000000eab00000)
  object space 64512K, 14% used [0x00000000c0000000,0x00000000c094a468,0x00000000c3f00000)
 Metaspace       used 34353K, capacity 35238K, committed 35416K, reserved 1079296K
  class space    used 4738K, capacity 5068K, committed 5120K, reserved 1048576K
Event: 8.589 GC heap after
Heap after GC invocations=11 (full 2):
 PSYoungGen      total 87040K, used 0K [0x00000000eab00000, 0x00000000f0f00000, 0x0000000100000000)
  eden space 73728K, 0% used [0x00000000eab00000,0x00000000eab00000,0x00000000ef300000)
  from space 13312K, 0% used [0x00000000ef300000,0x00000000ef300000,0x00000000f0000000)
  to   space 11264K, 0% used [0x00000000f0000000,0x00000000f0000000,0x00000000f0b00000)
 ParOldGen       total 84480K, used 15392K [0x00000000c0000000, 0x00000000c5280000, 0x00000000eab00000)
  object space 84480K, 18% used [0x00000000c0000000,0x00000000c0f081d8,0x00000000c5280000)
 Metaspace       used 34353K, capacity 35238K, committed 35416K, reserved 1079296K
  class space    used 4738K, capacity 5068K, committed 5120K, reserved 1048576K
}

Deoptimization events (10 events):
Event: 8.067 Thread 0x0000000018926800 Uncommon trap: reason=class_check action=maybe_recompile pc=0x000000000354cb3c method=java.util.Hashtable.get(Ljava/lang/Object;)Ljava/lang/Object; @ 6
Event: 8.067 Thread 0x0000000018926800 Uncommon trap: reason=class_check action=maybe_recompile pc=0x000000000354cb3c method=java.util.Hashtable.get(Ljava/lang/Object;)Ljava/lang/Object; @ 6
Event: 8.067 Thread 0x0000000018926800 Uncommon trap: reason=class_check action=maybe_recompile pc=0x000000000354cb3c method=java.util.Hashtable.get(Ljava/lang/Object;)Ljava/lang/Object; @ 6
Event: 8.094 Thread 0x0000000018926800 Uncommon trap: reason=unstable_if action=reinterpret pc=0x0000000002c88414 method=java.lang.String.replace(CC)Ljava/lang/String; @ 2
Event: 8.099 Thread 0x0000000018926800 Uncommon trap: reason=unstable_if action=reinterpret pc=0x0000000003561ee8 method=groovy.lang.MetaClassImpl$1MOPIter.methodNameAction(Ljava/lang/Class;Lorg/codehaus/groovy/runtime/metaclass/MetaMethodIndex$Entry;)V @ 259
Event: 8.208 Thread 0x0000000018926800 Uncommon trap: reason=bimorphic action=maybe_recompile pc=0x00000000034173f0 method=java.util.Arrays.binarySearch0([Ljava/lang/Object;IILjava/lang/Object;Ljava/util/Comparator;)I @ 48
Event: 8.209 Thread 0x0000000018926800 Uncommon trap: reason=bimorphic action=maybe_recompile pc=0x00000000034173f0 method=java.util.Arrays.binarySearch0([Ljava/lang/Object;IILjava/lang/Object;Ljava/util/Comparator;)I @ 48
Event: 8.209 Thread 0x0000000018926800 Uncommon trap: reason=bimorphic action=maybe_recompile pc=0x00000000034173f0 method=java.util.Arrays.binarySearch0([Ljava/lang/Object;IILjava/lang/Object;Ljava/util/Comparator;)I @ 48
Event: 8.209 Thread 0x0000000018926800 Uncommon trap: reason=bimorphic action=maybe_recompile pc=0x00000000034173f0 method=java.util.Arrays.binarySearch0([Ljava/lang/Object;IILjava/lang/Object;Ljava/util/Comparator;)I @ 48
Event: 8.276 Thread 0x0000000018926800 Uncommon trap: reason=unstable_if action=reinterpret pc=0x000000000307fa28 method=sun.misc.MetaIndex.mayContain(Ljava/lang/String;)Z @ 38

Classes redefined (0 events):
No events

Internal exceptions (10 events):
Event: 8.102 Thread 0x0000000018926800 Exception <a 'java/lang/ClassNotFoundException': org/gradle/api/internal/project/DefaultAntBuilderBeanInfo> (0x00000000ed18b3b8) thrown at [C:\src\AOSP-openjdk-git\hotspot\src\share\vm\classfile\systemDictionary.cpp, line 210]
Event: 8.104 Thread 0x0000000018926800 Exception <a 'java/lang/ClassNotFoundException': org/gradle/api/internal/project/ant/BasicAntBuilderBeanInfo> (0x00000000ed1b95f0) thrown at [C:\src\AOSP-openjdk-git\hotspot\src\share\vm\classfile\systemDictionary.cpp, line 210]
Event: 8.105 Thread 0x0000000018926800 Exception <a 'java/lang/ClassNotFoundException': org/gradle/api/AntBuilderBeanInfo> (0x00000000ed1d9dc0) thrown at [C:\src\AOSP-openjdk-git\hotspot\src\share\vm\classfile\systemDictionary.cpp, line 210]
Event: 8.107 Thread 0x0000000018926800 Exception <a 'java/lang/ClassNotFoundException': groovy/util/AntBuilderBeanInfo> (0x00000000ed1f9038) thrown at [C:\src\AOSP-openjdk-git\hotspot\src\share\vm\classfile\systemDictionary.cpp, line 210]
Event: 8.108 Thread 0x0000000018926800 Exception <a 'java/lang/ClassNotFoundException': groovy/util/BuilderSupportBeanInfo> (0x00000000ed2197c8) thrown at [C:\src\AOSP-openjdk-git\hotspot\src\share\vm\classfile\systemDictionary.cpp, line 210]
Event: 8.109 Thread 0x0000000018926800 Exception <a 'java/lang/ClassNotFoundException': groovy/util/BuilderSupportCustomizer> (0x00000000ed23be18) thrown at [C:\src\AOSP-openjdk-git\hotspot\src\share\vm\classfile\systemDictionary.cpp, line 210]
Event: 8.112 Thread 0x0000000018926800 Exception <a 'java/lang/ClassNotFoundException': groovy/util/AntBuilderCustomizer> (0x00000000ed25f230) thrown at [C:\src\AOSP-openjdk-git\hotspot\src\share\vm\classfile\systemDictionary.cpp, line 210]
Event: 8.113 Thread 0x0000000018926800 Exception <a 'java/lang/ClassNotFoundException': org/gradle/api/AntBuilderCustomizer> (0x00000000ed287880) thrown at [C:\src\AOSP-openjdk-git\hotspot\src\share\vm\classfile\systemDictionary.cpp, line 210]
Event: 8.114 Thread 0x0000000018926800 Exception <a 'java/lang/ClassNotFoundException': org/gradle/api/internal/project/ant/BasicAntBuilderCustomizer> (0x00000000ed2c4050) thrown at [C:\src\AOSP-openjdk-git\hotspot\src\share\vm\classfile\systemDictionary.cpp, line 210]
Event: 8.116 Thread 0x0000000018926800 Exception <a 'java/lang/ClassNotFoundException': org/gradle/api/internal/project/DefaultAntBuilderCustomizer> (0x00000000ed3072c8) thrown at [C:\src\AOSP-openjdk-git\hotspot\src\share\vm\classfile\systemDictionary.cpp, line 210]

Events (10 events):
Event: 8.724 loading class com/android/ide/common/process/ProcessResult
Event: 8.724 loading class com/android/ide/common/process/ProcessResult done
Event: 8.724 loading class com/android/build/gradle/internal/process/GradleJavaProcessExecutor
Event: 8.724 loading class com/android/build/gradle/internal/process/GradleJavaProcessExecutor done
Event: 8.725 loading class com/android/ide/common/process/ProcessInfo
Event: 8.725 loading class com/android/ide/common/process/ProcessInfo done
Event: 8.725 loading class org/gradle/api/logging/Logger
Event: 8.725 loading class org/gradle/api/logging/Logger done
Event: 8.725 loading class android/databinding/tool/DataBindingBuilder
Event: 8.725 loading class android/databinding/tool/DataBindingBuilder done


Dynamic libraries:
0x00007ff757240000 - 0x00007ff757271000 	C:\Program Files\Android\Android Studio\jre\bin\java.exe
0x00007ffd1e7f0000 - 0x00007ffd1e9e6000 	C:\WINDOWS\SYSTEM32\ntdll.dll
0x00007ffd1d440000 - 0x00007ffd1d4fd000 	C:\WINDOWS\System32\KERNEL32.DLL
0x00007ffd1c490000 - 0x00007ffd1c758000 	C:\WINDOWS\System32\KERNELBASE.dll
0x00007ffd1df20000 - 0x00007ffd1dfca000 	C:\WINDOWS\System32\ADVAPI32.dll
0x00007ffd1d840000 - 0x00007ffd1d8de000 	C:\WINDOWS\System32\msvcrt.dll
0x00007ffd1d670000 - 0x00007ffd1d70b000 	C:\WINDOWS\System32\sechost.dll
0x00007ffd1d710000 - 0x00007ffd1d834000 	C:\WINDOWS\System32\RPCRT4.dll
0x00007ffd1d8e0000 - 0x00007ffd1da80000 	C:\WINDOWS\System32\USER32.dll
0x00007ffd1c120000 - 0x00007ffd1c142000 	C:\WINDOWS\System32\win32u.dll
0x00007ffd1d390000 - 0x00007ffd1d3ba000 	C:\WINDOWS\System32\GDI32.dll
0x00007ffd1c7e0000 - 0x00007ffd1c8e9000 	C:\WINDOWS\System32\gdi32full.dll
0x00007ffd1c150000 - 0x00007ffd1c1ed000 	C:\WINDOWS\System32\msvcp_win.dll
0x00007ffd1c020000 - 0x00007ffd1c120000 	C:\WINDOWS\System32\ucrtbase.dll
0x00007ffd12090000 - 0x00007ffd1232b000 	C:\WINDOWS\WinSxS\amd64_microsoft.windows.common-controls_6595b64144ccf1df_6.0.19041.488_none_ca04af081b815d21\COMCTL32.dll
0x00007ffd1d500000 - 0x00007ffd1d530000 	C:\WINDOWS\System32\IMM32.DLL
0x000000005b7b0000 - 0x000000005b882000 	C:\Program Files\Android\Android Studio\jre\jre\bin\msvcr100.dll
0x000000005b890000 - 0x000000005c0db000 	C:\Program Files\Android\Android Studio\jre\jre\bin\server\jvm.dll
0x00007ffd1e6a0000 - 0x00007ffd1e6a8000 	C:\WINDOWS\System32\PSAPI.DLL
0x00007ffd07190000 - 0x00007ffd07199000 	C:\WINDOWS\SYSTEM32\WSOCK32.dll
0x00007ffd1e740000 - 0x00007ffd1e7ab000 	C:\WINDOWS\System32\WS2_32.dll
0x00007ffd13540000 - 0x00007ffd13567000 	C:\WINDOWS\SYSTEM32\WINMM.dll
0x00007ffd1acd0000 - 0x00007ffd1acda000 	C:\WINDOWS\SYSTEM32\VERSION.dll
0x00007ffd12de0000 - 0x00007ffd12def000 	C:\Program Files\Android\Android Studio\jre\jre\bin\verify.dll
0x00007ffd07220000 - 0x00007ffd07249000 	C:\Program Files\Android\Android Studio\jre\jre\bin\java.dll
0x00007ffd00370000 - 0x00007ffd00386000 	C:\Program Files\Android\Android Studio\jre\jre\bin\zip.dll
0x00007ffd1c8f0000 - 0x00007ffd1d030000 	C:\WINDOWS\System32\SHELL32.dll
0x00007ffd1a010000 - 0x00007ffd1a7a4000 	C:\WINDOWS\SYSTEM32\windows.storage.dll
0x00007ffd1d030000 - 0x00007ffd1d385000 	C:\WINDOWS\System32\combase.dll
0x00007ffd1b970000 - 0x00007ffd1b99c000 	C:\WINDOWS\SYSTEM32\Wldp.dll
0x00007ffd1e180000 - 0x00007ffd1e22e000 	C:\WINDOWS\System32\SHCORE.dll
0x00007ffd1dec0000 - 0x00007ffd1df15000 	C:\WINDOWS\System32\shlwapi.dll
0x00007ffd1bf00000 - 0x00007ffd1bf26000 	C:\WINDOWS\SYSTEM32\profapi.dll
0x00007ffd00350000 - 0x00007ffd0036a000 	C:\Program Files\Android\Android Studio\jre\jre\bin\net.dll
0x00007ffd1b6f0000 - 0x00007ffd1b75a000 	C:\WINDOWS\system32\mswsock.dll
0x00007ffd00240000 - 0x00007ffd00253000 	C:\Program Files\Android\Android Studio\jre\jre\bin\nio.dll
0x00007ffd11dd0000 - 0x00007ffd11dee000 	C:\Users\selva\.gradle\native\25\windows-amd64\native-platform.dll
0x00007ffd123e0000 - 0x00007ffd123ed000 	C:\Program Files\Android\Android Studio\jre\jre\bin\management.dll
0x00007ffd1b8d0000 - 0x00007ffd1b8e8000 	C:\WINDOWS\SYSTEM32\CRYPTSP.dll
0x00007ffd1b080000 - 0x00007ffd1b0b4000 	C:\WINDOWS\system32\rsaenh.dll
0x00007ffd1c1f0000 - 0x00007ffd1c217000 	C:\WINDOWS\System32\bcrypt.dll
0x00007ffd1be10000 - 0x00007ffd1be3e000 	C:\WINDOWS\SYSTEM32\USERENV.dll
0x00007ffd1c760000 - 0x00007ffd1c7df000 	C:\WINDOWS\System32\bcryptprimitives.dll
0x00007ffd1b8c0000 - 0x00007ffd1b8cc000 	C:\WINDOWS\SYSTEM32\CRYPTBASE.dll
0x00007ffd1b3e0000 - 0x00007ffd1b41b000 	C:\WINDOWS\SYSTEM32\IPHLPAPI.DLL
0x00007ffd1d530000 - 0x00007ffd1d539000 	C:\WINDOWS\System32\NSI.dll
0x00007ffd135b0000 - 0x00007ffd135c7000 	C:\WINDOWS\SYSTEM32\dhcpcsvc6.DLL
0x00007ffd13a20000 - 0x00007ffd13a3d000 	C:\WINDOWS\SYSTEM32\dhcpcsvc.DLL
0x00007ffd1b420000 - 0x00007ffd1b4eb000 	C:\WINDOWS\SYSTEM32\DNSAPI.dll

VM Arguments:
jvm_args: -XX:+HeapDumpOnOutOfMemoryError -Xmx1024m -Dfile.encoding=windows-1252 -Duser.country=IN -Duser.language=en -Duser.variant 
java_command: org.gradle.launcher.daemon.bootstrap.GradleDaemon 4.1
java_class_path (initial): C:\Users\selva\.gradle\wrapper\dists\gradle-4.1-all\bzyivzo6n839fup2jbap0tjew\gradle-4.1\lib\gradle-launcher-4.1.jar
Launcher Type: SUN_STANDARD

Environment Variables:
PATH=C:\Program Files (x86)\Common Files\Oracle\Java\javapath;C:\ProgramData\Oracle\Java\javapath;C:\Program Files (x86)\Intel\iCLS Client\;C:\Program Files\Intel\iCLS Client\;C:\windows\system32;C:\windows;C:\windows\System32\Wbem;C:\windows\System32\WindowsPowerShell\v1.0\;C:\Program Files\Intel\Intel(R) Management Engine Components\DAL;C:\Program Files (x86)\Intel\Intel(R) Management Engine Components\DAL;C:\Program Files\Intel\Intel(R) Management Engine Components\IPT;C:\Program Files (x86)\Intel\Intel(R) Management Engine Components\IPT;C:\adb;C:\Android;C:\Windows\System32;C:\Program Files\nodejs;C:\Users\selva\AppData\Roaming\npm;C:\Users\selva\AppData\Local\Programs\Python\Python37;C:\Users\selva\AppData\Local\Android\sdk\platform-tools;C:\Program Files\Intel\WiFi\bin\;C:\Program Files\Common Files\Intel\WirelessCommon\;C:\WINDOWS\system32;C:\WINDOWS;C:\WINDOWS\System32\Wbem;C:\WINDOWS\System32\WindowsPowerShell\v1.0\;C:\WINDOWS\System32\OpenSSH\;C:\Program Files\Git\cmd;C:\Users\selva\AppData\Roaming\npm;%USERPROFILE%\AppData\Local\Microsoft\WindowsApps;
USERNAME=selva
OS=Windows_NT
PROCESSOR_IDENTIFIER=Intel64 Family 6 Model 61 Stepping 4, GenuineIntel



---------------  S Y S T E M  ---------------

OS: Windows 10.0 , 64 bit Build 19041 (10.0.19041.546)

CPU:total 4 (initial active 4) (2 cores per cpu, 2 threads per core) family 6 model 61 stepping 4, cmov, cx8, fxsr, mmx, sse, sse2, sse3, ssse3, sse4.1, sse4.2, popcnt, avx, avx2, aes, clmul, erms, 3dnowpref, lzcnt, ht, tsc, tscinvbit, bmi1, bmi2, adx

Memory: 4k page, physical 8277100k(889656k free), swap 12471404k(5352k free)

vm_info: OpenJDK 64-Bit Server VM (25.242-b01) for windows-amd64 JRE (1.8.0_242-release-1644-b01), built by "builder" with MS VC++ 10.0 (VS2010)

time: Fri Oct 23 23:24:16 2020
timezone: India Standard Time
elapsed time: 8 seconds (0d 0h 0m 8s)

