#
# There is insufficient memory for the Java Runtime Environment to continue.
# Native memory allocation (malloc) failed to allocate 1762448 bytes for Chunk::new
# Possible reasons:
#   The system is out of physical RAM or swap space
#   The process is running with CompressedOops enabled, and the Java Heap may be blocking the growth of the native heap
# Possible solutions:
#   Reduce memory load on the system
#   Increase physical memory or swap space
#   Check if swap backing store is full
#   Decrease Java heap size (-Xmx/-Xms)
#   Decrease number of Java threads
#   Decrease Java thread stack sizes (-Xss)
#   Set larger code cache with -XX:ReservedCodeCacheSize=
#   JVM is running with Unscaled Compressed Oops mode in which the Java heap is
#     placed in the first 4GB address space. The Java Heap base address is the
#     maximum limit for the native heap growth. Please use -XX:HeapBaseMinAddress
#     to set the Java Heap base and to place the Java Heap above 4GB virtual address.
# This output file may be truncated or incomplete.
#
#  Out of Memory Error (allocation.cpp:389), pid=17424, tid=0x000000000000468c
#
# JRE version: OpenJDK Runtime Environment (8.0_242-b01) (build 1.8.0_242-release-1644-b01)
# Java VM: OpenJDK 64-Bit Server VM (25.242-b01 mixed mode windows-amd64 compressed oops)
# Failed to write core dump. Minidumps are not enabled by default on client versions of Windows
#

---------------  T H R E A D  ---------------

Current thread (0x000000001541a800):  JavaThread "C2 CompilerThread0" daemon [_thread_in_native, id=18060, stack(0x0000000016a70000,0x0000000016b70000)]

Stack: [0x0000000016a70000,0x0000000016b70000]
[error occurred during error reporting (printing stack bounds), id 0xc0000005]

Native frames: (J=compiled Java code, j=interpreted, Vv=VM code, C=native code)


Current CompileTask:
C2:   9881 3466       4       org.gradle.model.internal.type.ModelType::wrap (219 bytes)


---------------  P R O C E S S  ---------------

Java Threads: ( => current thread )
  0x0000000018cde000 JavaThread "Memory manager" [_thread_blocked, id=3628, stack(0x00000000204c0000,0x00000000205c0000)]
  0x0000000018cdb000 JavaThread "build operations Thread 4" [_thread_blocked, id=1940, stack(0x00000000201c0000,0x00000000202c0000)]
  0x0000000018cdd000 JavaThread "build operations Thread 3" [_thread_blocked, id=2152, stack(0x00000000200c0000,0x00000000201c0000)]
  0x0000000018cdc800 JavaThread "build operations Thread 2" [_thread_blocked, id=8, stack(0x000000001ffc0000,0x00000000200c0000)]
  0x0000000018cda000 JavaThread "build operations" [_thread_blocked, id=1676, stack(0x000000001fdc0000,0x000000001fec0000)]
  0x0000000018cd8000 JavaThread "Cache worker for Artifact transforms cache (C:\Users\selva\.gradle\caches\transforms-1)" [_thread_blocked, id=16144, stack(0x000000001c860000,0x000000001c960000)]
  0x0000000016f8d000 JavaThread "Cache worker for file hash cache (D:\Studioworkspace\Google play protect\.gradle\4.1\fileHashes)" [_thread_blocked, id=5980, stack(0x000000001af90000,0x000000001b090000)]
  0x000000001828c800 JavaThread "File lock request listener" [_thread_in_native, id=16324, stack(0x000000001ae90000,0x000000001af90000)]
  0x0000000018c9f000 JavaThread "Cache worker for file hash cache (C:\Users\selva\.gradle\caches\4.1\fileHashes)" [_thread_blocked, id=13016, stack(0x000000001ab90000,0x000000001ac90000)]
  0x00000000183d8800 JavaThread "Stdin handler" [_thread_blocked, id=14540, stack(0x000000001aa90000,0x000000001ab90000)]
  0x00000000183d7800 JavaThread "Asynchronous log dispatcher for DefaultDaemonConnection: socket connection from /127.0.0.1:57545 to /127.0.0.1:57546" [_thread_blocked, id=6568, stack(0x000000001a990000,0x000000001aa90000)]
  0x0000000017eb0800 JavaThread "Daemon worker" [_thread_in_vm, id=12308, stack(0x000000001a890000,0x000000001a990000)]
  0x000000001805b000 JavaThread "Cancel handler" [_thread_blocked, id=8384, stack(0x000000001a790000,0x000000001a890000)]
  0x0000000017eff800 JavaThread "Handler for socket connection from /127.0.0.1:57545 to /127.0.0.1:57546" [_thread_in_native, id=18344, stack(0x000000001a490000,0x000000001a590000)]
  0x0000000017efc000 JavaThread "Daemon" [_thread_blocked, id=17656, stack(0x000000001a390000,0x000000001a490000)]
  0x0000000017fee800 JavaThread "Daemon periodic checks" [_thread_blocked, id=17764, stack(0x000000001a290000,0x000000001a390000)]
  0x0000000017fd1000 JavaThread "Incoming local TCP Connector on port 57545" [_thread_in_native, id=4076, stack(0x000000001a050000,0x000000001a150000)]
  0x000000001546e000 JavaThread "Service Thread" daemon [_thread_blocked, id=17268, stack(0x0000000017170000,0x0000000017270000)]
  0x000000001542b800 JavaThread "C1 CompilerThread2" daemon [_thread_in_vm, id=1952, stack(0x0000000016c70000,0x0000000016d70000)]
  0x000000001541d800 JavaThread "C2 CompilerThread1" daemon [_thread_blocked, id=18372, stack(0x0000000016b70000,0x0000000016c70000)]
=>0x000000001541a800 JavaThread "C2 CompilerThread0" daemon [_thread_in_native, id=18060, stack(0x0000000016a70000,0x0000000016b70000)]
  0x0000000015414000 JavaThread "Attach Listener" daemon [_thread_blocked, id=17628, stack(0x0000000016970000,0x0000000016a70000)]
  0x0000000015416800 JavaThread "Signal Dispatcher" daemon [_thread_blocked, id=6136, stack(0x0000000016870000,0x0000000016970000)]
  0x0000000002d3c800 JavaThread "Finalizer" daemon [_thread_blocked, id=17460, stack(0x0000000016670000,0x0000000016770000)]
  0x00000000153f9000 JavaThread "Reference Handler" daemon [_thread_blocked, id=3412, stack(0x0000000016570000,0x0000000016670000)]
  0x0000000000e1e000 JavaThread "main" [_thread_blocked, id=6736, stack(0x0000000002ac0000,0x0000000002bc0000)]

Other Threads:
  0x00000000153d8000 VMThread [stack: 0x0000000016470000,0x0000000016570000] [id=672]
  0x0000000016db3800 WatcherThread [stack: 0x0000000017270000,0x0000000017370000] [id=18036]

VM state:not at safepoint (normal execution)

VM Mutex/Monitor currently owned by a thread: None

heap address: 0x00000000c0000000, size: 1024 MB, Compressed Oops mode: 32-bit
Narrow klass base: 0x0000000000000000, Narrow klass shift: 3
Compressed class space size: 1073741824 Address: 0x0000000100000000

Heap:
 PSYoungGen      total 87552K, used 58668K [0x00000000eab00000, 0x00000000f0f00000, 0x0000000100000000)
  eden space 75264K, 66% used [0x00000000eab00000,0x00000000edb90e68,0x00000000ef480000)
  from space 12288K, 72% used [0x00000000ef480000,0x00000000efd3a418,0x00000000f0080000)
  to   space 10752K, 0% used [0x00000000f0080000,0x00000000f0080000,0x00000000f0b00000)
 ParOldGen       total 100864K, used 16463K [0x00000000c0000000, 0x00000000c6280000, 0x00000000eab00000)
  object space 100864K, 16% used [0x00000000c0000000,0x00000000c1013c98,0x00000000c6280000)
 Metaspace       used 40817K, capacity 41716K, committed 41944K, reserved 1085440K
  class space    used 5584K, capacity 5879K, committed 5888K, reserved 1048576K

Card table byte_map: [0x0000000012100000,0x0000000012310000] byte_map_base: 0x0000000011b00000

Marking Bits: (ParMarkBitMap*) 0x000000005c05f030
 Begin Bits: [0x0000000012870000, 0x0000000013870000)
 End Bits:   [0x0000000013870000, 0x0000000014870000)

Polling page: 0x0000000000e60000

CodeCache: size=245760Kb used=12554Kb max_used=12554Kb free=233205Kb
 bounds [0x0000000002d40000, 0x0000000003990000, 0x0000000011d40000]
 total_blobs=4378 nmethods=3656 adapters=634
 compilation: enabled

Compilation events (10 events):
Event: 9.872 Thread 0x000000001542b800 3967       3       sun.nio.fs.WindowsPath::getFileSystem (5 bytes)
Event: 9.873 Thread 0x000000001542b800 nmethod 3967 0x0000000003985ed0 code [0x0000000003986020, 0x0000000003986210]
Event: 9.873 Thread 0x000000001542b800 3968       3       java.nio.file.FileSystems::getDefault (4 bytes)
Event: 9.873 Thread 0x000000001542b800 nmethod 3968 0x0000000003986290 code [0x00000000039863e0, 0x0000000003986510]
Event: 9.874 Thread 0x000000001542b800 3969       3       sun.nio.fs.WindowsFileAttributes::fromFileIdFullDirInformation (142 bytes)
Event: 9.875 Thread 0x000000001542b800 nmethod 3969 0x0000000003986590 code [0x0000000003986700, 0x0000000003986aa8]
Event: 9.875 Thread 0x000000001542b800 3970   !   3       sun.nio.fs.WindowsDirectoryStream$WindowsDirectoryIterator::acceptEntry (71 bytes)
Event: 9.876 Thread 0x000000001542b800 nmethod 3970 0x0000000003986c10 code [0x0000000003986e20, 0x0000000003987828]
Event: 9.876 Thread 0x000000001542b800 3971  s    3       sun.nio.fs.WindowsDirectoryStream$WindowsDirectoryIterator::next (48 bytes)
Event: 9.876 Thread 0x000000001542b800 nmethod 3971 0x0000000003987dd0 code [0x0000000003987f60, 0x00000000039883f8]

GC Heap History (10 events):
Event: 5.927 GC heap before
{Heap before GC invocations=7 (full 1):
 PSYoungGen      total 38400K, used 37341K [0x00000000eab00000, 0x00000000ef100000, 0x0000000100000000)
  eden space 33280K, 100% used [0x00000000eab00000,0x00000000ecb80000,0x00000000ecb80000)
  from space 5120K, 79% used [0x00000000ecb80000,0x00000000ecf777c0,0x00000000ed080000)
  to   space 11264K, 0% used [0x00000000ee600000,0x00000000ee600000,0x00000000ef100000)
 ParOldGen       total 65024K, used 9084K [0x00000000c0000000, 0x00000000c3f80000, 0x00000000eab00000)
  object space 65024K, 13% used [0x00000000c0000000,0x00000000c08df060,0x00000000c3f80000)
 Metaspace       used 26092K, capacity 26608K, committed 26880K, reserved 1073152K
  class space    used 3571K, capacity 3755K, committed 3840K, reserved 1048576K
Event: 5.935 GC heap after
Heap after GC invocations=7 (full 1):
 PSYoungGen      total 60928K, used 4328K [0x00000000eab00000, 0x00000000ef100000, 0x0000000100000000)
  eden space 49664K, 0% used [0x00000000eab00000,0x00000000eab00000,0x00000000edb80000)
  from space 11264K, 38% used [0x00000000ee600000,0x00000000eea3a310,0x00000000ef100000)
  to   space 10752K, 0% used [0x00000000edb80000,0x00000000edb80000,0x00000000ee600000)
 ParOldGen       total 65024K, used 9092K [0x00000000c0000000, 0x00000000c3f80000, 0x00000000eab00000)
  object space 65024K, 13% used [0x00000000c0000000,0x00000000c08e1060,0x00000000c3f80000)
 Metaspace       used 26092K, capacity 26608K, committed 26880K, reserved 1073152K
  class space    used 3571K, capacity 3755K, committed 3840K, reserved 1048576K
}
Event: 6.825 GC heap before
{Heap before GC invocations=8 (full 1):
 PSYoungGen      total 60928K, used 53992K [0x00000000eab00000, 0x00000000ef100000, 0x0000000100000000)
  eden space 49664K, 100% used [0x00000000eab00000,0x00000000edb80000,0x00000000edb80000)
  from space 11264K, 38% used [0x00000000ee600000,0x00000000eea3a310,0x00000000ef100000)
  to   space 10752K, 0% used [0x00000000edb80000,0x00000000edb80000,0x00000000ee600000)
 ParOldGen       total 65024K, used 9092K [0x00000000c0000000, 0x00000000c3f80000, 0x00000000eab00000)
  object space 65024K, 13% used [0x00000000c0000000,0x00000000c08e1060,0x00000000c3f80000)
 Metaspace       used 28784K, capacity 29352K, committed 29568K, reserved 1075200K
  class space    used 4000K, capacity 4177K, committed 4224K, reserved 1048576K
Event: 6.844 GC heap after
Heap after GC invocations=8 (full 1):
 PSYoungGen      total 60416K, used 7620K [0x00000000eab00000, 0x00000000f0b00000, 0x0000000100000000)
  eden space 49664K, 0% used [0x00000000eab00000,0x00000000eab00000,0x00000000edb80000)
  from space 10752K, 70% used [0x00000000edb80000,0x00000000ee2f12e0,0x00000000ee600000)
  to   space 10752K, 0% used [0x00000000f0080000,0x00000000f0080000,0x00000000f0b00000)
 ParOldGen       total 65024K, used 9100K [0x00000000c0000000, 0x00000000c3f80000, 0x00000000eab00000)
  object space 65024K, 13% used [0x00000000c0000000,0x00000000c08e3060,0x00000000c3f80000)
 Metaspace       used 28784K, capacity 29352K, committed 29568K, reserved 1075200K
  class space    used 4000K, capacity 4177K, committed 4224K, reserved 1048576K
}
Event: 7.721 GC heap before
{Heap before GC invocations=9 (full 1):
 PSYoungGen      total 60416K, used 44567K [0x00000000eab00000, 0x00000000f0b00000, 0x0000000100000000)
  eden space 49664K, 74% used [0x00000000eab00000,0x00000000ecf14a98,0x00000000edb80000)
  from space 10752K, 70% used [0x00000000edb80000,0x00000000ee2f12e0,0x00000000ee600000)
  to   space 10752K, 0% used [0x00000000f0080000,0x00000000f0080000,0x00000000f0b00000)
 ParOldGen       total 65024K, used 9100K [0x00000000c0000000, 0x00000000c3f80000, 0x00000000eab00000)
  object space 65024K, 13% used [0x00000000c0000000,0x00000000c08e3060,0x00000000c3f80000)
 Metaspace       used 34688K, capacity 35346K, committed 35416K, reserved 1079296K
  class space    used 4737K, capacity 4990K, committed 4992K, reserved 1048576K
Event: 7.737 GC heap after
Heap after GC invocations=9 (full 1):
 PSYoungGen      total 86016K, used 10273K [0x00000000eab00000, 0x00000000f0f00000, 0x0000000100000000)
  eden space 75264K, 0% used [0x00000000eab00000,0x00000000eab00000,0x00000000ef480000)
  from space 10752K, 95% used [0x00000000f0080000,0x00000000f0a88670,0x00000000f0b00000)
  to   space 12288K, 0% used [0x00000000ef480000,0x00000000ef480000,0x00000000f0080000)
 ParOldGen       total 65024K, used 9108K [0x00000000c0000000, 0x00000000c3f80000, 0x00000000eab00000)
  object space 65024K, 14% used [0x00000000c0000000,0x00000000c08e5060,0x00000000c3f80000)
 Metaspace       used 34688K, capacity 35346K, committed 35416K, reserved 1079296K
  class space    used 4737K, capacity 4990K, committed 4992K, reserved 1048576K
}
Event: 7.737 GC heap before
{Heap before GC invocations=10 (full 2):
 PSYoungGen      total 86016K, used 10273K [0x00000000eab00000, 0x00000000f0f00000, 0x0000000100000000)
  eden space 75264K, 0% used [0x00000000eab00000,0x00000000eab00000,0x00000000ef480000)
  from space 10752K, 95% used [0x00000000f0080000,0x00000000f0a88670,0x00000000f0b00000)
  to   space 12288K, 0% used [0x00000000ef480000,0x00000000ef480000,0x00000000f0080000)
 ParOldGen       total 65024K, used 9108K [0x00000000c0000000, 0x00000000c3f80000, 0x00000000eab00000)
  object space 65024K, 14% used [0x00000000c0000000,0x00000000c08e5060,0x00000000c3f80000)
 Metaspace       used 34688K, capacity 35346K, committed 35416K, reserved 1079296K
  class space    used 4737K, capacity 4990K, committed 4992K, reserved 1048576K
Event: 7.830 GC heap after
Heap after GC invocations=10 (full 2):
 PSYoungGen      total 86016K, used 0K [0x00000000eab00000, 0x00000000f0f00000, 0x0000000100000000)
  eden space 75264K, 0% used [0x00000000eab00000,0x00000000eab00000,0x00000000ef480000)
  from space 10752K, 0% used [0x00000000f0080000,0x00000000f0080000,0x00000000f0b00000)
  to   space 12288K, 0% used [0x00000000ef480000,0x00000000ef480000,0x00000000f0080000)
 ParOldGen       total 100864K, used 16463K [0x00000000c0000000, 0x00000000c6280000, 0x00000000eab00000)
  object space 100864K, 16% used [0x00000000c0000000,0x00000000c1013c98,0x00000000c6280000)
 Metaspace       used 34688K, capacity 35346K, committed 35416K, reserved 1079296K
  class space    used 4737K, capacity 4990K, committed 4992K, reserved 1048576K
}
Event: 9.047 GC heap before
{Heap before GC invocations=11 (full 2):
 PSYoungGen      total 86016K, used 75264K [0x00000000eab00000, 0x00000000f0f00000, 0x0000000100000000)
  eden space 75264K, 100% used [0x00000000eab00000,0x00000000ef480000,0x00000000ef480000)
  from space 10752K, 0% used [0x00000000f0080000,0x00000000f0080000,0x00000000f0b00000)
  to   space 12288K, 0% used [0x00000000ef480000,0x00000000ef480000,0x00000000f0080000)
 ParOldGen       total 100864K, used 16463K [0x00000000c0000000, 0x00000000c6280000, 0x00000000eab00000)
  object space 100864K, 16% used [0x00000000c0000000,0x00000000c1013c98,0x00000000c6280000)
 Metaspace       used 38601K, capacity 39294K, committed 39512K, reserved 1083392K
  class space    used 5215K, capacity 5460K, committed 5504K, reserved 1048576K
Event: 9.070 GC heap after
Heap after GC invocations=11 (full 2):
 PSYoungGen      total 87552K, used 8937K [0x00000000eab00000, 0x00000000f0f00000, 0x0000000100000000)
  eden space 75264K, 0% used [0x00000000eab00000,0x00000000eab00000,0x00000000ef480000)
  from space 12288K, 72% used [0x00000000ef480000,0x00000000efd3a418,0x00000000f0080000)
  to   space 10752K, 0% used [0x00000000f0080000,0x00000000f0080000,0x00000000f0b00000)
 ParOldGen       total 100864K, used 16463K [0x00000000c0000000, 0x00000000c6280000, 0x00000000eab00000)
  object space 100864K, 16% used [0x00000000c0000000,0x00000000c1013c98,0x00000000c6280000)
 Metaspace       used 38601K, capacity 39294K, committed 39512K, reserved 1083392K
  class space    used 5215K, capacity 5460K, committed 5504K, reserved 1048576K
}

Deoptimization events (10 events):
Event: 8.033 Thread 0x0000000017eb0800 Uncommon trap: reason=unstable_if action=reinterpret pc=0x000000000359e5a8 method=java.util.HashMap.putVal(ILjava/lang/Object;Ljava/lang/Object;ZZ)Ljava/lang/Object; @ 162
Event: 8.033 Thread 0x0000000017eb0800 Uncommon trap: reason=unstable_if action=reinterpret pc=0x00000000031fd7b8 method=java.util.HashMap.resize()[Ljava/util/HashMap$Node; @ 206
Event: 8.437 Thread 0x0000000017eb0800 Uncommon trap: reason=unstable_if action=reinterpret pc=0x00000000035773d4 method=java.util.jar.JarFile.maybeInstantiateVerifier()V @ 75
Event: 8.523 Thread 0x0000000017eb0800 Uncommon trap: reason=unstable_if action=reinterpret pc=0x000000000319d7fc method=java.lang.CharacterDataLatin1.isWhitespace(I)Z @ 14
Event: 8.562 Thread 0x0000000017eb0800 Uncommon trap: reason=unstable_if action=reinterpret pc=0x00000000035d28ec method=java.security.CodeSource.getCertificates()[Ljava/security/cert/Certificate; @ 22
Event: 8.564 Thread 0x0000000017eb0800 Uncommon trap: reason=class_check action=maybe_recompile pc=0x0000000002ff73e4 method=java.util.jar.JarFile.getJarEntry(Ljava/lang/String;)Ljava/util/jar/JarEntry; @ 2
Event: 8.565 Thread 0x0000000017eb0800 Uncommon trap: reason=class_check action=maybe_recompile pc=0x0000000002ff73e4 method=java.util.jar.JarFile.getJarEntry(Ljava/lang/String;)Ljava/util/jar/JarEntry; @ 2
Event: 8.565 Thread 0x0000000017eb0800 Uncommon trap: reason=class_check action=maybe_recompile pc=0x0000000002ff73e4 method=java.util.jar.JarFile.getJarEntry(Ljava/lang/String;)Ljava/util/jar/JarEntry; @ 2
Event: 8.566 Thread 0x0000000017eb0800 Uncommon trap: reason=unstable_if action=reinterpret pc=0x00000000038469bc method=java.util.LinkedHashMap.get(Ljava/lang/Object;)Ljava/lang/Object; @ 20
Event: 8.640 Thread 0x0000000017eb0800 Uncommon trap: reason=range_check action=make_not_entrant pc=0x00000000037e46ac method=java.lang.String.charAt(I)C @ 27

Classes redefined (0 events):
No events

Internal exceptions (10 events):
Event: 9.878 Thread 0x0000000017eb0800 Exception <a 'sun/nio/fs/WindowsException'> (0x00000000edb00008) thrown at [C:\src\AOSP-openjdk-git\hotspot\src\share\vm\prims\jni.cpp, line 710]
Event: 9.878 Thread 0x0000000017eb0800 Exception <a 'sun/nio/fs/WindowsException'> (0x00000000edb00bf0) thrown at [C:\src\AOSP-openjdk-git\hotspot\src\share\vm\prims\jni.cpp, line 710]
Event: 9.879 Thread 0x0000000017eb0800 Exception <a 'sun/nio/fs/WindowsException'> (0x00000000edb04140) thrown at [C:\src\AOSP-openjdk-git\hotspot\src\share\vm\prims\jni.cpp, line 710]
Event: 9.879 Thread 0x0000000017eb0800 Exception <a 'sun/nio/fs/WindowsException'> (0x00000000edb04d28) thrown at [C:\src\AOSP-openjdk-git\hotspot\src\share\vm\prims\jni.cpp, line 710]
Event: 9.879 Thread 0x0000000017eb0800 Exception <a 'sun/nio/fs/WindowsException'> (0x00000000edb070e0) thrown at [C:\src\AOSP-openjdk-git\hotspot\src\share\vm\prims\jni.cpp, line 710]
Event: 9.879 Thread 0x0000000017eb0800 Exception <a 'sun/nio/fs/WindowsException'> (0x00000000edb07cc8) thrown at [C:\src\AOSP-openjdk-git\hotspot\src\share\vm\prims\jni.cpp, line 710]
Event: 9.880 Thread 0x0000000017eb0800 Exception <a 'sun/nio/fs/WindowsException'> (0x00000000edb0d668) thrown at [C:\src\AOSP-openjdk-git\hotspot\src\share\vm\prims\jni.cpp, line 710]
Event: 9.880 Thread 0x0000000017eb0800 Exception <a 'sun/nio/fs/WindowsException'> (0x00000000edb0e250) thrown at [C:\src\AOSP-openjdk-git\hotspot\src\share\vm\prims\jni.cpp, line 710]
Event: 9.880 Thread 0x0000000017eb0800 Exception <a 'sun/nio/fs/WindowsException'> (0x00000000edb10a00) thrown at [C:\src\AOSP-openjdk-git\hotspot\src\share\vm\prims\jni.cpp, line 710]
Event: 9.880 Thread 0x0000000017eb0800 Exception <a 'sun/nio/fs/WindowsException'> (0x00000000edb115e8) thrown at [C:\src\AOSP-openjdk-git\hotspot\src\share\vm\prims\jni.cpp, line 710]

Events (10 events):
Event: 9.846 loading class java/util/stream/Node$OfDouble done
Event: 9.846 loading class java/util/stream/Nodes$EmptyNode$OfDouble done
Event: 9.846 loading class java/util/stream/Nodes$SpinedNodeBuilder
Event: 9.846 loading class java/util/stream/Node$Builder
Event: 9.846 loading class java/util/stream/Node$Builder done
Event: 9.846 loading class java/util/stream/SpinedBuffer
Event: 9.847 loading class java/util/stream/AbstractSpinedBuffer
Event: 9.847 loading class java/util/stream/AbstractSpinedBuffer done
Event: 9.847 loading class java/util/stream/SpinedBuffer done
Event: 9.847 loading class java/util/stream/Nodes$SpinedNodeBuilder done


Dynamic libraries:
0x00007ff757240000 - 0x00007ff757271000 	C:\Program Files\Android\Android Studio\jre\bin\java.exe
0x00007ffd1e7f0000 - 0x00007ffd1e9e6000 	C:\WINDOWS\SYSTEM32\ntdll.dll
0x00007ffd1d440000 - 0x00007ffd1d4fd000 	C:\WINDOWS\System32\KERNEL32.DLL
0x00007ffd1c490000 - 0x00007ffd1c758000 	C:\WINDOWS\System32\KERNELBASE.dll
0x00007ffd1df20000 - 0x00007ffd1dfca000 	C:\WINDOWS\System32\ADVAPI32.dll
0x00007ffd1d840000 - 0x00007ffd1d8de000 	C:\WINDOWS\System32\msvcrt.dll
0x00007ffd1d670000 - 0x00007ffd1d70b000 	C:\WINDOWS\System32\sechost.dll
0x00007ffd1d710000 - 0x00007ffd1d834000 	C:\WINDOWS\System32\RPCRT4.dll
0x00007ffd1d8e0000 - 0x00007ffd1da80000 	C:\WINDOWS\System32\USER32.dll
0x00007ffd1c120000 - 0x00007ffd1c142000 	C:\WINDOWS\System32\win32u.dll
0x00007ffd1d390000 - 0x00007ffd1d3ba000 	C:\WINDOWS\System32\GDI32.dll
0x00007ffd1c7e0000 - 0x00007ffd1c8e9000 	C:\WINDOWS\System32\gdi32full.dll
0x00007ffd1c150000 - 0x00007ffd1c1ed000 	C:\WINDOWS\System32\msvcp_win.dll
0x00007ffd1c020000 - 0x00007ffd1c120000 	C:\WINDOWS\System32\ucrtbase.dll
0x00007ffd12090000 - 0x00007ffd1232b000 	C:\WINDOWS\WinSxS\amd64_microsoft.windows.common-controls_6595b64144ccf1df_6.0.19041.488_none_ca04af081b815d21\COMCTL32.dll
0x00007ffd1d500000 - 0x00007ffd1d530000 	C:\WINDOWS\System32\IMM32.DLL
0x000000005b7b0000 - 0x000000005b882000 	C:\Program Files\Android\Android Studio\jre\jre\bin\msvcr100.dll
0x000000005b890000 - 0x000000005c0db000 	C:\Program Files\Android\Android Studio\jre\jre\bin\server\jvm.dll
0x00007ffd1e6a0000 - 0x00007ffd1e6a8000 	C:\WINDOWS\System32\PSAPI.DLL
0x00007ffd07190000 - 0x00007ffd07199000 	C:\WINDOWS\SYSTEM32\WSOCK32.dll
0x00007ffd1e740000 - 0x00007ffd1e7ab000 	C:\WINDOWS\System32\WS2_32.dll
0x00007ffd13540000 - 0x00007ffd13567000 	C:\WINDOWS\SYSTEM32\WINMM.dll
0x00007ffd1acd0000 - 0x00007ffd1acda000 	C:\WINDOWS\SYSTEM32\VERSION.dll
0x00007ffd12de0000 - 0x00007ffd12def000 	C:\Program Files\Android\Android Studio\jre\jre\bin\verify.dll
0x00007ffd07220000 - 0x00007ffd07249000 	C:\Program Files\Android\Android Studio\jre\jre\bin\java.dll
0x00007ffd00370000 - 0x00007ffd00386000 	C:\Program Files\Android\Android Studio\jre\jre\bin\zip.dll
0x00007ffd1c8f0000 - 0x00007ffd1d030000 	C:\WINDOWS\System32\SHELL32.dll
0x00007ffd1a010000 - 0x00007ffd1a7a4000 	C:\WINDOWS\SYSTEM32\windows.storage.dll
0x00007ffd1d030000 - 0x00007ffd1d385000 	C:\WINDOWS\System32\combase.dll
0x00007ffd1b970000 - 0x00007ffd1b99c000 	C:\WINDOWS\SYSTEM32\Wldp.dll
0x00007ffd1e180000 - 0x00007ffd1e22e000 	C:\WINDOWS\System32\SHCORE.dll
0x00007ffd1dec0000 - 0x00007ffd1df15000 	C:\WINDOWS\System32\shlwapi.dll
0x00007ffd1bf00000 - 0x00007ffd1bf26000 	C:\WINDOWS\SYSTEM32\profapi.dll
0x00007ffd00350000 - 0x00007ffd0036a000 	C:\Program Files\Android\Android Studio\jre\jre\bin\net.dll
0x00007ffd1b6f0000 - 0x00007ffd1b75a000 	C:\WINDOWS\system32\mswsock.dll
0x00007ffd00240000 - 0x00007ffd00253000 	C:\Program Files\Android\Android Studio\jre\jre\bin\nio.dll
0x00007ffd11dd0000 - 0x00007ffd11dee000 	C:\Users\selva\.gradle\native\25\windows-amd64\native-platform.dll
0x00007ffd123e0000 - 0x00007ffd123ed000 	C:\Program Files\Android\Android Studio\jre\jre\bin\management.dll
0x00007ffd1b8d0000 - 0x00007ffd1b8e8000 	C:\WINDOWS\SYSTEM32\CRYPTSP.dll
0x00007ffd1b080000 - 0x00007ffd1b0b4000 	C:\WINDOWS\system32\rsaenh.dll
0x00007ffd1c1f0000 - 0x00007ffd1c217000 	C:\WINDOWS\System32\bcrypt.dll
0x00007ffd1be10000 - 0x00007ffd1be3e000 	C:\WINDOWS\SYSTEM32\USERENV.dll
0x00007ffd1c760000 - 0x00007ffd1c7df000 	C:\WINDOWS\System32\bcryptprimitives.dll
0x00007ffd1b8c0000 - 0x00007ffd1b8cc000 	C:\WINDOWS\SYSTEM32\CRYPTBASE.dll
0x00007ffd1b3e0000 - 0x00007ffd1b41b000 	C:\WINDOWS\SYSTEM32\IPHLPAPI.DLL
0x00007ffd1d530000 - 0x00007ffd1d539000 	C:\WINDOWS\System32\NSI.dll
0x00007ffd135b0000 - 0x00007ffd135c7000 	C:\WINDOWS\SYSTEM32\dhcpcsvc6.DLL
0x00007ffd13a20000 - 0x00007ffd13a3d000 	C:\WINDOWS\SYSTEM32\dhcpcsvc.DLL
0x00007ffd1b420000 - 0x00007ffd1b4eb000 	C:\WINDOWS\SYSTEM32\DNSAPI.dll

VM Arguments:
jvm_args: -XX:+HeapDumpOnOutOfMemoryError -Xmx1024m -Dfile.encoding=windows-1252 -Duser.country=IN -Duser.language=en -Duser.variant 
java_command: org.gradle.launcher.daemon.bootstrap.GradleDaemon 4.1
java_class_path (initial): C:\Users\selva\.gradle\wrapper\dists\gradle-4.1-all\bzyivzo6n839fup2jbap0tjew\gradle-4.1\lib\gradle-launcher-4.1.jar
Launcher Type: SUN_STANDARD

Environment Variables:
PATH=C:\Program Files (x86)\Common Files\Oracle\Java\javapath;C:\ProgramData\Oracle\Java\javapath;C:\Program Files (x86)\Intel\iCLS Client\;C:\Program Files\Intel\iCLS Client\;C:\windows\system32;C:\windows;C:\windows\System32\Wbem;C:\windows\System32\WindowsPowerShell\v1.0\;C:\Program Files\Intel\Intel(R) Management Engine Components\DAL;C:\Program Files (x86)\Intel\Intel(R) Management Engine Components\DAL;C:\Program Files\Intel\Intel(R) Management Engine Components\IPT;C:\Program Files (x86)\Intel\Intel(R) Management Engine Components\IPT;C:\adb;C:\Android;C:\Windows\System32;C:\Program Files\nodejs;C:\Users\selva\AppData\Roaming\npm;C:\Users\selva\AppData\Local\Programs\Python\Python37;C:\Users\selva\AppData\Local\Android\sdk\platform-tools;C:\Program Files\Intel\WiFi\bin\;C:\Program Files\Common Files\Intel\WirelessCommon\;C:\WINDOWS\system32;C:\WINDOWS;C:\WINDOWS\System32\Wbem;C:\WINDOWS\System32\WindowsPowerShell\v1.0\;C:\WINDOWS\System32\OpenSSH\;C:\Program Files\Git\cmd;C:\Users\selva\AppData\Roaming\npm;%USERPROFILE%\AppData\Local\Microsoft\WindowsApps;
USERNAME=selva
OS=Windows_NT
PROCESSOR_IDENTIFIER=Intel64 Family 6 Model 61 Stepping 4, GenuineIntel



---------------  S Y S T E M  ---------------

OS: Windows 10.0 , 64 bit Build 19041 (10.0.19041.546)

CPU:total 4 (initial active 4) (2 cores per cpu, 2 threads per core) family 6 model 61 stepping 4, cmov, cx8, fxsr, mmx, sse, sse2, sse3, ssse3, sse4.1, sse4.2, popcnt, avx, avx2, aes, clmul, erms, 3dnowpref, lzcnt, ht, tsc, tscinvbit, bmi1, bmi2, adx

Memory: 4k page, physical 8277100k(1001788k free), swap 12471404k(5216k free)

vm_info: OpenJDK 64-Bit Server VM (25.242-b01) for windows-amd64 JRE (1.8.0_242-release-1644-b01), built by "builder" with MS VC++ 10.0 (VS2010)

time: Fri Oct 23 23:28:01 2020
timezone: India Standard Time
elapsed time: 9 seconds (0d 0h 0m 9s)

