#
# There is insufficient memory for the Java Runtime Environment to continue.
# Native memory allocation (malloc) failed to allocate 131088 bytes for Chunk::new
# Possible reasons:
#   The system is out of physical RAM or swap space
#   The process is running with CompressedOops enabled, and the Java Heap may be blocking the growth of the native heap
# Possible solutions:
#   Reduce memory load on the system
#   Increase physical memory or swap space
#   Check if swap backing store is full
#   Decrease Java heap size (-Xmx/-Xms)
#   Decrease number of Java threads
#   Decrease Java thread stack sizes (-Xss)
#   Set larger code cache with -XX:ReservedCodeCacheSize=
#   JVM is running with Unscaled Compressed Oops mode in which the Java heap is
#     placed in the first 4GB address space. The Java Heap base address is the
#     maximum limit for the native heap growth. Please use -XX:HeapBaseMinAddress
#     to set the Java Heap base and to place the Java Heap above 4GB virtual address.
# This output file may be truncated or incomplete.
#
#  Out of Memory Error (allocation.cpp:389), pid=9600, tid=0x0000000000002d88
#
# JRE version: OpenJDK Runtime Environment (8.0_242-b01) (build 1.8.0_242-release-1644-b01)
# Java VM: OpenJDK 64-Bit Server VM (25.242-b01 mixed mode windows-amd64 compressed oops)
# Failed to write core dump. Minidumps are not enabled by default on client versions of Windows
#

---------------  T H R E A D  ---------------

Current thread (0x0000000014d11800):  JavaThread "C2 CompilerThread1" daemon [_thread_in_native, id=11656, stack(0x0000000016460000,0x0000000016560000)]

Stack: [0x0000000016460000,0x0000000016560000]
[error occurred during error reporting (printing stack bounds), id 0xc0000005]

Native frames: (J=compiled Java code, j=interpreted, Vv=VM code, C=native code)


Current CompileTask:
C2:   7916 3081       4       org.objectweb.asm.Frame::execute (2252 bytes)


---------------  P R O C E S S  ---------------

Java Threads: ( => current thread )
  0x00000000192db800 JavaThread "Memory manager" [_thread_blocked, id=14368, stack(0x000000001efe0000,0x000000001f0e0000)]
  0x00000000192dd000 JavaThread "build operations Thread 4" [_thread_blocked, id=15864, stack(0x000000001eae0000,0x000000001ebe0000)]
  0x00000000192db000 JavaThread "build operations Thread 3" [_thread_blocked, id=2444, stack(0x000000001e9e0000,0x000000001eae0000)]
  0x00000000192e1800 JavaThread "build operations Thread 2" [_thread_blocked, id=7360, stack(0x000000001e8e0000,0x000000001e9e0000)]
  0x00000000192dc800 JavaThread "build operations" [_thread_blocked, id=3184, stack(0x000000001c2a0000,0x000000001c3a0000)]
  0x00000000192de000 JavaThread "Cache worker for Artifact transforms cache (C:\Users\selva\.gradle\caches\transforms-1)" [_thread_blocked, id=13000, stack(0x000000001b950000,0x000000001ba50000)]
  0x0000000017be9800 JavaThread "Cache worker for file hash cache (D:\Studioworkspace\Google play protect\.gradle\4.1\fileHashes)" [_thread_blocked, id=8312, stack(0x000000001a880000,0x000000001a980000)]
  0x00000000168d2800 JavaThread "File lock request listener" [_thread_in_native, id=17592, stack(0x000000001a780000,0x000000001a880000)]
  0x000000001683e800 JavaThread "Cache worker for file hash cache (C:\Users\selva\.gradle\caches\4.1\fileHashes)" [_thread_blocked, id=17560, stack(0x000000001a480000,0x000000001a580000)]
  0x0000000018466800 JavaThread "Stdin handler" [_thread_blocked, id=9972, stack(0x000000001a380000,0x000000001a480000)]
  0x0000000017b90000 JavaThread "Asynchronous log dispatcher for DefaultDaemonConnection: socket connection from /127.0.0.1:57356 to /127.0.0.1:57357" [_thread_blocked, id=11048, stack(0x000000001a280000,0x000000001a380000)]
  0x0000000017b96800 JavaThread "Daemon worker" [_thread_in_native, id=5000, stack(0x000000001a180000,0x000000001a280000)]
  0x0000000017b89800 JavaThread "Cancel handler" [_thread_blocked, id=13668, stack(0x000000001a080000,0x000000001a180000)]
  0x0000000017c41800 JavaThread "Handler for socket connection from /127.0.0.1:57356 to /127.0.0.1:57357" [_thread_in_native, id=17992, stack(0x0000000019d80000,0x0000000019e80000)]
  0x0000000017775000 JavaThread "Daemon" [_thread_blocked, id=18324, stack(0x0000000019c80000,0x0000000019d80000)]
  0x000000001795d000 JavaThread "Daemon periodic checks" [_thread_blocked, id=12280, stack(0x0000000019b80000,0x0000000019c80000)]
  0x00000000178db800 JavaThread "Incoming local TCP Connector on port 57356" [_thread_in_native, id=12380, stack(0x0000000019940000,0x0000000019a40000)]
  0x0000000016689800 JavaThread "Service Thread" daemon [_thread_blocked, id=17600, stack(0x0000000016a60000,0x0000000016b60000)]
  0x0000000014d16000 JavaThread "C1 CompilerThread2" daemon [_thread_blocked, id=10060, stack(0x0000000016560000,0x0000000016660000)]
=>0x0000000014d11800 JavaThread "C2 CompilerThread1" daemon [_thread_in_native, id=11656, stack(0x0000000016460000,0x0000000016560000)]
  0x0000000014d0b800 JavaThread "C2 CompilerThread0" daemon [_thread_blocked, id=10708, stack(0x0000000016360000,0x0000000016460000)]
  0x0000000014d05000 JavaThread "Attach Listener" daemon [_thread_blocked, id=14412, stack(0x0000000016260000,0x0000000016360000)]
  0x0000000014d07800 JavaThread "Signal Dispatcher" daemon [_thread_blocked, id=11932, stack(0x0000000016160000,0x0000000016260000)]
  0x000000000262c800 JavaThread "Finalizer" daemon [_thread_blocked, id=17620, stack(0x0000000015f60000,0x0000000016060000)]
  0x0000000014ce9000 JavaThread "Reference Handler" daemon [_thread_blocked, id=11840, stack(0x0000000015e60000,0x0000000015f60000)]
  0x000000000066e000 JavaThread "main" [_thread_blocked, id=6596, stack(0x0000000002430000,0x0000000002530000)]

Other Threads:
  0x0000000014cc8000 VMThread [stack: 0x0000000015d60000,0x0000000015e60000] [id=14884]
  0x000000001668a000 WatcherThread [stack: 0x0000000016b60000,0x0000000016c60000] [id=9552]

VM state:not at safepoint (normal execution)

VM Mutex/Monitor currently owned by a thread: None

heap address: 0x00000000c0000000, size: 1024 MB, Compressed Oops mode: 32-bit
Narrow klass base: 0x0000000000000000, Narrow klass shift: 3
Compressed class space size: 1073741824 Address: 0x0000000100000000

Heap:
 PSYoungGen      total 106496K, used 8457K [0x00000000eab00000, 0x00000000f4d80000, 0x0000000100000000)
  eden space 94720K, 8% used [0x00000000eab00000,0x00000000eb342720,0x00000000f0780000)
  from space 11776K, 0% used [0x00000000f0780000,0x00000000f0780000,0x00000000f1300000)
  to   space 11776K, 0% used [0x00000000f4200000,0x00000000f4200000,0x00000000f4d80000)
 ParOldGen       total 100864K, used 15107K [0x00000000c0000000, 0x00000000c6280000, 0x00000000eab00000)
  object space 100864K, 14% used [0x00000000c0000000,0x00000000c0ec0d98,0x00000000c6280000)
 Metaspace       used 35189K, capacity 35864K, committed 36056K, reserved 1081344K
  class space    used 4832K, capacity 5055K, committed 5120K, reserved 1048576K

Card table byte_map: [0x00000000119f0000,0x0000000011c00000] byte_map_base: 0x00000000113f0000

Marking Bits: (ParMarkBitMap*) 0x000000005c05f030
 Begin Bits: [0x0000000012160000, 0x0000000013160000)
 End Bits:   [0x0000000013160000, 0x0000000014160000)

Polling page: 0x0000000000680000

CodeCache: size=245760Kb used=9800Kb max_used=10124Kb free=235959Kb
 bounds [0x0000000002630000, 0x0000000003030000, 0x0000000011630000]
 total_blobs=3481 nmethods=2774 adapters=619
 compilation: enabled

Compilation events (10 events):
Event: 7.907 Thread 0x0000000014d16000 nmethod 3088 0x00000000029d9e50 code [0x00000000029d9fc0, 0x00000000029da330]
Event: 7.907 Thread 0x0000000014d16000 3089       3       java.lang.Thread::isInterrupted (6 bytes)
Event: 7.907 Thread 0x0000000014d16000 nmethod 3089 0x0000000002789150 code [0x00000000027892c0, 0x0000000002789448]
Event: 7.909 Thread 0x0000000014d16000 3090       3       java.nio.ByteBuffer::wrap (8 bytes)
Event: 7.909 Thread 0x0000000014d16000 nmethod 3090 0x00000000029d9710 code [0x00000000029d98a0, 0x00000000029d9c38]
Event: 7.909 Thread 0x0000000014d16000 3091   !   3       java.nio.ByteBuffer::wrap (20 bytes)
Event: 7.909 Thread 0x0000000014d16000 nmethod 3091 0x00000000029d9050 code [0x00000000029d91e0, 0x00000000029d9518]
Event: 7.914 Thread 0x0000000014d16000 3092       3       com.google.common.collect.FluentIterable::<init> (10 bytes)
Event: 7.915 Thread 0x0000000014d16000 nmethod 3092 0x000000000295f7d0 code [0x000000000295f920, 0x000000000295faf0]
Event: 7.915 Thread 0x0000000014d16000 3093       1       java.util.EnumMap::access$600 (5 bytes)

GC Heap History (10 events):
Event: 4.148 GC heap before
{Heap before GC invocations=5 (full 1):
 PSYoungGen      total 71680K, used 5088K [0x00000000eab00000, 0x00000000ef600000, 0x0000000100000000)
  eden space 66560K, 0% used [0x00000000eab00000,0x00000000eab00000,0x00000000eec00000)
  from space 5120K, 99% used [0x00000000ef100000,0x00000000ef5f8030,0x00000000ef600000)
  to   space 5120K, 0% used [0x00000000eec00000,0x00000000eec00000,0x00000000ef100000)
 ParOldGen       total 87552K, used 7823K [0x00000000c0000000, 0x00000000c5580000, 0x00000000eab00000)
  object space 87552K, 8% used [0x00000000c0000000,0x00000000c07a3fb0,0x00000000c5580000)
 Metaspace       used 20724K, capacity 21178K, committed 21248K, reserved 1067008K
  class space    used 2860K, capacity 3035K, committed 3072K, reserved 1048576K
Event: 4.211 GC heap after
Heap after GC invocations=5 (full 1):
 PSYoungGen      total 71680K, used 0K [0x00000000eab00000, 0x00000000ef600000, 0x0000000100000000)
  eden space 66560K, 0% used [0x00000000eab00000,0x00000000eab00000,0x00000000eec00000)
  from space 5120K, 0% used [0x00000000ef100000,0x00000000ef100000,0x00000000ef600000)
  to   space 5120K, 0% used [0x00000000eec00000,0x00000000eec00000,0x00000000ef100000)
 ParOldGen       total 65024K, used 9090K [0x00000000c0000000, 0x00000000c3f80000, 0x00000000eab00000)
  object space 65024K, 13% used [0x00000000c0000000,0x00000000c08e09a0,0x00000000c3f80000)
 Metaspace       used 20724K, capacity 21178K, committed 21248K, reserved 1067008K
  class space    used 2860K, capacity 3035K, committed 3072K, reserved 1048576K
}
Event: 5.581 GC heap before
{Heap before GC invocations=6 (full 1):
 PSYoungGen      total 71680K, used 66560K [0x00000000eab00000, 0x00000000ef600000, 0x0000000100000000)
  eden space 66560K, 100% used [0x00000000eab00000,0x00000000eec00000,0x00000000eec00000)
  from space 5120K, 0% used [0x00000000ef100000,0x00000000ef100000,0x00000000ef600000)
  to   space 5120K, 0% used [0x00000000eec00000,0x00000000eec00000,0x00000000ef100000)
 ParOldGen       total 65024K, used 9090K [0x00000000c0000000, 0x00000000c3f80000, 0x00000000eab00000)
  object space 65024K, 13% used [0x00000000c0000000,0x00000000c08e09a0,0x00000000c3f80000)
 Metaspace       used 26109K, capacity 26608K, committed 26880K, reserved 1073152K
  class space    used 3571K, capacity 3755K, committed 3840K, reserved 1048576K
Event: 5.591 GC heap after
Heap after GC invocations=6 (full 1):
 PSYoungGen      total 71680K, used 5116K [0x00000000eab00000, 0x00000000f1d00000, 0x0000000100000000)
  eden space 66560K, 0% used [0x00000000eab00000,0x00000000eab00000,0x00000000eec00000)
  from space 5120K, 99% used [0x00000000eec00000,0x00000000ef0ff1d0,0x00000000ef100000)
  to   space 10240K, 0% used [0x00000000f1300000,0x00000000f1300000,0x00000000f1d00000)
 ParOldGen       total 65024K, used 10834K [0x00000000c0000000, 0x00000000c3f80000, 0x00000000eab00000)
  object space 65024K, 16% used [0x00000000c0000000,0x00000000c0a94860,0x00000000c3f80000)
 Metaspace       used 26109K, capacity 26608K, committed 26880K, reserved 1073152K
  class space    used 3571K, capacity 3755K, committed 3840K, reserved 1048576K
}
Event: 7.026 GC heap before
{Heap before GC invocations=7 (full 1):
 PSYoungGen      total 71680K, used 71676K [0x00000000eab00000, 0x00000000f1d00000, 0x0000000100000000)
  eden space 66560K, 100% used [0x00000000eab00000,0x00000000eec00000,0x00000000eec00000)
  from space 5120K, 99% used [0x00000000eec00000,0x00000000ef0ff1d0,0x00000000ef100000)
  to   space 10240K, 0% used [0x00000000f1300000,0x00000000f1300000,0x00000000f1d00000)
 ParOldGen       total 65024K, used 10834K [0x00000000c0000000, 0x00000000c3f80000, 0x00000000eab00000)
  object space 65024K, 16% used [0x00000000c0000000,0x00000000c0a94860,0x00000000c3f80000)
 Metaspace       used 30490K, capacity 31172K, committed 31360K, reserved 1077248K
  class space    used 4212K, capacity 4426K, committed 4480K, reserved 1048576K
Event: 7.056 GC heap after
Heap after GC invocations=7 (full 1):
 PSYoungGen      total 104960K, used 10078K [0x00000000eab00000, 0x00000000f2300000, 0x0000000100000000)
  eden space 94720K, 0% used [0x00000000eab00000,0x00000000eab00000,0x00000000f0780000)
  from space 10240K, 98% used [0x00000000f1300000,0x00000000f1cd7838,0x00000000f1d00000)
  to   space 11776K, 0% used [0x00000000f0780000,0x00000000f0780000,0x00000000f1300000)
 ParOldGen       total 65024K, used 10842K [0x00000000c0000000, 0x00000000c3f80000, 0x00000000eab00000)
  object space 65024K, 16% used [0x00000000c0000000,0x00000000c0a96860,0x00000000c3f80000)
 Metaspace       used 30490K, capacity 31172K, committed 31360K, reserved 1077248K
  class space    used 4212K, capacity 4426K, committed 4480K, reserved 1048576K
}
Event: 7.680 GC heap before
{Heap before GC invocations=8 (full 1):
 PSYoungGen      total 104960K, used 30886K [0x00000000eab00000, 0x00000000f2300000, 0x0000000100000000)
  eden space 94720K, 21% used [0x00000000eab00000,0x00000000ebf51ff0,0x00000000f0780000)
  from space 10240K, 98% used [0x00000000f1300000,0x00000000f1cd7838,0x00000000f1d00000)
  to   space 11776K, 0% used [0x00000000f0780000,0x00000000f0780000,0x00000000f1300000)
 ParOldGen       total 65024K, used 10842K [0x00000000c0000000, 0x00000000c3f80000, 0x00000000eab00000)
  object space 65024K, 16% used [0x00000000c0000000,0x00000000c0a96860,0x00000000c3f80000)
 Metaspace       used 34682K, capacity 35282K, committed 35416K, reserved 1079296K
  class space    used 4737K, capacity 4990K, committed 4992K, reserved 1048576K
Event: 7.692 GC heap after
Heap after GC invocations=8 (full 1):
 PSYoungGen      total 106496K, used 8899K [0x00000000eab00000, 0x00000000f4d80000, 0x0000000100000000)
  eden space 94720K, 0% used [0x00000000eab00000,0x00000000eab00000,0x00000000f0780000)
  from space 11776K, 75% used [0x00000000f0780000,0x00000000f1030fd0,0x00000000f1300000)
  to   space 11776K, 0% used [0x00000000f4200000,0x00000000f4200000,0x00000000f4d80000)
 ParOldGen       total 65024K, used 10850K [0x00000000c0000000, 0x00000000c3f80000, 0x00000000eab00000)
  object space 65024K, 16% used [0x00000000c0000000,0x00000000c0a98860,0x00000000c3f80000)
 Metaspace       used 34682K, capacity 35282K, committed 35416K, reserved 1079296K
  class space    used 4737K, capacity 4990K, committed 4992K, reserved 1048576K
}
Event: 7.692 GC heap before
{Heap before GC invocations=9 (full 2):
 PSYoungGen      total 106496K, used 8899K [0x00000000eab00000, 0x00000000f4d80000, 0x0000000100000000)
  eden space 94720K, 0% used [0x00000000eab00000,0x00000000eab00000,0x00000000f0780000)
  from space 11776K, 75% used [0x00000000f0780000,0x00000000f1030fd0,0x00000000f1300000)
  to   space 11776K, 0% used [0x00000000f4200000,0x00000000f4200000,0x00000000f4d80000)
 ParOldGen       total 65024K, used 10850K [0x00000000c0000000, 0x00000000c3f80000, 0x00000000eab00000)
  object space 65024K, 16% used [0x00000000c0000000,0x00000000c0a98860,0x00000000c3f80000)
 Metaspace       used 34682K, capacity 35282K, committed 35416K, reserved 1079296K
  class space    used 4737K, capacity 4990K, committed 4992K, reserved 1048576K
Event: 7.794 GC heap after
Heap after GC invocations=9 (full 2):
 PSYoungGen      total 106496K, used 0K [0x00000000eab00000, 0x00000000f4d80000, 0x0000000100000000)
  eden space 94720K, 0% used [0x00000000eab00000,0x00000000eab00000,0x00000000f0780000)
  from space 11776K, 0% used [0x00000000f0780000,0x00000000f0780000,0x00000000f1300000)
  to   space 11776K, 0% used [0x00000000f4200000,0x00000000f4200000,0x00000000f4d80000)
 ParOldGen       total 100864K, used 15107K [0x00000000c0000000, 0x00000000c6280000, 0x00000000eab00000)
  object space 100864K, 14% used [0x00000000c0000000,0x00000000c0ec0d98,0x00000000c6280000)
 Metaspace       used 34682K, capacity 35282K, committed 35416K, reserved 1079296K
  class space    used 4737K, capacity 4990K, committed 4992K, reserved 1048576K
}

Deoptimization events (10 events):
Event: 6.721 Thread 0x0000000017b96800 Uncommon trap: reason=class_check action=maybe_recompile pc=0x0000000002efae48 method=java.io.BufferedInputStream.read1([BII)I @ 39
Event: 6.721 Thread 0x0000000017b96800 Uncommon trap: reason=class_check action=maybe_recompile pc=0x0000000002efae48 method=java.io.BufferedInputStream.read1([BII)I @ 39
Event: 6.721 Thread 0x0000000017b96800 Uncommon trap: reason=class_check action=maybe_recompile pc=0x0000000002efae48 method=java.io.BufferedInputStream.read1([BII)I @ 39
Event: 6.767 Thread 0x0000000017b96800 Uncommon trap: reason=class_check action=maybe_recompile pc=0x0000000002efae48 method=java.io.BufferedInputStream.read1([BII)I @ 39
Event: 6.768 Thread 0x0000000017b96800 Uncommon trap: reason=class_check action=maybe_recompile pc=0x0000000002ee12c0 method=java.io.BufferedInputStream.read1([BII)I @ 39
Event: 6.941 Thread 0x0000000017b96800 Uncommon trap: reason=unstable_if action=reinterpret pc=0x00000000027d8594 method=java.lang.String.replace(CC)Ljava/lang/String; @ 2
Event: 6.950 Thread 0x0000000017b96800 Uncommon trap: reason=bimorphic action=maybe_recompile pc=0x0000000002eeae08 method=org.codehaus.groovy.runtime.metaclass.MetaMethodIndex.addMethodToList(Ljava/lang/Object;Lgroovy/lang/MetaMethod;)Ljava/lang/Object; @ 96
Event: 7.216 Thread 0x0000000017b96800 Uncommon trap: reason=predicate action=maybe_recompile pc=0x000000000301cc40 method=java.util.Arrays.binarySearch0([Ljava/lang/Object;IILjava/lang/Object;Ljava/util/Comparator;)I @ 28
Event: 7.277 Thread 0x0000000017b96800 Uncommon trap: reason=unstable_if action=reinterpret pc=0x0000000002bf75a0 method=sun.misc.MetaIndex.mayContain(Ljava/lang/String;)Z @ 38
Event: 7.894 Thread 0x0000000017b96800 Uncommon trap: reason=range_check action=make_not_entrant pc=0x0000000002c1a2fc method=java.lang.String.charAt(I)C @ 27

Classes redefined (0 events):
No events

Internal exceptions (10 events):
Event: 6.953 Thread 0x0000000017b96800 Exception <a 'java/lang/ClassNotFoundException': org/gradle/api/internal/project/DefaultAntBuilderBeanInfo> (0x00000000ee9b7db8) thrown at [C:\src\AOSP-openjdk-git\hotspot\src\share\vm\classfile\systemDictionary.cpp, line 210]
Event: 6.956 Thread 0x0000000017b96800 Exception <a 'java/lang/ClassNotFoundException': org/gradle/api/internal/project/ant/BasicAntBuilderBeanInfo> (0x00000000ee9e5ff0) thrown at [C:\src\AOSP-openjdk-git\hotspot\src\share\vm\classfile\systemDictionary.cpp, line 210]
Event: 6.957 Thread 0x0000000017b96800 Exception <a 'java/lang/ClassNotFoundException': org/gradle/api/AntBuilderBeanInfo> (0x00000000eea067a8) thrown at [C:\src\AOSP-openjdk-git\hotspot\src\share\vm\classfile\systemDictionary.cpp, line 210]
Event: 6.958 Thread 0x0000000017b96800 Exception <a 'java/lang/ClassNotFoundException': groovy/util/AntBuilderBeanInfo> (0x00000000eea25a20) thrown at [C:\src\AOSP-openjdk-git\hotspot\src\share\vm\classfile\systemDictionary.cpp, line 210]
Event: 6.959 Thread 0x0000000017b96800 Exception <a 'java/lang/ClassNotFoundException': groovy/util/BuilderSupportBeanInfo> (0x00000000eea461b0) thrown at [C:\src\AOSP-openjdk-git\hotspot\src\share\vm\classfile\systemDictionary.cpp, line 210]
Event: 6.961 Thread 0x0000000017b96800 Exception <a 'java/lang/ClassNotFoundException': groovy/util/BuilderSupportCustomizer> (0x00000000eea68800) thrown at [C:\src\AOSP-openjdk-git\hotspot\src\share\vm\classfile\systemDictionary.cpp, line 210]
Event: 6.963 Thread 0x0000000017b96800 Exception <a 'java/lang/ClassNotFoundException': groovy/util/AntBuilderCustomizer> (0x00000000eea8bca8) thrown at [C:\src\AOSP-openjdk-git\hotspot\src\share\vm\classfile\systemDictionary.cpp, line 210]
Event: 6.966 Thread 0x0000000017b96800 Exception <a 'java/lang/ClassNotFoundException': org/gradle/api/AntBuilderCustomizer> (0x00000000eeab42f8) thrown at [C:\src\AOSP-openjdk-git\hotspot\src\share\vm\classfile\systemDictionary.cpp, line 210]
Event: 6.968 Thread 0x0000000017b96800 Exception <a 'java/lang/ClassNotFoundException': org/gradle/api/internal/project/ant/BasicAntBuilderCustomizer> (0x00000000eeaf0a00) thrown at [C:\src\AOSP-openjdk-git\hotspot\src\share\vm\classfile\systemDictionary.cpp, line 210]
Event: 6.977 Thread 0x0000000017b96800 Exception <a 'java/lang/ClassNotFoundException': org/gradle/api/internal/project/DefaultAntBuilderCustomizer> (0x00000000eeb33e78) thrown at [C:\src\AOSP-openjdk-git\hotspot\src\share\vm\classfile\systemDictionary.cpp, line 210]

Events (10 events):
Event: 7.912 loading class com/google/common/collect/ImmutableEnumMap$1
Event: 7.912 loading class com/google/common/collect/ImmutableEnumMap$1 done
Event: 7.913 loading class java/util/EnumMap$EntrySet
Event: 7.913 loading class java/util/EnumMap$EntrySet done
Event: 7.913 loading class java/util/EnumMap$EntryIterator
Event: 7.913 loading class java/util/EnumMap$EntryIterator done
Event: 7.913 loading class java/util/EnumMap$EntryIterator$Entry
Event: 7.913 loading class java/util/EnumMap$EntryIterator$Entry done
Event: 7.913 loading class org/gradle/model/internal/manage/schema/extract/ModelPropertyExtractionResult
Event: 7.913 loading class org/gradle/model/internal/manage/schema/extract/ModelPropertyExtractionResult done


Dynamic libraries:
0x00007ff757240000 - 0x00007ff757271000 	C:\Program Files\Android\Android Studio\jre\bin\java.exe
0x00007ffd1e7f0000 - 0x00007ffd1e9e6000 	C:\WINDOWS\SYSTEM32\ntdll.dll
0x00007ffd1d440000 - 0x00007ffd1d4fd000 	C:\WINDOWS\System32\KERNEL32.DLL
0x00007ffd1c490000 - 0x00007ffd1c758000 	C:\WINDOWS\System32\KERNELBASE.dll
0x00007ffd1df20000 - 0x00007ffd1dfca000 	C:\WINDOWS\System32\ADVAPI32.dll
0x00007ffd1d840000 - 0x00007ffd1d8de000 	C:\WINDOWS\System32\msvcrt.dll
0x00007ffd1d670000 - 0x00007ffd1d70b000 	C:\WINDOWS\System32\sechost.dll
0x00007ffd1d710000 - 0x00007ffd1d834000 	C:\WINDOWS\System32\RPCRT4.dll
0x00007ffd1d8e0000 - 0x00007ffd1da80000 	C:\WINDOWS\System32\USER32.dll
0x00007ffd1c120000 - 0x00007ffd1c142000 	C:\WINDOWS\System32\win32u.dll
0x00007ffd1d390000 - 0x00007ffd1d3ba000 	C:\WINDOWS\System32\GDI32.dll
0x00007ffd1c7e0000 - 0x00007ffd1c8e9000 	C:\WINDOWS\System32\gdi32full.dll
0x00007ffd1c150000 - 0x00007ffd1c1ed000 	C:\WINDOWS\System32\msvcp_win.dll
0x00007ffd1c020000 - 0x00007ffd1c120000 	C:\WINDOWS\System32\ucrtbase.dll
0x00007ffd12090000 - 0x00007ffd1232b000 	C:\WINDOWS\WinSxS\amd64_microsoft.windows.common-controls_6595b64144ccf1df_6.0.19041.488_none_ca04af081b815d21\COMCTL32.dll
0x00007ffd1d500000 - 0x00007ffd1d530000 	C:\WINDOWS\System32\IMM32.DLL
0x000000005b7b0000 - 0x000000005b882000 	C:\Program Files\Android\Android Studio\jre\jre\bin\msvcr100.dll
0x000000005b890000 - 0x000000005c0db000 	C:\Program Files\Android\Android Studio\jre\jre\bin\server\jvm.dll
0x00007ffd1e6a0000 - 0x00007ffd1e6a8000 	C:\WINDOWS\System32\PSAPI.DLL
0x00007ffd13540000 - 0x00007ffd13567000 	C:\WINDOWS\SYSTEM32\WINMM.dll
0x00007ffd07190000 - 0x00007ffd07199000 	C:\WINDOWS\SYSTEM32\WSOCK32.dll
0x00007ffd1e740000 - 0x00007ffd1e7ab000 	C:\WINDOWS\System32\WS2_32.dll
0x00007ffd1acd0000 - 0x00007ffd1acda000 	C:\WINDOWS\SYSTEM32\VERSION.dll
0x00007ffd12de0000 - 0x00007ffd12def000 	C:\Program Files\Android\Android Studio\jre\jre\bin\verify.dll
0x00007ffd07220000 - 0x00007ffd07249000 	C:\Program Files\Android\Android Studio\jre\jre\bin\java.dll
0x00007ffd00370000 - 0x00007ffd00386000 	C:\Program Files\Android\Android Studio\jre\jre\bin\zip.dll
0x00007ffd1c8f0000 - 0x00007ffd1d030000 	C:\WINDOWS\System32\SHELL32.dll
0x00007ffd1a010000 - 0x00007ffd1a7a4000 	C:\WINDOWS\SYSTEM32\windows.storage.dll
0x00007ffd1d030000 - 0x00007ffd1d385000 	C:\WINDOWS\System32\combase.dll
0x00007ffd1b970000 - 0x00007ffd1b99c000 	C:\WINDOWS\SYSTEM32\Wldp.dll
0x00007ffd1e180000 - 0x00007ffd1e22e000 	C:\WINDOWS\System32\SHCORE.dll
0x00007ffd1dec0000 - 0x00007ffd1df15000 	C:\WINDOWS\System32\shlwapi.dll
0x00007ffd1bf00000 - 0x00007ffd1bf26000 	C:\WINDOWS\SYSTEM32\profapi.dll
0x00007ffd00350000 - 0x00007ffd0036a000 	C:\Program Files\Android\Android Studio\jre\jre\bin\net.dll
0x00007ffd1b6f0000 - 0x00007ffd1b75a000 	C:\WINDOWS\system32\mswsock.dll
0x00007ffd00240000 - 0x00007ffd00253000 	C:\Program Files\Android\Android Studio\jre\jre\bin\nio.dll
0x00007ffd11dd0000 - 0x00007ffd11dee000 	C:\Users\selva\.gradle\native\25\windows-amd64\native-platform.dll
0x00007ffd123e0000 - 0x00007ffd123ed000 	C:\Program Files\Android\Android Studio\jre\jre\bin\management.dll
0x00007ffd1b8d0000 - 0x00007ffd1b8e8000 	C:\WINDOWS\SYSTEM32\CRYPTSP.dll
0x00007ffd1b080000 - 0x00007ffd1b0b4000 	C:\WINDOWS\system32\rsaenh.dll
0x00007ffd1c1f0000 - 0x00007ffd1c217000 	C:\WINDOWS\System32\bcrypt.dll
0x00007ffd1be10000 - 0x00007ffd1be3e000 	C:\WINDOWS\SYSTEM32\USERENV.dll
0x00007ffd1c760000 - 0x00007ffd1c7df000 	C:\WINDOWS\System32\bcryptprimitives.dll
0x00007ffd1b8c0000 - 0x00007ffd1b8cc000 	C:\WINDOWS\SYSTEM32\CRYPTBASE.dll
0x00007ffd1b3e0000 - 0x00007ffd1b41b000 	C:\WINDOWS\SYSTEM32\IPHLPAPI.DLL
0x00007ffd1d530000 - 0x00007ffd1d539000 	C:\WINDOWS\System32\NSI.dll
0x00007ffd135b0000 - 0x00007ffd135c7000 	C:\WINDOWS\SYSTEM32\dhcpcsvc6.DLL
0x00007ffd13a20000 - 0x00007ffd13a3d000 	C:\WINDOWS\SYSTEM32\dhcpcsvc.DLL
0x00007ffd1b420000 - 0x00007ffd1b4eb000 	C:\WINDOWS\SYSTEM32\DNSAPI.dll

VM Arguments:
jvm_args: -XX:+HeapDumpOnOutOfMemoryError -Xmx1024m -Dfile.encoding=windows-1252 -Duser.country=IN -Duser.language=en -Duser.variant 
java_command: org.gradle.launcher.daemon.bootstrap.GradleDaemon 4.1
java_class_path (initial): C:\Users\selva\.gradle\wrapper\dists\gradle-4.1-all\bzyivzo6n839fup2jbap0tjew\gradle-4.1\lib\gradle-launcher-4.1.jar
Launcher Type: SUN_STANDARD

Environment Variables:
PATH=C:\Program Files (x86)\Common Files\Oracle\Java\javapath;C:\ProgramData\Oracle\Java\javapath;C:\Program Files (x86)\Intel\iCLS Client\;C:\Program Files\Intel\iCLS Client\;C:\windows\system32;C:\windows;C:\windows\System32\Wbem;C:\windows\System32\WindowsPowerShell\v1.0\;C:\Program Files\Intel\Intel(R) Management Engine Components\DAL;C:\Program Files (x86)\Intel\Intel(R) Management Engine Components\DAL;C:\Program Files\Intel\Intel(R) Management Engine Components\IPT;C:\Program Files (x86)\Intel\Intel(R) Management Engine Components\IPT;C:\adb;C:\Android;C:\Windows\System32;C:\Program Files\nodejs;C:\Users\selva\AppData\Roaming\npm;C:\Users\selva\AppData\Local\Programs\Python\Python37;C:\Users\selva\AppData\Local\Android\sdk\platform-tools;C:\Program Files\Intel\WiFi\bin\;C:\Program Files\Common Files\Intel\WirelessCommon\;C:\WINDOWS\system32;C:\WINDOWS;C:\WINDOWS\System32\Wbem;C:\WINDOWS\System32\WindowsPowerShell\v1.0\;C:\WINDOWS\System32\OpenSSH\;C:\Program Files\Git\cmd;C:\Users\selva\AppData\Roaming\npm;%USERPROFILE%\AppData\Local\Microsoft\WindowsApps;
USERNAME=selva
OS=Windows_NT
PROCESSOR_IDENTIFIER=Intel64 Family 6 Model 61 Stepping 4, GenuineIntel



---------------  S Y S T E M  ---------------

OS: Windows 10.0 , 64 bit Build 19041 (10.0.19041.546)

CPU:total 4 (initial active 4) (2 cores per cpu, 2 threads per core) family 6 model 61 stepping 4, cmov, cx8, fxsr, mmx, sse, sse2, sse3, ssse3, sse4.1, sse4.2, popcnt, avx, avx2, aes, clmul, erms, 3dnowpref, lzcnt, ht, tsc, tscinvbit, bmi1, bmi2, adx

Memory: 4k page, physical 8277100k(596996k free), swap 12471404k(5192k free)

vm_info: OpenJDK 64-Bit Server VM (25.242-b01) for windows-amd64 JRE (1.8.0_242-release-1644-b01), built by "builder" with MS VC++ 10.0 (VS2010)

time: Fri Oct 23 23:15:51 2020
timezone: India Standard Time
elapsed time: 7 seconds (0d 0h 0m 7s)

