#
# There is insufficient memory for the Java Runtime Environment to continue.
# Native memory allocation (malloc) failed to allocate 1766736 bytes for Chunk::new
# Possible reasons:
#   The system is out of physical RAM or swap space
#   The process is running with CompressedOops enabled, and the Java Heap may be blocking the growth of the native heap
# Possible solutions:
#   Reduce memory load on the system
#   Increase physical memory or swap space
#   Check if swap backing store is full
#   Decrease Java heap size (-Xmx/-Xms)
#   Decrease number of Java threads
#   Decrease Java thread stack sizes (-Xss)
#   Set larger code cache with -XX:ReservedCodeCacheSize=
#   JVM is running with Unscaled Compressed Oops mode in which the Java heap is
#     placed in the first 4GB address space. The Java Heap base address is the
#     maximum limit for the native heap growth. Please use -XX:HeapBaseMinAddress
#     to set the Java Heap base and to place the Java Heap above 4GB virtual address.
# This output file may be truncated or incomplete.
#
#  Out of Memory Error (allocation.cpp:389), pid=10648, tid=0x00000000000047c0
#
# JRE version: OpenJDK Runtime Environment (8.0_242-b01) (build 1.8.0_242-release-1644-b01)
# Java VM: OpenJDK 64-Bit Server VM (25.242-b01 mixed mode windows-amd64 compressed oops)
# Failed to write core dump. Minidumps are not enabled by default on client versions of Windows
#

---------------  T H R E A D  ---------------

Current thread (0x00000000158f9000):  JavaThread "C2 CompilerThread0" daemon [_thread_in_native, id=18368, stack(0x0000000016f40000,0x0000000017040000)]

Stack: [0x0000000016f40000,0x0000000017040000]
[error occurred during error reporting (printing stack bounds), id 0xc0000005]

Native frames: (J=compiled Java code, j=interpreted, Vv=VM code, C=native code)


Current CompileTask:
C2:  15117 4646       4       sun.reflect.generics.parser.SignatureParser::parseTypeSignature (130 bytes)


---------------  P R O C E S S  ---------------

Java Threads: ( => current thread )
  0x000000001b6de800 JavaThread "Memory manager" [_thread_blocked, id=15344, stack(0x00000000201f0000,0x00000000202f0000)]
  0x000000001b6db800 JavaThread "build operations Thread 4" [_thread_blocked, id=18204, stack(0x000000001fef0000,0x000000001fff0000)]
  0x000000001b6dd800 JavaThread "build operations Thread 3" [_thread_blocked, id=256, stack(0x000000001fdf0000,0x000000001fef0000)]
  0x000000001b6d9000 JavaThread "build operations Thread 2" [_thread_blocked, id=8852, stack(0x000000001fcf0000,0x000000001fdf0000)]
  0x000000001b6da800 JavaThread "build operations" [_thread_blocked, id=12952, stack(0x000000001faf0000,0x000000001fbf0000)]
  0x000000001b6da000 JavaThread "Cache worker for Artifact transforms cache (C:\Users\selva\.gradle\caches\transforms-1)" [_thread_blocked, id=12264, stack(0x000000001c930000,0x000000001ca30000)]
  0x0000000018f8e800 JavaThread "Cache worker for file hash cache (D:\Studioworkspace\Google play protect\.gradle\4.1\fileHashes)" [_thread_blocked, id=17968, stack(0x000000001b460000,0x000000001b560000)]
  0x0000000018528000 JavaThread "File lock request listener" [_thread_in_native, id=18320, stack(0x000000001b360000,0x000000001b460000)]
  0x0000000018527800 JavaThread "Cache worker for file hash cache (C:\Users\selva\.gradle\caches\4.1\fileHashes)" [_thread_blocked, id=1784, stack(0x000000001b060000,0x000000001b160000)]
  0x0000000018801800 JavaThread "Stdin handler" [_thread_blocked, id=17756, stack(0x000000001af60000,0x000000001b060000)]
  0x0000000018800800 JavaThread "Asynchronous log dispatcher for DefaultDaemonConnection: socket connection from /127.0.0.1:57346 to /127.0.0.1:57347" [_thread_blocked, id=8228, stack(0x000000001ae60000,0x000000001af60000)]
  0x0000000018ce1800 JavaThread "Daemon worker" [_thread_in_vm, id=17928, stack(0x000000001ad60000,0x000000001ae60000)]
  0x0000000018ce4800 JavaThread "Cancel handler" [_thread_blocked, id=1632, stack(0x000000001ac60000,0x000000001ad60000)]
  0x00000000189dc800 JavaThread "Handler for socket connection from /127.0.0.1:57346 to /127.0.0.1:57347" [_thread_in_native, id=5688, stack(0x000000001a960000,0x000000001aa60000)]
  0x0000000018492800 JavaThread "Daemon" [_thread_blocked, id=12584, stack(0x000000001a860000,0x000000001a960000)]
  0x0000000018877000 JavaThread "Daemon periodic checks" [_thread_blocked, id=16244, stack(0x000000001a760000,0x000000001a860000)]
  0x000000001877f000 JavaThread "Incoming local TCP Connector on port 57346" [_thread_in_native, id=8996, stack(0x000000001a520000,0x000000001a620000)]
  0x0000000017270800 JavaThread "Service Thread" daemon [_thread_blocked, id=1284, stack(0x0000000017640000,0x0000000017740000)]
  0x000000001590b800 JavaThread "C1 CompilerThread2" daemon [_thread_blocked, id=13716, stack(0x0000000017140000,0x0000000017240000)]
  0x00000000158fe000 JavaThread "C2 CompilerThread1" daemon [_thread_in_native, id=14304, stack(0x0000000017040000,0x0000000017140000)]
=>0x00000000158f9000 JavaThread "C2 CompilerThread0" daemon [_thread_in_native, id=18368, stack(0x0000000016f40000,0x0000000017040000)]
  0x00000000158f7800 JavaThread "Attach Listener" daemon [_thread_blocked, id=1124, stack(0x0000000016e40000,0x0000000016f40000)]
  0x00000000158f6800 JavaThread "Signal Dispatcher" daemon [_thread_blocked, id=8032, stack(0x0000000016d40000,0x0000000016e40000)]
  0x000000000321b800 JavaThread "Finalizer" daemon [_thread_blocked, id=3108, stack(0x0000000016b40000,0x0000000016c40000)]
  0x00000000158d9000 JavaThread "Reference Handler" daemon [_thread_blocked, id=17480, stack(0x0000000016a40000,0x0000000016b40000)]
  0x000000000311e000 JavaThread "main" [_thread_blocked, id=11076, stack(0x0000000003000000,0x0000000003100000)]

Other Threads:
  0x00000000158b8000 VMThread [stack: 0x0000000016940000,0x0000000016a40000] [id=2360]
  0x000000001594d000 WatcherThread [stack: 0x0000000017740000,0x0000000017840000] [id=8932]

VM state:not at safepoint (normal execution)

VM Mutex/Monitor currently owned by a thread: None

heap address: 0x00000000c0000000, size: 1024 MB, Compressed Oops mode: 32-bit
Narrow klass base: 0x0000000000000000, Narrow klass shift: 3
Compressed class space size: 1073741824 Address: 0x0000000100000000

Heap:
 PSYoungGen      total 119808K, used 89676K [0x00000000eab00000, 0x00000000f3380000, 0x0000000100000000)
  eden space 112128K, 73% used [0x00000000eab00000,0x00000000efb17f30,0x00000000f1880000)
  from space 7680K, 99% used [0x00000000f2c00000,0x00000000f337b240,0x00000000f3380000)
  to   space 12288K, 0% used [0x00000000f1b80000,0x00000000f1b80000,0x00000000f2780000)
 ParOldGen       total 83456K, used 16371K [0x00000000c0000000, 0x00000000c5180000, 0x00000000eab00000)
  object space 83456K, 19% used [0x00000000c0000000,0x00000000c0ffcd08,0x00000000c5180000)
 Metaspace       used 49601K, capacity 50740K, committed 51032K, reserved 1093632K
  class space    used 6630K, capacity 6963K, committed 7040K, reserved 1048576K

Card table byte_map: [0x00000000125e0000,0x00000000127f0000] byte_map_base: 0x0000000011fe0000

Marking Bits: (ParMarkBitMap*) 0x000000005c05f030
 Begin Bits: [0x0000000012d50000, 0x0000000013d50000)
 End Bits:   [0x0000000013d50000, 0x0000000014d50000)

Polling page: 0x0000000001780000

CodeCache: size=245760Kb used=15731Kb max_used=15731Kb free=230028Kb
 bounds [0x0000000003220000, 0x0000000004190000, 0x0000000012220000]
 total_blobs=5201 nmethods=4452 adapters=662
 compilation: enabled

Compilation events (10 events):
Event: 15.108 Thread 0x000000001590b800 4868       3       java.util.regex.Pattern$Behind::match (137 bytes)
Event: 15.108 Thread 0x000000001590b800 nmethod 4868 0x0000000004184290 code [0x0000000004184440, 0x0000000004184a98]
Event: 15.108 Thread 0x000000001590b800 4866       2       java.lang.StringBuilder::charAt (6 bytes)
Event: 15.109 Thread 0x000000001590b800 nmethod 4866 0x0000000004184cd0 code [0x0000000004184e40, 0x0000000004185088]
Event: 15.109 Thread 0x000000001590b800 4867       2       java.lang.AbstractStringBuilder::charAt (28 bytes)
Event: 15.109 Thread 0x000000001590b800 nmethod 4867 0x0000000004185250 code [0x00000000041853c0, 0x0000000004185608]
Event: 15.109 Thread 0x000000001590b800 4870       3       java.util.regex.Pattern$4::match (14 bytes)
Event: 15.109 Thread 0x000000001590b800 nmethod 4870 0x0000000004185750 code [0x00000000041858a0, 0x0000000004185a50]
Event: 15.111 Thread 0x000000001590b800 4875       2       java.util.regex.Pattern$NotBehind::match (137 bytes)
Event: 15.112 Thread 0x000000001590b800 nmethod 4875 0x0000000004185b10 code [0x0000000004185c80, 0x0000000004185f78]

GC Heap History (10 events):
Event: 10.671 GC heap before
{Heap before GC invocations=8 (full 1):
 PSYoungGen      total 62464K, used 57040K [0x00000000eab00000, 0x00000000ef280000, 0x0000000100000000)
  eden space 51712K, 100% used [0x00000000eab00000,0x00000000edd80000,0x00000000edd80000)
  from space 10752K, 49% used [0x00000000ee800000,0x00000000eed34118,0x00000000ef280000)
  to   space 10752K, 0% used [0x00000000edd80000,0x00000000edd80000,0x00000000ee800000)
 ParOldGen       total 62976K, used 8970K [0x00000000c0000000, 0x00000000c3d80000, 0x00000000eab00000)
  object space 62976K, 14% used [0x00000000c0000000,0x00000000c08c2910,0x00000000c3d80000)
 Metaspace       used 31101K, capacity 31834K, committed 32128K, reserved 1077248K
  class space    used 4134K, capacity 4362K, committed 4480K, reserved 1048576K
Event: 10.687 GC heap after
Heap after GC invocations=8 (full 1):
 PSYoungGen      total 62464K, used 9356K [0x00000000eab00000, 0x00000000f1080000, 0x0000000100000000)
  eden space 51712K, 0% used [0x00000000eab00000,0x00000000eab00000,0x00000000edd80000)
  from space 10752K, 87% used [0x00000000edd80000,0x00000000ee6a30e8,0x00000000ee800000)
  to   space 11776K, 0% used [0x00000000f0500000,0x00000000f0500000,0x00000000f1080000)
 ParOldGen       total 62976K, used 8978K [0x00000000c0000000, 0x00000000c3d80000, 0x00000000eab00000)
  object space 62976K, 14% used [0x00000000c0000000,0x00000000c08c4910,0x00000000c3d80000)
 Metaspace       used 31101K, capacity 31834K, committed 32128K, reserved 1077248K
  class space    used 4134K, capacity 4362K, committed 4480K, reserved 1048576K
}
Event: 11.926 GC heap before
{Heap before GC invocations=9 (full 1):
 PSYoungGen      total 62464K, used 61068K [0x00000000eab00000, 0x00000000f1080000, 0x0000000100000000)
  eden space 51712K, 100% used [0x00000000eab00000,0x00000000edd80000,0x00000000edd80000)
  from space 10752K, 87% used [0x00000000edd80000,0x00000000ee6a30e8,0x00000000ee800000)
  to   space 11776K, 0% used [0x00000000f0500000,0x00000000f0500000,0x00000000f1080000)
 ParOldGen       total 62976K, used 8978K [0x00000000c0000000, 0x00000000c3d80000, 0x00000000eab00000)
  object space 62976K, 14% used [0x00000000c0000000,0x00000000c08c4910,0x00000000c3d80000)
 Metaspace       used 33503K, capacity 34362K, committed 34560K, reserved 1079296K
  class space    used 4530K, capacity 4821K, committed 4864K, reserved 1048576K
Event: 11.953 GC heap after
Heap after GC invocations=9 (full 1):
 PSYoungGen      total 90624K, used 11756K [0x00000000eab00000, 0x00000000f1700000, 0x0000000100000000)
  eden space 78848K, 0% used [0x00000000eab00000,0x00000000eab00000,0x00000000ef800000)
  from space 11776K, 99% used [0x00000000f0500000,0x00000000f107b238,0x00000000f1080000)
  to   space 13312K, 0% used [0x00000000ef800000,0x00000000ef800000,0x00000000f0500000)
 ParOldGen       total 62976K, used 8986K [0x00000000c0000000, 0x00000000c3d80000, 0x00000000eab00000)
  object space 62976K, 14% used [0x00000000c0000000,0x00000000c08c6910,0x00000000c3d80000)
 Metaspace       used 33503K, capacity 34362K, committed 34560K, reserved 1079296K
  class space    used 4530K, capacity 4821K, committed 4864K, reserved 1048576K
}
Event: 12.128 GC heap before
{Heap before GC invocations=10 (full 1):
 PSYoungGen      total 90624K, used 19395K [0x00000000eab00000, 0x00000000f1700000, 0x0000000100000000)
  eden space 78848K, 9% used [0x00000000eab00000,0x00000000eb275a80,0x00000000ef800000)
  from space 11776K, 99% used [0x00000000f0500000,0x00000000f107b238,0x00000000f1080000)
  to   space 13312K, 0% used [0x00000000ef800000,0x00000000ef800000,0x00000000f0500000)
 ParOldGen       total 62976K, used 8986K [0x00000000c0000000, 0x00000000c3d80000, 0x00000000eab00000)
  object space 62976K, 14% used [0x00000000c0000000,0x00000000c08c6910,0x00000000c3d80000)
 Metaspace       used 34362K, capacity 35264K, committed 35416K, reserved 1079296K
  class space    used 4638K, capacity 4888K, committed 4992K, reserved 1048576K
Event: 12.150 GC heap after
Heap after GC invocations=10 (full 1):
 PSYoungGen      total 92160K, used 7561K [0x00000000eab00000, 0x00000000f3880000, 0x0000000100000000)
  eden space 78848K, 0% used [0x00000000eab00000,0x00000000eab00000,0x00000000ef800000)
  from space 13312K, 56% used [0x00000000ef800000,0x00000000eff62468,0x00000000f0500000)
  to   space 12800K, 0% used [0x00000000f2c00000,0x00000000f2c00000,0x00000000f3880000)
 ParOldGen       total 62976K, used 11846K [0x00000000c0000000, 0x00000000c3d80000, 0x00000000eab00000)
  object space 62976K, 18% used [0x00000000c0000000,0x00000000c0b91b60,0x00000000c3d80000)
 Metaspace       used 34362K, capacity 35264K, committed 35416K, reserved 1079296K
  class space    used 4638K, capacity 4888K, committed 4992K, reserved 1048576K
}
Event: 12.150 GC heap before
{Heap before GC invocations=11 (full 2):
 PSYoungGen      total 92160K, used 7561K [0x00000000eab00000, 0x00000000f3880000, 0x0000000100000000)
  eden space 78848K, 0% used [0x00000000eab00000,0x00000000eab00000,0x00000000ef800000)
  from space 13312K, 56% used [0x00000000ef800000,0x00000000eff62468,0x00000000f0500000)
  to   space 12800K, 0% used [0x00000000f2c00000,0x00000000f2c00000,0x00000000f3880000)
 ParOldGen       total 62976K, used 11846K [0x00000000c0000000, 0x00000000c3d80000, 0x00000000eab00000)
  object space 62976K, 18% used [0x00000000c0000000,0x00000000c0b91b60,0x00000000c3d80000)
 Metaspace       used 34362K, capacity 35264K, committed 35416K, reserved 1079296K
  class space    used 4638K, capacity 4888K, committed 4992K, reserved 1048576K
Event: 12.261 GC heap after
Heap after GC invocations=11 (full 2):
 PSYoungGen      total 92160K, used 0K [0x00000000eab00000, 0x00000000f3880000, 0x0000000100000000)
  eden space 78848K, 0% used [0x00000000eab00000,0x00000000eab00000,0x00000000ef800000)
  from space 13312K, 0% used [0x00000000ef800000,0x00000000ef800000,0x00000000f0500000)
  to   space 12800K, 0% used [0x00000000f2c00000,0x00000000f2c00000,0x00000000f3880000)
 ParOldGen       total 83456K, used 16363K [0x00000000c0000000, 0x00000000c5180000, 0x00000000eab00000)
  object space 83456K, 19% used [0x00000000c0000000,0x00000000c0ffad08,0x00000000c5180000)
 Metaspace       used 34317K, capacity 35164K, committed 35416K, reserved 1079296K
  class space    used 4627K, capacity 4876K, committed 4992K, reserved 1048576K
}
Event: 13.521 GC heap before
{Heap before GC invocations=12 (full 2):
 PSYoungGen      total 92160K, used 78848K [0x00000000eab00000, 0x00000000f3880000, 0x0000000100000000)
  eden space 78848K, 100% used [0x00000000eab00000,0x00000000ef800000,0x00000000ef800000)
  from space 13312K, 0% used [0x00000000ef800000,0x00000000ef800000,0x00000000f0500000)
  to   space 12800K, 0% used [0x00000000f2c00000,0x00000000f2c00000,0x00000000f3880000)
 ParOldGen       total 83456K, used 16363K [0x00000000c0000000, 0x00000000c5180000, 0x00000000eab00000)
  object space 83456K, 19% used [0x00000000c0000000,0x00000000c0ffad08,0x00000000c5180000)
 Metaspace       used 41872K, capacity 42836K, committed 43352K, reserved 1087488K
  class space    used 5568K, capacity 5899K, committed 6016K, reserved 1048576K
Event: 13.541 GC heap after
Heap after GC invocations=12 (full 2):
 PSYoungGen      total 119808K, used 7660K [0x00000000eab00000, 0x00000000f3380000, 0x0000000100000000)
  eden space 112128K, 0% used [0x00000000eab00000,0x00000000eab00000,0x00000000f1880000)
  from space 7680K, 99% used [0x00000000f2c00000,0x00000000f337b240,0x00000000f3380000)
  to   space 12288K, 0% used [0x00000000f1b80000,0x00000000f1b80000,0x00000000f2780000)
 ParOldGen       total 83456K, used 16371K [0x00000000c0000000, 0x00000000c5180000, 0x00000000eab00000)
  object space 83456K, 19% used [0x00000000c0000000,0x00000000c0ffcd08,0x00000000c5180000)
 Metaspace       used 41872K, capacity 42836K, committed 43352K, reserved 1087488K
  class space    used 5568K, capacity 5899K, committed 6016K, reserved 1048576K
}

Deoptimization events (10 events):
Event: 13.346 Thread 0x0000000018ce1800 Uncommon trap: reason=unstable_if action=reinterpret pc=0x0000000003660ad0 method=java.util.jar.JarFile.maybeInstantiateVerifier()V @ 75
Event: 13.346 Thread 0x0000000018ce1800 Uncommon trap: reason=class_check action=maybe_recompile pc=0x0000000003471da4 method=java.util.jar.JarFile.getJarEntry(Ljava/lang/String;)Ljava/util/jar/JarEntry; @ 2
Event: 13.347 Thread 0x0000000018ce1800 Uncommon trap: reason=class_check action=maybe_recompile pc=0x0000000003471da4 method=java.util.jar.JarFile.getJarEntry(Ljava/lang/String;)Ljava/util/jar/JarEntry; @ 2
Event: 13.347 Thread 0x0000000018ce1800 Uncommon trap: reason=class_check action=maybe_recompile pc=0x0000000003471da4 method=java.util.jar.JarFile.getJarEntry(Ljava/lang/String;)Ljava/util/jar/JarEntry; @ 2
Event: 13.347 Thread 0x0000000018ce1800 Uncommon trap: reason=class_check action=maybe_recompile pc=0x0000000003471da4 method=java.util.jar.JarFile.getJarEntry(Ljava/lang/String;)Ljava/util/jar/JarEntry; @ 2
Event: 13.348 Thread 0x0000000018ce1800 Uncommon trap: reason=unstable_if action=reinterpret pc=0x0000000003a98678 method=java.util.LinkedHashMap.get(Ljava/lang/Object;)Ljava/lang/Object; @ 20
Event: 13.755 Thread 0x0000000018ce1800 Uncommon trap: reason=unstable_if action=reinterpret pc=0x000000000339539c method=java.security.CodeSource.matchCerts(Ljava/security/CodeSource;Z)Z @ 11
Event: 14.773 Thread 0x0000000018ce1800 Uncommon trap: reason=unstable_if action=reinterpret pc=0x00000000037e7570 method=sun.misc.MetaIndex.mayContain(Ljava/lang/String;)Z @ 38
Event: 14.873 Thread 0x0000000018ce1800 Uncommon trap: reason=unstable_if action=reinterpret pc=0x00000000037ed7e8 method=java.io.DataInputStream.readUTF(Ljava/io/DataInput;)Ljava/lang/String; @ 31
Event: 15.064 Thread 0x0000000018ce1800 Uncommon trap: reason=unstable_if action=reinterpret pc=0x0000000003a3c828 method=java.util.regex.Pattern$BmpCharProperty.match(Ljava/util/regex/Matcher;ILjava/lang/CharSequence;)Z @ 34

Classes redefined (0 events):
No events

Internal exceptions (10 events):
Event: 14.625 Thread 0x0000000018ce1800 Exception <a 'sun/nio/fs/WindowsException'> (0x00000000ef11a9a0) thrown at [C:\src\AOSP-openjdk-git\hotspot\src\share\vm\prims\jni.cpp, line 710]
Event: 14.625 Thread 0x0000000018ce1800 Exception <a 'sun/nio/fs/WindowsException'> (0x00000000ef11b588) thrown at [C:\src\AOSP-openjdk-git\hotspot\src\share\vm\prims\jni.cpp, line 710]
Event: 14.625 Thread 0x0000000018ce1800 Exception <a 'sun/nio/fs/WindowsException'> (0x00000000ef11d940) thrown at [C:\src\AOSP-openjdk-git\hotspot\src\share\vm\prims\jni.cpp, line 710]
Event: 14.626 Thread 0x0000000018ce1800 Exception <a 'sun/nio/fs/WindowsException'> (0x00000000ef11e528) thrown at [C:\src\AOSP-openjdk-git\hotspot\src\share\vm\prims\jni.cpp, line 710]
Event: 14.626 Thread 0x0000000018ce1800 Exception <a 'sun/nio/fs/WindowsException'> (0x00000000ef121be8) thrown at [C:\src\AOSP-openjdk-git\hotspot\src\share\vm\prims\jni.cpp, line 710]
Event: 14.626 Thread 0x0000000018ce1800 Exception <a 'sun/nio/fs/WindowsException'> (0x00000000ef1227d0) thrown at [C:\src\AOSP-openjdk-git\hotspot\src\share\vm\prims\jni.cpp, line 710]
Event: 14.626 Thread 0x0000000018ce1800 Exception <a 'sun/nio/fs/WindowsException'> (0x00000000ef124fd0) thrown at [C:\src\AOSP-openjdk-git\hotspot\src\share\vm\prims\jni.cpp, line 710]
Event: 14.627 Thread 0x0000000018ce1800 Exception <a 'sun/nio/fs/WindowsException'> (0x00000000ef125bb8) thrown at [C:\src\AOSP-openjdk-git\hotspot\src\share\vm\prims\jni.cpp, line 710]
Event: 14.637 Thread 0x0000000018ce1800 Exception <a 'java/lang/ClassNotFoundException': com/sun/org/glassfish/hk2/osgiresourcelocator/ServiceLoader> (0x00000000ef180180) thrown at [C:\src\AOSP-openjdk-git\hotspot\src\share\vm\classfile\systemDictionary.cpp, line 210]
Event: 14.645 Thread 0x0000000018ce1800 Exception <a 'java/lang/NullPointerException'> (0x00000000ef1bf5d0) thrown at [C:\src\AOSP-openjdk-git\hotspot\src\share\vm\interpreter\linkResolver.cpp, line 1287]

Events (10 events):
Event: 15.098 loading class com/sun/org/apache/xerces/internal/impl/xs/AttributePSVImpl
Event: 15.098 loading class com/sun/org/apache/xerces/internal/xs/AttributePSVI
Event: 15.098 loading class com/sun/org/apache/xerces/internal/xs/AttributePSVI done
Event: 15.098 loading class com/sun/org/apache/xerces/internal/impl/xs/AttributePSVImpl done
Event: 15.100 loading class java/util/regex/Pattern$Behind
Event: 15.100 loading class java/util/regex/Pattern$Behind done
Event: 15.100 loading class java/util/regex/Pattern$NotBehind
Event: 15.100 loading class java/util/regex/Pattern$NotBehind done
Event: 15.100 loading class java/util/regex/Pattern$Neg
Event: 15.100 loading class java/util/regex/Pattern$Neg done


Dynamic libraries:
0x00007ff757240000 - 0x00007ff757271000 	C:\Program Files\Android\Android Studio\jre\bin\java.exe
0x00007ffd1e7f0000 - 0x00007ffd1e9e6000 	C:\WINDOWS\SYSTEM32\ntdll.dll
0x00007ffd1d440000 - 0x00007ffd1d4fd000 	C:\WINDOWS\System32\KERNEL32.DLL
0x00007ffd1c490000 - 0x00007ffd1c758000 	C:\WINDOWS\System32\KERNELBASE.dll
0x00007ffd1df20000 - 0x00007ffd1dfca000 	C:\WINDOWS\System32\ADVAPI32.dll
0x00007ffd1d840000 - 0x00007ffd1d8de000 	C:\WINDOWS\System32\msvcrt.dll
0x00007ffd1d670000 - 0x00007ffd1d70b000 	C:\WINDOWS\System32\sechost.dll
0x00007ffd1d710000 - 0x00007ffd1d834000 	C:\WINDOWS\System32\RPCRT4.dll
0x00007ffd1d8e0000 - 0x00007ffd1da80000 	C:\WINDOWS\System32\USER32.dll
0x00007ffd1c120000 - 0x00007ffd1c142000 	C:\WINDOWS\System32\win32u.dll
0x00007ffd1d390000 - 0x00007ffd1d3ba000 	C:\WINDOWS\System32\GDI32.dll
0x00007ffd1c7e0000 - 0x00007ffd1c8e9000 	C:\WINDOWS\System32\gdi32full.dll
0x00007ffd1c150000 - 0x00007ffd1c1ed000 	C:\WINDOWS\System32\msvcp_win.dll
0x00007ffd1c020000 - 0x00007ffd1c120000 	C:\WINDOWS\System32\ucrtbase.dll
0x00007ffd12090000 - 0x00007ffd1232b000 	C:\WINDOWS\WinSxS\amd64_microsoft.windows.common-controls_6595b64144ccf1df_6.0.19041.488_none_ca04af081b815d21\COMCTL32.dll
0x00007ffd1d500000 - 0x00007ffd1d530000 	C:\WINDOWS\System32\IMM32.DLL
0x000000005b7b0000 - 0x000000005b882000 	C:\Program Files\Android\Android Studio\jre\jre\bin\msvcr100.dll
0x000000005b890000 - 0x000000005c0db000 	C:\Program Files\Android\Android Studio\jre\jre\bin\server\jvm.dll
0x00007ffd1e6a0000 - 0x00007ffd1e6a8000 	C:\WINDOWS\System32\PSAPI.DLL
0x00007ffd1acd0000 - 0x00007ffd1acda000 	C:\WINDOWS\SYSTEM32\VERSION.dll
0x00007ffd13540000 - 0x00007ffd13567000 	C:\WINDOWS\SYSTEM32\WINMM.dll
0x00007ffd07190000 - 0x00007ffd07199000 	C:\WINDOWS\SYSTEM32\WSOCK32.dll
0x00007ffd1e740000 - 0x00007ffd1e7ab000 	C:\WINDOWS\System32\WS2_32.dll
0x00007ffd12de0000 - 0x00007ffd12def000 	C:\Program Files\Android\Android Studio\jre\jre\bin\verify.dll
0x00007ffd07220000 - 0x00007ffd07249000 	C:\Program Files\Android\Android Studio\jre\jre\bin\java.dll
0x00007ffd00370000 - 0x00007ffd00386000 	C:\Program Files\Android\Android Studio\jre\jre\bin\zip.dll
0x00007ffd1c8f0000 - 0x00007ffd1d030000 	C:\WINDOWS\System32\SHELL32.dll
0x00007ffd1a010000 - 0x00007ffd1a7a4000 	C:\WINDOWS\SYSTEM32\windows.storage.dll
0x00007ffd1d030000 - 0x00007ffd1d385000 	C:\WINDOWS\System32\combase.dll
0x00007ffd1b970000 - 0x00007ffd1b99c000 	C:\WINDOWS\SYSTEM32\Wldp.dll
0x00007ffd1e180000 - 0x00007ffd1e22e000 	C:\WINDOWS\System32\SHCORE.dll
0x00007ffd1dec0000 - 0x00007ffd1df15000 	C:\WINDOWS\System32\shlwapi.dll
0x00007ffd1bf00000 - 0x00007ffd1bf26000 	C:\WINDOWS\SYSTEM32\profapi.dll
0x00007ffd00350000 - 0x00007ffd0036a000 	C:\Program Files\Android\Android Studio\jre\jre\bin\net.dll
0x00007ffd1b6f0000 - 0x00007ffd1b75a000 	C:\WINDOWS\system32\mswsock.dll
0x00007ffd00240000 - 0x00007ffd00253000 	C:\Program Files\Android\Android Studio\jre\jre\bin\nio.dll
0x00007ffd11dd0000 - 0x00007ffd11dee000 	C:\Users\selva\.gradle\native\25\windows-amd64\native-platform.dll
0x00007ffd123e0000 - 0x00007ffd123ed000 	C:\Program Files\Android\Android Studio\jre\jre\bin\management.dll
0x00007ffd1b8d0000 - 0x00007ffd1b8e8000 	C:\WINDOWS\SYSTEM32\CRYPTSP.dll
0x00007ffd1b080000 - 0x00007ffd1b0b4000 	C:\WINDOWS\system32\rsaenh.dll
0x00007ffd1c1f0000 - 0x00007ffd1c217000 	C:\WINDOWS\System32\bcrypt.dll
0x00007ffd1be10000 - 0x00007ffd1be3e000 	C:\WINDOWS\SYSTEM32\USERENV.dll
0x00007ffd1c760000 - 0x00007ffd1c7df000 	C:\WINDOWS\System32\bcryptprimitives.dll
0x00007ffd1b8c0000 - 0x00007ffd1b8cc000 	C:\WINDOWS\SYSTEM32\CRYPTBASE.dll
0x00007ffd1b3e0000 - 0x00007ffd1b41b000 	C:\WINDOWS\SYSTEM32\IPHLPAPI.DLL
0x00007ffd1d530000 - 0x00007ffd1d539000 	C:\WINDOWS\System32\NSI.dll
0x00007ffd135b0000 - 0x00007ffd135c7000 	C:\WINDOWS\SYSTEM32\dhcpcsvc6.DLL
0x00007ffd13a20000 - 0x00007ffd13a3d000 	C:\WINDOWS\SYSTEM32\dhcpcsvc.DLL
0x00007ffd1b420000 - 0x00007ffd1b4eb000 	C:\WINDOWS\SYSTEM32\DNSAPI.dll

VM Arguments:
jvm_args: -XX:+HeapDumpOnOutOfMemoryError -Xmx1024m -Dfile.encoding=windows-1252 -Duser.country=IN -Duser.language=en -Duser.variant 
java_command: org.gradle.launcher.daemon.bootstrap.GradleDaemon 4.1
java_class_path (initial): C:\Users\selva\.gradle\wrapper\dists\gradle-4.1-all\bzyivzo6n839fup2jbap0tjew\gradle-4.1\lib\gradle-launcher-4.1.jar
Launcher Type: SUN_STANDARD

Environment Variables:
PATH=C:\Program Files (x86)\Common Files\Oracle\Java\javapath;C:\ProgramData\Oracle\Java\javapath;C:\Program Files (x86)\Intel\iCLS Client\;C:\Program Files\Intel\iCLS Client\;C:\windows\system32;C:\windows;C:\windows\System32\Wbem;C:\windows\System32\WindowsPowerShell\v1.0\;C:\Program Files\Intel\Intel(R) Management Engine Components\DAL;C:\Program Files (x86)\Intel\Intel(R) Management Engine Components\DAL;C:\Program Files\Intel\Intel(R) Management Engine Components\IPT;C:\Program Files (x86)\Intel\Intel(R) Management Engine Components\IPT;C:\adb;C:\Android;C:\Windows\System32;C:\Program Files\nodejs;C:\Users\selva\AppData\Roaming\npm;C:\Users\selva\AppData\Local\Programs\Python\Python37;C:\Users\selva\AppData\Local\Android\sdk\platform-tools;C:\Program Files\Intel\WiFi\bin\;C:\Program Files\Common Files\Intel\WirelessCommon\;C:\WINDOWS\system32;C:\WINDOWS;C:\WINDOWS\System32\Wbem;C:\WINDOWS\System32\WindowsPowerShell\v1.0\;C:\WINDOWS\System32\OpenSSH\;C:\Program Files\Git\cmd;C:\Users\selva\AppData\Roaming\npm;%USERPROFILE%\AppData\Local\Microsoft\WindowsApps;
USERNAME=selva
OS=Windows_NT
PROCESSOR_IDENTIFIER=Intel64 Family 6 Model 61 Stepping 4, GenuineIntel



---------------  S Y S T E M  ---------------

OS: Windows 10.0 , 64 bit Build 19041 (10.0.19041.546)

CPU:total 4 (initial active 4) (2 cores per cpu, 2 threads per core) family 6 model 61 stepping 4, cmov, cx8, fxsr, mmx, sse, sse2, sse3, ssse3, sse4.1, sse4.2, popcnt, avx, avx2, aes, clmul, erms, 3dnowpref, lzcnt, ht, tsc, tscinvbit, bmi1, bmi2, adx

Memory: 4k page, physical 8277100k(545072k free), swap 12471404k(6840k free)

vm_info: OpenJDK 64-Bit Server VM (25.242-b01) for windows-amd64 JRE (1.8.0_242-release-1644-b01), built by "builder" with MS VC++ 10.0 (VS2010)

time: Fri Oct 23 23:15:30 2020
timezone: India Standard Time
elapsed time: 15 seconds (0d 0h 0m 15s)

