#
# There is insufficient memory for the Java Runtime Environment to continue.
# Native memory allocation (malloc) failed to allocate 1452768 bytes for Chunk::new
# Possible reasons:
#   The system is out of physical RAM or swap space
#   The process is running with CompressedOops enabled, and the Java Heap may be blocking the growth of the native heap
# Possible solutions:
#   Reduce memory load on the system
#   Increase physical memory or swap space
#   Check if swap backing store is full
#   Decrease Java heap size (-Xmx/-Xms)
#   Decrease number of Java threads
#   Decrease Java thread stack sizes (-Xss)
#   Set larger code cache with -XX:ReservedCodeCacheSize=
#   JVM is running with Unscaled Compressed Oops mode in which the Java heap is
#     placed in the first 4GB address space. The Java Heap base address is the
#     maximum limit for the native heap growth. Please use -XX:HeapBaseMinAddress
#     to set the Java Heap base and to place the Java Heap above 4GB virtual address.
# This output file may be truncated or incomplete.
#
#  Out of Memory Error (allocation.cpp:389), pid=16992, tid=0x0000000000004658
#
# JRE version: OpenJDK Runtime Environment (8.0_242-b01) (build 1.8.0_242-release-1644-b01)
# Java VM: OpenJDK 64-Bit Server VM (25.242-b01 mixed mode windows-amd64 compressed oops)
# Failed to write core dump. Minidumps are not enabled by default on client versions of Windows
#

---------------  T H R E A D  ---------------

Current thread (0x00000000149b3800):  JavaThread "C2 CompilerThread0" daemon [_thread_in_native, id=18008, stack(0x0000000016120000,0x0000000016220000)]

Stack: [0x0000000016120000,0x0000000016220000]
[error occurred during error reporting (printing stack bounds), id 0xc0000005]

Native frames: (J=compiled Java code, j=interpreted, Vv=VM code, C=native code)


Current CompileTask:
C2:  14707 6438       4       java.io.WinNTFileSystem::normalize (143 bytes)


---------------  P R O C E S S  ---------------

Java Threads: ( => current thread )
  0x000000001b00b000 JavaThread "Memory manager" [_thread_blocked, id=16752, stack(0x000000001ef60000,0x000000001f060000)]
  0x000000001b00c000 JavaThread "build operations Thread 4" [_thread_blocked, id=7112, stack(0x000000001e7e0000,0x000000001e8e0000)]
  0x000000001b00c800 JavaThread "build operations Thread 3" [_thread_blocked, id=17464, stack(0x000000001e6e0000,0x000000001e7e0000)]
  0x000000001b006800 JavaThread "build operations Thread 2" [_thread_blocked, id=18152, stack(0x000000001e5e0000,0x000000001e6e0000)]
  0x000000001b009800 JavaThread "build operations" [_thread_blocked, id=16120, stack(0x000000001e3e0000,0x000000001e4e0000)]
  0x000000001b006000 JavaThread "Cache worker for Artifact transforms cache (C:\Users\selva\.gradle\caches\transforms-1)" [_thread_blocked, id=1124, stack(0x000000001bb10000,0x000000001bc10000)]
  0x00000000187fd800 JavaThread "Cache worker for file hash cache (D:\Studioworkspace\Google play protect\.gradle\4.1\fileHashes)" [_thread_blocked, id=11384, stack(0x000000001a640000,0x000000001a740000)]
  0x00000000166ef800 JavaThread "File lock request listener" [_thread_in_native, id=11460, stack(0x000000001a540000,0x000000001a640000)]
  0x00000000184f7000 JavaThread "Cache worker for file hash cache (C:\Users\selva\.gradle\caches\4.1\fileHashes)" [_thread_blocked, id=2972, stack(0x000000001a240000,0x000000001a340000)]
  0x00000000178f9800 JavaThread "Stdin handler" [_thread_blocked, id=14884, stack(0x000000001a140000,0x000000001a240000)]
  0x0000000018480800 JavaThread "Asynchronous log dispatcher for DefaultDaemonConnection: socket connection from /127.0.0.1:57556 to /127.0.0.1:57557" [_thread_blocked, id=3248, stack(0x000000001a040000,0x000000001a140000)]
  0x0000000018483800 JavaThread "Daemon worker" [_thread_in_vm, id=9096, stack(0x0000000019f40000,0x000000001a040000)]
  0x00000000174e8000 JavaThread "Cancel handler" [_thread_blocked, id=11832, stack(0x0000000019e40000,0x0000000019f40000)]
  0x0000000017a41800 JavaThread "Handler for socket connection from /127.0.0.1:57556 to /127.0.0.1:57557" [_thread_in_native, id=10108, stack(0x0000000019b40000,0x0000000019c40000)]
  0x0000000017601000 JavaThread "Daemon" [_thread_blocked, id=5736, stack(0x0000000019a40000,0x0000000019b40000)]
  0x0000000017692800 JavaThread "Daemon periodic checks" [_thread_blocked, id=5932, stack(0x0000000019940000,0x0000000019a40000)]
  0x00000000181d1800 JavaThread "Incoming local TCP Connector on port 57556" [_thread_in_native, id=11408, stack(0x0000000019700000,0x0000000019800000)]
  0x0000000014a0d000 JavaThread "Service Thread" daemon [_thread_blocked, id=9048, stack(0x0000000016820000,0x0000000016920000)]
  0x00000000149c4800 JavaThread "C1 CompilerThread2" daemon [_thread_blocked, id=15208, stack(0x0000000016320000,0x0000000016420000)]
  0x00000000149bb000 JavaThread "C2 CompilerThread1" daemon [_thread_in_native, id=6460, stack(0x0000000016220000,0x0000000016320000)]
=>0x00000000149b3800 JavaThread "C2 CompilerThread0" daemon [_thread_in_native, id=18008, stack(0x0000000016120000,0x0000000016220000)]
  0x00000000149b1000 JavaThread "Attach Listener" daemon [_thread_blocked, id=9924, stack(0x0000000016020000,0x0000000016120000)]
  0x00000000149b5800 JavaThread "Signal Dispatcher" daemon [_thread_blocked, id=14996, stack(0x0000000015f20000,0x0000000016020000)]
  0x00000000022db800 JavaThread "Finalizer" daemon [_thread_blocked, id=16212, stack(0x0000000015c20000,0x0000000015d20000)]
  0x0000000014999000 JavaThread "Reference Handler" daemon [_thread_blocked, id=13708, stack(0x0000000015b20000,0x0000000015c20000)]
  0x000000000215e000 JavaThread "main" [_thread_blocked, id=5516, stack(0x0000000002030000,0x0000000002130000)]

Other Threads:
  0x0000000014978000 VMThread [stack: 0x0000000015a20000,0x0000000015b20000] [id=17500]
  0x0000000014a0e000 WatcherThread [stack: 0x0000000016920000,0x0000000016a20000] [id=10468]

VM state:not at safepoint (normal execution)

VM Mutex/Monitor currently owned by a thread: None

heap address: 0x00000000c0000000, size: 1024 MB, Compressed Oops mode: 32-bit
Narrow klass base: 0x0000000000000000, Narrow klass shift: 3
Compressed class space size: 1073741824 Address: 0x0000000100000000

Heap:
 PSYoungGen      total 87040K, used 22024K [0x00000000eab00000, 0x00000000f1000000, 0x0000000100000000)
  eden space 73728K, 18% used [0x00000000eab00000,0x00000000eb82c828,0x00000000ef300000)
  from space 13312K, 64% used [0x00000000ef300000,0x00000000efb55840,0x00000000f0000000)
  to   space 11264K, 0% used [0x00000000f0000000,0x00000000f0000000,0x00000000f0b00000)
 ParOldGen       total 65024K, used 29559K [0x00000000c0000000, 0x00000000c3f80000, 0x00000000eab00000)
  object space 65024K, 45% used [0x00000000c0000000,0x00000000c1cdded8,0x00000000c3f80000)
 Metaspace       used 53818K, capacity 55706K, committed 55936K, reserved 1097728K
  class space    used 7326K, capacity 7798K, committed 7808K, reserved 1048576K

Card table byte_map: [0x00000000116a0000,0x00000000118b0000] byte_map_base: 0x00000000110a0000

Marking Bits: (ParMarkBitMap*) 0x000000005c05f030
 Begin Bits: [0x0000000011e10000, 0x0000000012e10000)
 End Bits:   [0x0000000012e10000, 0x0000000013e10000)

Polling page: 0x0000000000870000

CodeCache: size=245760Kb used=21163Kb max_used=21163Kb free=224596Kb
 bounds [0x00000000022e0000, 0x00000000037a0000, 0x00000000112e0000]
 total_blobs=6910 nmethods=6156 adapters=667
 compilation: enabled

Compilation events (10 events):
Event: 14.669 Thread 0x00000000149c4800 6696       3       org.gradle.api.internal.artifacts.ivyservice.DefaultCacheLockingManager::useCache (11 bytes)
Event: 14.670 Thread 0x00000000149c4800 nmethod 6696 0x0000000003791690 code [0x0000000003791800, 0x0000000003791a28]
Event: 14.670 Thread 0x00000000149c4800 6697       1       org.gradle.api.internal.artifacts.repositories.AbstractArtifactRepository::getName (5 bytes)
Event: 14.670 Thread 0x00000000149c4800 nmethod 6697 0x00000000037913d0 code [0x0000000003791520, 0x0000000003791630]
Event: 14.670 Thread 0x00000000149c4800 6698       3       java.math.MutableBigInteger::toBigInteger (28 bytes)
Event: 14.670 Thread 0x00000000149c4800 nmethod 6698 0x0000000003790ed0 code [0x0000000003791040, 0x00000000037912f8]
Event: 14.670 Thread 0x00000000149c4800 6699       3       java.math.BigInteger::<init> (38 bytes)
Event: 14.671 Thread 0x00000000149c4800 nmethod 6699 0x0000000003790590 code [0x0000000003790740, 0x0000000003790c68]
Event: 14.671 Thread 0x00000000149c4800 6700       3       java.util.Arrays::copyOfRange (63 bytes)
Event: 14.672 Thread 0x00000000149c4800 nmethod 6700 0x0000000003796a10 code [0x0000000003796c20, 0x0000000003797738]

GC Heap History (10 events):
Event: 11.045 GC heap before
{Heap before GC invocations=13 (full 2):
 PSYoungGen      total 84992K, used 81036K [0x00000000eab00000, 0x00000000f1000000, 0x0000000100000000)
  eden space 73728K, 100% used [0x00000000eab00000,0x00000000ef300000,0x00000000ef300000)
  from space 11264K, 64% used [0x00000000f0000000,0x00000000f0723188,0x00000000f0b00000)
  to   space 13312K, 0% used [0x00000000ef300000,0x00000000ef300000,0x00000000f0000000)
 ParOldGen       total 65024K, used 15405K [0x00000000c0000000, 0x00000000c3f80000, 0x00000000eab00000)
  object space 65024K, 23% used [0x00000000c0000000,0x00000000c0f0b760,0x00000000c3f80000)
 Metaspace       used 46557K, capacity 47692K, committed 48000K, reserved 1091584K
  class space    used 6315K, capacity 6663K, committed 6784K, reserved 1048576K
Event: 11.074 GC heap after
Heap after GC invocations=13 (full 2):
 PSYoungGen      total 87040K, used 12283K [0x00000000eab00000, 0x00000000f1000000, 0x0000000100000000)
  eden space 73728K, 0% used [0x00000000eab00000,0x00000000eab00000,0x00000000ef300000)
  from space 13312K, 92% used [0x00000000ef300000,0x00000000efefef40,0x00000000f0000000)
  to   space 11264K, 0% used [0x00000000f0000000,0x00000000f0000000,0x00000000f0b00000)
 ParOldGen       total 65024K, used 15413K [0x00000000c0000000, 0x00000000c3f80000, 0x00000000eab00000)
  object space 65024K, 23% used [0x00000000c0000000,0x00000000c0f0d760,0x00000000c3f80000)
 Metaspace       used 46557K, capacity 47692K, committed 48000K, reserved 1091584K
  class space    used 6315K, capacity 6663K, committed 6784K, reserved 1048576K
}
Event: 11.662 GC heap before
{Heap before GC invocations=14 (full 2):
 PSYoungGen      total 87040K, used 86011K [0x00000000eab00000, 0x00000000f1000000, 0x0000000100000000)
  eden space 73728K, 100% used [0x00000000eab00000,0x00000000ef300000,0x00000000ef300000)
  from space 13312K, 92% used [0x00000000ef300000,0x00000000efefef40,0x00000000f0000000)
  to   space 11264K, 0% used [0x00000000f0000000,0x00000000f0000000,0x00000000f0b00000)
 ParOldGen       total 65024K, used 15413K [0x00000000c0000000, 0x00000000c3f80000, 0x00000000eab00000)
  object space 65024K, 23% used [0x00000000c0000000,0x00000000c0f0d760,0x00000000c3f80000)
 Metaspace       used 46949K, capacity 48102K, committed 48512K, reserved 1091584K
  class space    used 6323K, capacity 6678K, committed 6784K, reserved 1048576K
Event: 11.678 GC heap after
Heap after GC invocations=14 (full 2):
 PSYoungGen      total 84992K, used 11234K [0x00000000eab00000, 0x00000000f1000000, 0x0000000100000000)
  eden space 73728K, 0% used [0x00000000eab00000,0x00000000eab00000,0x00000000ef300000)
  from space 11264K, 99% used [0x00000000f0000000,0x00000000f0af88a8,0x00000000f0b00000)
  to   space 13312K, 0% used [0x00000000ef300000,0x00000000ef300000,0x00000000f0000000)
 ParOldGen       total 65024K, used 17659K [0x00000000c0000000, 0x00000000c3f80000, 0x00000000eab00000)
  object space 65024K, 27% used [0x00000000c0000000,0x00000000c113ee60,0x00000000c3f80000)
 Metaspace       used 46949K, capacity 48102K, committed 48512K, reserved 1091584K
  class space    used 6323K, capacity 6678K, committed 6784K, reserved 1048576K
}
Event: 12.245 GC heap before
{Heap before GC invocations=15 (full 2):
 PSYoungGen      total 84992K, used 84962K [0x00000000eab00000, 0x00000000f1000000, 0x0000000100000000)
  eden space 73728K, 100% used [0x00000000eab00000,0x00000000ef300000,0x00000000ef300000)
  from space 11264K, 99% used [0x00000000f0000000,0x00000000f0af88a8,0x00000000f0b00000)
  to   space 13312K, 0% used [0x00000000ef300000,0x00000000ef300000,0x00000000f0000000)
 ParOldGen       total 65024K, used 17659K [0x00000000c0000000, 0x00000000c3f80000, 0x00000000eab00000)
  object space 65024K, 27% used [0x00000000c0000000,0x00000000c113ee60,0x00000000c3f80000)
 Metaspace       used 47212K, capacity 48412K, committed 48768K, reserved 1091584K
  class space    used 6339K, capacity 6715K, committed 6784K, reserved 1048576K
Event: 12.259 GC heap after
Heap after GC invocations=15 (full 2):
 PSYoungGen      total 87040K, used 10117K [0x00000000eab00000, 0x00000000f1000000, 0x0000000100000000)
  eden space 73728K, 0% used [0x00000000eab00000,0x00000000eab00000,0x00000000ef300000)
  from space 13312K, 76% used [0x00000000ef300000,0x00000000efce1720,0x00000000f0000000)
  to   space 11264K, 0% used [0x00000000f0000000,0x00000000f0000000,0x00000000f0b00000)
 ParOldGen       total 65024K, used 21114K [0x00000000c0000000, 0x00000000c3f80000, 0x00000000eab00000)
  object space 65024K, 32% used [0x00000000c0000000,0x00000000c149ea68,0x00000000c3f80000)
 Metaspace       used 47212K, capacity 48412K, committed 48768K, reserved 1091584K
  class space    used 6339K, capacity 6715K, committed 6784K, reserved 1048576K
}
Event: 13.086 GC heap before
{Heap before GC invocations=16 (full 2):
 PSYoungGen      total 87040K, used 83845K [0x00000000eab00000, 0x00000000f1000000, 0x0000000100000000)
  eden space 73728K, 100% used [0x00000000eab00000,0x00000000ef300000,0x00000000ef300000)
  from space 13312K, 76% used [0x00000000ef300000,0x00000000efce1720,0x00000000f0000000)
  to   space 11264K, 0% used [0x00000000f0000000,0x00000000f0000000,0x00000000f0b00000)
 ParOldGen       total 65024K, used 21114K [0x00000000c0000000, 0x00000000c3f80000, 0x00000000eab00000)
  object space 65024K, 32% used [0x00000000c0000000,0x00000000c149ea68,0x00000000c3f80000)
 Metaspace       used 48900K, capacity 50212K, committed 50560K, reserved 1093632K
  class space    used 6558K, capacity 6976K, committed 7040K, reserved 1048576K
Event: 13.110 GC heap after
Heap after GC invocations=16 (full 2):
 PSYoungGen      total 84992K, used 5071K [0x00000000eab00000, 0x00000000f1000000, 0x0000000100000000)
  eden space 73728K, 0% used [0x00000000eab00000,0x00000000eab00000,0x00000000ef300000)
  from space 11264K, 45% used [0x00000000f0000000,0x00000000f04f3db8,0x00000000f0b00000)
  to   space 13312K, 0% used [0x00000000ef300000,0x00000000ef300000,0x00000000f0000000)
 ParOldGen       total 65024K, used 27777K [0x00000000c0000000, 0x00000000c3f80000, 0x00000000eab00000)
  object space 65024K, 42% used [0x00000000c0000000,0x00000000c1b20428,0x00000000c3f80000)
 Metaspace       used 48900K, capacity 50212K, committed 50560K, reserved 1093632K
  class space    used 6558K, capacity 6976K, committed 7040K, reserved 1048576K
}
Event: 14.525 GC heap before
{Heap before GC invocations=17 (full 2):
 PSYoungGen      total 84992K, used 78799K [0x00000000eab00000, 0x00000000f1000000, 0x0000000100000000)
  eden space 73728K, 100% used [0x00000000eab00000,0x00000000ef300000,0x00000000ef300000)
  from space 11264K, 45% used [0x00000000f0000000,0x00000000f04f3db8,0x00000000f0b00000)
  to   space 13312K, 0% used [0x00000000ef300000,0x00000000ef300000,0x00000000f0000000)
 ParOldGen       total 65024K, used 27777K [0x00000000c0000000, 0x00000000c3f80000, 0x00000000eab00000)
  object space 65024K, 42% used [0x00000000c0000000,0x00000000c1b20428,0x00000000c3f80000)
 Metaspace       used 53284K, capacity 55220K, committed 55424K, reserved 1097728K
  class space    used 7231K, capacity 7701K, committed 7808K, reserved 1048576K
Event: 14.552 GC heap after
Heap after GC invocations=17 (full 2):
 PSYoungGen      total 87040K, used 8534K [0x00000000eab00000, 0x00000000f1000000, 0x0000000100000000)
  eden space 73728K, 0% used [0x00000000eab00000,0x00000000eab00000,0x00000000ef300000)
  from space 13312K, 64% used [0x00000000ef300000,0x00000000efb55840,0x00000000f0000000)
  to   space 11264K, 0% used [0x00000000f0000000,0x00000000f0000000,0x00000000f0b00000)
 ParOldGen       total 65024K, used 29559K [0x00000000c0000000, 0x00000000c3f80000, 0x00000000eab00000)
  object space 65024K, 45% used [0x00000000c0000000,0x00000000c1cdded8,0x00000000c3f80000)
 Metaspace       used 53284K, capacity 55220K, committed 55424K, reserved 1097728K
  class space    used 7231K, capacity 7701K, committed 7808K, reserved 1048576K
}

Deoptimization events (10 events):
Event: 13.626 Thread 0x0000000018483800 Uncommon trap: reason=unstable_if action=reinterpret pc=0x00000000030507f4 method=java.util.TreeMap.put(Ljava/lang/Object;Ljava/lang/Object;)Ljava/lang/Object; @ 163
Event: 13.948 Thread 0x0000000018483800 Uncommon trap: reason=unstable_if action=reinterpret pc=0x0000000002f8e8f4 method=java.util.HashMap.putVal(ILjava/lang/Object;Ljava/lang/Object;ZZ)Ljava/lang/Object; @ 236
Event: 14.082 Thread 0x0000000018483800 Uncommon trap: reason=unstable_if action=reinterpret pc=0x0000000002c0ea74 method=java.lang.String.lastIndexOf([CII[CIII)I @ 118
Event: 14.272 Thread 0x0000000018483800 Uncommon trap: reason=class_check action=maybe_recompile pc=0x00000000026bbf50 method=org.gradle.internal.logging.text.AbstractLineChoppingStyledTextOutput$StateContext.flushLineText()V @ 110
Event: 14.274 Thread 0x0000000018483800 Uncommon trap: reason=class_check action=maybe_recompile pc=0x00000000026bbf50 method=org.gradle.internal.logging.text.AbstractLineChoppingStyledTextOutput$StateContext.flushLineText()V @ 110
Event: 14.291 Thread 0x0000000018483800 Uncommon trap: reason=class_check action=maybe_recompile pc=0x0000000002f616a8 method=org.gradle.model.internal.type.ModelType.wrap(Ljava/lang/reflect/Type;)Lorg/gradle/model/internal/type/TypeWrapper; @ 33
Event: 14.291 Thread 0x0000000018483800 Uncommon trap: reason=class_check action=maybe_recompile pc=0x0000000002f61830 method=org.gradle.model.internal.type.ModelType.wrap(Ljava/lang/reflect/Type;)Lorg/gradle/model/internal/type/TypeWrapper; @ 83
Event: 14.294 Thread 0x0000000018483800 Uncommon trap: reason=class_check action=maybe_recompile pc=0x0000000002f616a8 method=org.gradle.model.internal.type.ModelType.wrap(Ljava/lang/reflect/Type;)Lorg/gradle/model/internal/type/TypeWrapper; @ 33
Event: 14.294 Thread 0x0000000018483800 Uncommon trap: reason=class_check action=maybe_recompile pc=0x0000000002f61830 method=org.gradle.model.internal.type.ModelType.wrap(Ljava/lang/reflect/Type;)Lorg/gradle/model/internal/type/TypeWrapper; @ 83
Event: 14.402 Thread 0x0000000018483800 Uncommon trap: reason=unstable_if action=reinterpret pc=0x00000000034ee200 method=java.lang.reflect.AccessibleObject.setAccessible0(Ljava/lang/reflect/AccessibleObject;Z)V @ 23

Classes redefined (0 events):
No events

Internal exceptions (10 events):
Event: 14.328 Thread 0x0000000018483800 Exception <a 'java/lang/ClassNotFoundException': org/gradle/platform/base/BinaryContainer_ImplCustomizer> (0x00000000ee4ab3d0) thrown at [C:\src\AOSP-openjdk-git\hotspot\src\share\vm\classfile\systemDictionary.cpp, line 210]
Event: 14.401 Thread 0x0000000018483800 Exception <a 'java/lang/ClassNotFoundException': org/jetbrains/plugins/gradle/model/web/WebConfigurationBeanInfo> (0x00000000ee9a1928) thrown at [C:\src\AOSP-openjdk-git\hotspot\src\share\vm\classfile\systemDictionary.cpp, line 210]
Event: 14.401 Thread 0x0000000018483800 Exception <a 'java/lang/ClassNotFoundException': org/jetbrains/plugins/gradle/model/web/WebConfigurationCustomizer> (0x00000000ee9b0c18) thrown at [C:\src\AOSP-openjdk-git\hotspot\src\share\vm\classfile\systemDictionary.cpp, line 210]
Event: 14.402 Thread 0x0000000018483800 Exception <a 'java/lang/SecurityException'> (0x00000000ee9c1c68) thrown at [C:\src\AOSP-openjdk-git\hotspot\src\share\vm\prims\jvm.cpp, line 1506]
Event: 14.403 Thread 0x0000000018483800 Exception <a 'java/lang/ClassNotFoundException': java/lang/ClassBeanInfo> (0x00000000ee9d9da8) thrown at [C:\src\AOSP-openjdk-git\hotspot\src\share\vm\classfile\systemDictionary.cpp, line 210]
Event: 14.404 Thread 0x0000000018483800 Exception <a 'java/lang/ClassNotFoundException': java/lang/ClassCustomizer> (0x00000000ee9e0120) thrown at [C:\src\AOSP-openjdk-git\hotspot\src\share\vm\classfile\systemDictionary.cpp, line 210]
Event: 14.409 Thread 0x0000000018483800 Exception <a 'java/lang/ClassNotFoundException': java/lang/StringBeanInfo> (0x00000000eea56bd8) thrown at [C:\src\AOSP-openjdk-git\hotspot\src\share\vm\classfile\systemDictionary.cpp, line 210]
Event: 14.409 Thread 0x0000000018483800 Exception <a 'java/lang/ClassNotFoundException': java/lang/StringCustomizer> (0x00000000eea5d320) thrown at [C:\src\AOSP-openjdk-git\hotspot\src\share\vm\classfile\systemDictionary.cpp, line 210]
Event: 14.415 Thread 0x0000000018483800 Exception <a 'java/lang/ClassNotFoundException': org/jetbrains/plugins/gradle/model/scala/ScalaModelBeanInfo> (0x00000000eeaaed40) thrown at [C:\src\AOSP-openjdk-git\hotspot\src\share\vm\classfile\systemDictionary.cpp, line 210]
Event: 14.415 Thread 0x0000000018483800 Exception <a 'java/lang/ClassNotFoundException': org/jetbrains/plugins/gradle/model/scala/ScalaModelCustomizer> (0x00000000eeabda50) thrown at [C:\src\AOSP-openjdk-git\hotspot\src\share\vm\classfile\systemDictionary.cpp, line 210]

Events (10 events):
Event: 14.662 loading class org/gradle/internal/resource/transport/file/FileTransport
Event: 14.662 loading class org/gradle/internal/resource/transport/file/FileTransport done
Event: 14.663 loading class org/gradle/internal/resource/transport/file/FileTransport$NoOpCacheAwareExternalResourceAccessor
Event: 14.663 loading class org/gradle/internal/resource/transport/file/FileTransport$NoOpCacheAwareExternalResourceAccessor done
Event: 14.663 loading class org/gradle/api/internal/artifacts/ivyservice/ivyresolve/LocalModuleComponentRepository
Event: 14.663 loading class org/gradle/api/internal/artifacts/ivyservice/ivyresolve/LocalModuleComponentRepository done
Event: 14.663 loading class org/gradle/api/internal/artifacts/ivyservice/ivyresolve/LocalModuleComponentRepository$LocalAccess
Event: 14.663 loading class org/gradle/api/internal/artifacts/ivyservice/ivyresolve/LocalModuleComponentRepository$LocalAccess done
Event: 14.664 loading class org/gradle/api/internal/artifacts/ivyservice/ivyresolve/LocalModuleComponentRepository$RemoteAccess
Event: 14.664 loading class org/gradle/api/internal/artifacts/ivyservice/ivyresolve/LocalModuleComponentRepository$RemoteAccess done


Dynamic libraries:
0x00007ff757240000 - 0x00007ff757271000 	C:\Program Files\Android\Android Studio\jre\bin\java.exe
0x00007ffd1e7f0000 - 0x00007ffd1e9e6000 	C:\WINDOWS\SYSTEM32\ntdll.dll
0x00007ffd1d440000 - 0x00007ffd1d4fd000 	C:\WINDOWS\System32\KERNEL32.DLL
0x00007ffd1c490000 - 0x00007ffd1c758000 	C:\WINDOWS\System32\KERNELBASE.dll
0x00007ffd1df20000 - 0x00007ffd1dfca000 	C:\WINDOWS\System32\ADVAPI32.dll
0x00007ffd1d840000 - 0x00007ffd1d8de000 	C:\WINDOWS\System32\msvcrt.dll
0x00007ffd1d670000 - 0x00007ffd1d70b000 	C:\WINDOWS\System32\sechost.dll
0x00007ffd1d710000 - 0x00007ffd1d834000 	C:\WINDOWS\System32\RPCRT4.dll
0x00007ffd1d8e0000 - 0x00007ffd1da80000 	C:\WINDOWS\System32\USER32.dll
0x00007ffd1c120000 - 0x00007ffd1c142000 	C:\WINDOWS\System32\win32u.dll
0x00007ffd1d390000 - 0x00007ffd1d3ba000 	C:\WINDOWS\System32\GDI32.dll
0x00007ffd1c7e0000 - 0x00007ffd1c8e9000 	C:\WINDOWS\System32\gdi32full.dll
0x00007ffd1c150000 - 0x00007ffd1c1ed000 	C:\WINDOWS\System32\msvcp_win.dll
0x00007ffd1c020000 - 0x00007ffd1c120000 	C:\WINDOWS\System32\ucrtbase.dll
0x00007ffd12090000 - 0x00007ffd1232b000 	C:\WINDOWS\WinSxS\amd64_microsoft.windows.common-controls_6595b64144ccf1df_6.0.19041.488_none_ca04af081b815d21\COMCTL32.dll
0x00007ffd1d500000 - 0x00007ffd1d530000 	C:\WINDOWS\System32\IMM32.DLL
0x000000005b7b0000 - 0x000000005b882000 	C:\Program Files\Android\Android Studio\jre\jre\bin\msvcr100.dll
0x000000005b890000 - 0x000000005c0db000 	C:\Program Files\Android\Android Studio\jre\jre\bin\server\jvm.dll
0x00007ffd1e6a0000 - 0x00007ffd1e6a8000 	C:\WINDOWS\System32\PSAPI.DLL
0x00007ffd07190000 - 0x00007ffd07199000 	C:\WINDOWS\SYSTEM32\WSOCK32.dll
0x00007ffd1e740000 - 0x00007ffd1e7ab000 	C:\WINDOWS\System32\WS2_32.dll
0x00007ffd13540000 - 0x00007ffd13567000 	C:\WINDOWS\SYSTEM32\WINMM.dll
0x00007ffd1acd0000 - 0x00007ffd1acda000 	C:\WINDOWS\SYSTEM32\VERSION.dll
0x00007ffd12de0000 - 0x00007ffd12def000 	C:\Program Files\Android\Android Studio\jre\jre\bin\verify.dll
0x00007ffd07220000 - 0x00007ffd07249000 	C:\Program Files\Android\Android Studio\jre\jre\bin\java.dll
0x00007ffd00370000 - 0x00007ffd00386000 	C:\Program Files\Android\Android Studio\jre\jre\bin\zip.dll
0x00007ffd1c8f0000 - 0x00007ffd1d030000 	C:\WINDOWS\System32\SHELL32.dll
0x00007ffd1a010000 - 0x00007ffd1a7a4000 	C:\WINDOWS\SYSTEM32\windows.storage.dll
0x00007ffd1d030000 - 0x00007ffd1d385000 	C:\WINDOWS\System32\combase.dll
0x00007ffd1b970000 - 0x00007ffd1b99c000 	C:\WINDOWS\SYSTEM32\Wldp.dll
0x00007ffd1e180000 - 0x00007ffd1e22e000 	C:\WINDOWS\System32\SHCORE.dll
0x00007ffd1dec0000 - 0x00007ffd1df15000 	C:\WINDOWS\System32\shlwapi.dll
0x00007ffd1bf00000 - 0x00007ffd1bf26000 	C:\WINDOWS\SYSTEM32\profapi.dll
0x00007ffd00350000 - 0x00007ffd0036a000 	C:\Program Files\Android\Android Studio\jre\jre\bin\net.dll
0x00007ffd1b6f0000 - 0x00007ffd1b75a000 	C:\WINDOWS\system32\mswsock.dll
0x00007ffd00240000 - 0x00007ffd00253000 	C:\Program Files\Android\Android Studio\jre\jre\bin\nio.dll
0x00007ffd11dd0000 - 0x00007ffd11dee000 	C:\Users\selva\.gradle\native\25\windows-amd64\native-platform.dll
0x00007ffd123e0000 - 0x00007ffd123ed000 	C:\Program Files\Android\Android Studio\jre\jre\bin\management.dll
0x00007ffd1b8d0000 - 0x00007ffd1b8e8000 	C:\WINDOWS\SYSTEM32\CRYPTSP.dll
0x00007ffd1b080000 - 0x00007ffd1b0b4000 	C:\WINDOWS\system32\rsaenh.dll
0x00007ffd1c1f0000 - 0x00007ffd1c217000 	C:\WINDOWS\System32\bcrypt.dll
0x00007ffd1be10000 - 0x00007ffd1be3e000 	C:\WINDOWS\SYSTEM32\USERENV.dll
0x00007ffd1c760000 - 0x00007ffd1c7df000 	C:\WINDOWS\System32\bcryptprimitives.dll
0x00007ffd1b8c0000 - 0x00007ffd1b8cc000 	C:\WINDOWS\SYSTEM32\CRYPTBASE.dll
0x00007ffd1b3e0000 - 0x00007ffd1b41b000 	C:\WINDOWS\SYSTEM32\IPHLPAPI.DLL
0x00007ffd1d530000 - 0x00007ffd1d539000 	C:\WINDOWS\System32\NSI.dll
0x00007ffd135b0000 - 0x00007ffd135c7000 	C:\WINDOWS\SYSTEM32\dhcpcsvc6.DLL
0x00007ffd13a20000 - 0x00007ffd13a3d000 	C:\WINDOWS\SYSTEM32\dhcpcsvc.DLL
0x00007ffd1b420000 - 0x00007ffd1b4eb000 	C:\WINDOWS\SYSTEM32\DNSAPI.dll

VM Arguments:
jvm_args: -XX:+HeapDumpOnOutOfMemoryError -Xmx1024m -Dfile.encoding=windows-1252 -Duser.country=IN -Duser.language=en -Duser.variant 
java_command: org.gradle.launcher.daemon.bootstrap.GradleDaemon 4.1
java_class_path (initial): C:\Users\selva\.gradle\wrapper\dists\gradle-4.1-all\bzyivzo6n839fup2jbap0tjew\gradle-4.1\lib\gradle-launcher-4.1.jar
Launcher Type: SUN_STANDARD

Environment Variables:
PATH=C:\Program Files (x86)\Common Files\Oracle\Java\javapath;C:\ProgramData\Oracle\Java\javapath;C:\Program Files (x86)\Intel\iCLS Client\;C:\Program Files\Intel\iCLS Client\;C:\windows\system32;C:\windows;C:\windows\System32\Wbem;C:\windows\System32\WindowsPowerShell\v1.0\;C:\Program Files\Intel\Intel(R) Management Engine Components\DAL;C:\Program Files (x86)\Intel\Intel(R) Management Engine Components\DAL;C:\Program Files\Intel\Intel(R) Management Engine Components\IPT;C:\Program Files (x86)\Intel\Intel(R) Management Engine Components\IPT;C:\adb;C:\Android;C:\Windows\System32;C:\Program Files\nodejs;C:\Users\selva\AppData\Roaming\npm;C:\Users\selva\AppData\Local\Programs\Python\Python37;C:\Users\selva\AppData\Local\Android\sdk\platform-tools;C:\Program Files\Intel\WiFi\bin\;C:\Program Files\Common Files\Intel\WirelessCommon\;C:\WINDOWS\system32;C:\WINDOWS;C:\WINDOWS\System32\Wbem;C:\WINDOWS\System32\WindowsPowerShell\v1.0\;C:\WINDOWS\System32\OpenSSH\;C:\Program Files\Git\cmd;C:\Users\selva\AppData\Roaming\npm;%USERPROFILE%\AppData\Local\Microsoft\WindowsApps;
USERNAME=selva
OS=Windows_NT
PROCESSOR_IDENTIFIER=Intel64 Family 6 Model 61 Stepping 4, GenuineIntel



---------------  S Y S T E M  ---------------

OS: Windows 10.0 , 64 bit Build 19041 (10.0.19041.546)

CPU:total 4 (initial active 4) (2 cores per cpu, 2 threads per core) family 6 model 61 stepping 4, cmov, cx8, fxsr, mmx, sse, sse2, sse3, ssse3, sse4.1, sse4.2, popcnt, avx, avx2, aes, clmul, erms, 3dnowpref, lzcnt, ht, tsc, tscinvbit, bmi1, bmi2, adx

Memory: 4k page, physical 8277100k(972596k free), swap 12471404k(5244k free)

vm_info: OpenJDK 64-Bit Server VM (25.242-b01) for windows-amd64 JRE (1.8.0_242-release-1644-b01), built by "builder" with MS VC++ 10.0 (VS2010)

time: Fri Oct 23 23:28:16 2020
timezone: India Standard Time
elapsed time: 14 seconds (0d 0h 0m 14s)

