#
# There is insufficient memory for the Java Runtime Environment to continue.
# Native memory allocation (malloc) failed to allocate 1851856 bytes for Chunk::new
# Possible reasons:
#   The system is out of physical RAM or swap space
#   The process is running with CompressedOops enabled, and the Java Heap may be blocking the growth of the native heap
# Possible solutions:
#   Reduce memory load on the system
#   Increase physical memory or swap space
#   Check if swap backing store is full
#   Decrease Java heap size (-Xmx/-Xms)
#   Decrease number of Java threads
#   Decrease Java thread stack sizes (-Xss)
#   Set larger code cache with -XX:ReservedCodeCacheSize=
#   JVM is running with Unscaled Compressed Oops mode in which the Java heap is
#     placed in the first 4GB address space. The Java Heap base address is the
#     maximum limit for the native heap growth. Please use -XX:HeapBaseMinAddress
#     to set the Java Heap base and to place the Java Heap above 4GB virtual address.
# This output file may be truncated or incomplete.
#
#  Out of Memory Error (allocation.cpp:389), pid=8652, tid=0x0000000000002bfc
#
# JRE version: OpenJDK Runtime Environment (8.0_242-b01) (build 1.8.0_242-release-1644-b01)
# Java VM: OpenJDK 64-Bit Server VM (25.242-b01 mixed mode windows-amd64 compressed oops)
# Failed to write core dump. Minidumps are not enabled by default on client versions of Windows
#

---------------  T H R E A D  ---------------

Current thread (0x00000000151b4800):  JavaThread "C2 CompilerThread0" daemon [_thread_in_native, id=11260, stack(0x0000000016800000,0x0000000016900000)]

Stack: [0x0000000016800000,0x0000000016900000]
[error occurred during error reporting (printing stack bounds), id 0xc0000005]

Native frames: (J=compiled Java code, j=interpreted, Vv=VM code, C=native code)


Current CompileTask:
C2:  61407 10018       4       org.jetbrains.org.objectweb.asm.ClassReader::readCode (3343 bytes)


---------------  P R O C E S S  ---------------

Java Threads: ( => current thread )
  0x0000000017773800 JavaThread "Task worker for ':' Thread 3" [_thread_in_native, id=12468, stack(0x0000000022170000,0x0000000022270000)]
  0x000000001777a800 JavaThread "Task worker for ':' Thread 2" [_thread_blocked, id=2360, stack(0x0000000021f00000,0x0000000022000000)]
  0x0000000017779800 JavaThread "Task worker for ':'" [_thread_blocked, id=18164, stack(0x0000000021e00000,0x0000000021f00000)]
  0x0000000017777800 JavaThread "Cache worker for task history cache (D:\Studioworkspace\Google play protect\.gradle\4.1\taskHistory)" [_thread_blocked, id=17724, stack(0x0000000021a20000,0x0000000021b20000)]
  0x0000000017776800 JavaThread "Cache worker for file content cache (D:\Studioworkspace\Google play protect\.gradle\4.1\fileContent)" [_thread_blocked, id=17128, stack(0x0000000022070000,0x0000000022170000)]
  0x0000000017166800 JavaThread "Memory manager" [_thread_blocked, id=13956, stack(0x000000001f300000,0x000000001f400000)]
  0x0000000017165800 JavaThread "build operations Thread 4" [_thread_blocked, id=7280, stack(0x000000001dfb0000,0x000000001e0b0000)]
  0x0000000017164000 JavaThread "build operations Thread 3" [_thread_blocked, id=10108, stack(0x000000001deb0000,0x000000001dfb0000)]
  0x0000000017162800 JavaThread "build operations Thread 2" [_thread_blocked, id=16028, stack(0x000000001dac0000,0x000000001dbc0000)]
  0x0000000017160800 JavaThread "build operations" [_thread_blocked, id=17356, stack(0x000000001d8c0000,0x000000001d9c0000)]
  0x0000000017161000 JavaThread "Cache worker for Artifact transforms cache (C:\Users\selva\.gradle\caches\transforms-1)" [_thread_blocked, id=7568, stack(0x000000001d7c0000,0x000000001d8c0000)]
  0x0000000016d14000 JavaThread "Cache worker for file hash cache (D:\Studioworkspace\Google play protect\.gradle\4.1\fileHashes)" [_thread_blocked, id=17100, stack(0x000000001ad20000,0x000000001ae20000)]
  0x0000000016e4f000 JavaThread "File lock request listener" [_thread_in_native, id=14064, stack(0x000000001ac20000,0x000000001ad20000)]
  0x0000000018636800 JavaThread "Cache worker for file hash cache (C:\Users\selva\.gradle\caches\4.1\fileHashes)" [_thread_blocked, id=1836, stack(0x000000001a920000,0x000000001aa20000)]
  0x000000001808d800 JavaThread "Stdin handler" [_thread_blocked, id=5516, stack(0x000000001a820000,0x000000001a920000)]
  0x000000001808a800 JavaThread "Asynchronous log dispatcher for DefaultDaemonConnection: socket connection from /127.0.0.1:57286 to /127.0.0.1:57287" [_thread_blocked, id=11408, stack(0x000000001a720000,0x000000001a820000)]
  0x0000000018094000 JavaThread "Daemon worker" [_thread_blocked, id=13036, stack(0x000000001a620000,0x000000001a720000)]
  0x0000000018632800 JavaThread "Cancel handler" [_thread_blocked, id=11932, stack(0x000000001a520000,0x000000001a620000)]
  0x0000000017d0d000 JavaThread "Handler for socket connection from /127.0.0.1:57286 to /127.0.0.1:57287" [_thread_in_native, id=14412, stack(0x000000001a220000,0x000000001a320000)]
  0x0000000017d0c000 JavaThread "Daemon" [_thread_blocked, id=10056, stack(0x000000001a120000,0x000000001a220000)]
  0x000000001804f000 JavaThread "Daemon periodic checks" [_thread_blocked, id=4076, stack(0x000000001a020000,0x000000001a120000)]
  0x0000000017fee800 JavaThread "Incoming local TCP Connector on port 57286" [_thread_in_native, id=15348, stack(0x0000000019de0000,0x0000000019ee0000)]
  0x000000001520d000 JavaThread "Service Thread" daemon [_thread_blocked, id=11508, stack(0x0000000016f00000,0x0000000017000000)]
  0x00000000151c3000 JavaThread "C1 CompilerThread2" daemon [_thread_in_native, id=10444, stack(0x0000000016a00000,0x0000000016b00000)]
  0x00000000151bb000 JavaThread "C2 CompilerThread1" daemon [_thread_blocked, id=16920, stack(0x0000000016900000,0x0000000016a00000)]
=>0x00000000151b4800 JavaThread "C2 CompilerThread0" daemon [_thread_in_native, id=11260, stack(0x0000000016800000,0x0000000016900000)]
  0x00000000151b2800 JavaThread "Attach Listener" daemon [_thread_blocked, id=10468, stack(0x0000000016700000,0x0000000016800000)]
  0x00000000151b7000 JavaThread "Signal Dispatcher" daemon [_thread_blocked, id=9420, stack(0x0000000016600000,0x0000000016700000)]
  0x0000000002add800 JavaThread "Finalizer" daemon [_thread_blocked, id=6596, stack(0x0000000016400000,0x0000000016500000)]
  0x0000000015199000 JavaThread "Reference Handler" daemon [_thread_blocked, id=7584, stack(0x0000000016300000,0x0000000016400000)]
  0x00000000029de000 JavaThread "main" [_thread_blocked, id=6196, stack(0x0000000002880000,0x0000000002980000)]

Other Threads:
  0x0000000015177800 VMThread [stack: 0x0000000016200000,0x0000000016300000] [id=12372]
  0x000000001520e000 WatcherThread [stack: 0x0000000017000000,0x0000000017100000] [id=17692]

VM state:not at safepoint (normal execution)

VM Mutex/Monitor currently owned by a thread: None

heap address: 0x00000000c0000000, size: 1024 MB, Compressed Oops mode: 32-bit
Narrow klass base: 0x0000000000000000, Narrow klass shift: 3
Compressed class space size: 1073741824 Address: 0x0000000100000000

Heap:
 PSYoungGen      total 307712K, used 127910K [0x00000000eab00000, 0x0000000100000000, 0x0000000100000000)
  eden space 282624K, 37% used [0x00000000eab00000,0x00000000f11dac88,0x00000000fbf00000)
  from space 25088K, 90% used [0x00000000fbf00000,0x00000000fd50ede0,0x00000000fd780000)
  to   space 28160K, 0% used [0x00000000fe480000,0x00000000fe480000,0x0000000100000000)
 ParOldGen       total 139776K, used 45016K [0x00000000c0000000, 0x00000000c8880000, 0x00000000eab00000)
  object space 139776K, 32% used [0x00000000c0000000,0x00000000c2bf6110,0x00000000c8880000)
 Metaspace       used 74904K, capacity 77844K, committed 77912K, reserved 1116160K
  class space    used 9926K, capacity 10580K, committed 10624K, reserved 1048576K

Card table byte_map: [0x0000000011ea0000,0x00000000120b0000] byte_map_base: 0x00000000118a0000

Marking Bits: (ParMarkBitMap*) 0x000000005c05f030
 Begin Bits: [0x0000000012610000, 0x0000000013610000)
 End Bits:   [0x0000000013610000, 0x0000000014610000)

Polling page: 0x0000000000b30000

CodeCache: size=245760Kb used=28946Kb max_used=28954Kb free=216813Kb
 bounds [0x0000000002ae0000, 0x0000000004750000, 0x0000000011ae0000]
 total_blobs=9553 nmethods=8708 adapters=757
 compilation: enabled

Compilation events (10 events):
Event: 61.358 Thread 0x00000000151c3000 nmethod 10057 0x000000000473ae50 code [0x000000000473b240, 0x000000000473d7b8]
Event: 61.358 Thread 0x00000000151c3000 10062       3       com.intellij.psi.impl.source.tree.CompositeElement::setPsi (54 bytes)
Event: 61.360 Thread 0x00000000151c3000 nmethod 10062 0x000000000473ea90 code [0x000000000473ece0, 0x000000000473fc78]
Event: 61.360 Thread 0x00000000151c3000 10063       3       com.intellij.psi.impl.source.tree.JavaElementType$JavaCompositeElementType::createCompositeNode (49 bytes)
Event: 61.361 Thread 0x00000000151c3000 nmethod 10063 0x00000000047404d0 code [0x0000000004740740, 0x0000000004741748]
Event: 61.361 Thread 0x00000000151c3000 10051       1       com.intellij.lang.impl.PsiBuilderImpl::access$1900 (5 bytes)
Event: 61.361 Thread 0x00000000151c3000 nmethod 10051 0x0000000004741fd0 code [0x0000000004742120, 0x0000000004742210]
Event: 61.371 Thread 0x00000000151bb000 nmethod 10046 0x0000000004745950 code [0x0000000004745ae0, 0x0000000004746598]
Event: 61.371 Thread 0x00000000151bb000 10049       4       com.intellij.lang.impl.PsiBuilderImpl::whitespaceOrComment (28 bytes)
Event: 61.374 Thread 0x00000000151bb000 nmethod 10049 0x0000000004742490 code [0x00000000047425e0, 0x0000000004742818]

GC Heap History (10 events):
Event: 50.494 GC heap before
{Heap before GC invocations=18 (full 3):
 PSYoungGen      total 179200K, used 157350K [0x00000000eab00000, 0x00000000f7980000, 0x0000000100000000)
  eden space 157696K, 99% used [0x00000000eab00000,0x00000000f44a98d0,0x00000000f4500000)
  from space 21504K, 0% used [0x00000000f5b80000,0x00000000f5b80000,0x00000000f7080000)
  to   space 23040K, 0% used [0x00000000f4500000,0x00000000f4500000,0x00000000f5b80000)
 ParOldGen       total 139776K, used 34998K [0x00000000c0000000, 0x00000000c8880000, 0x00000000eab00000)
  object space 139776K, 25% used [0x00000000c0000000,0x00000000c222daf0,0x00000000c8880000)
 Metaspace       used 59427K, capacity 61676K, committed 61784K, reserved 1101824K
  class space    used 7973K, capacity 8486K, committed 8576K, reserved 1048576K
Event: 50.517 GC heap after
Heap after GC invocations=18 (full 3):
 PSYoungGen      total 180736K, used 23018K [0x00000000eab00000, 0x00000000faa80000, 0x0000000100000000)
  eden space 157696K, 0% used [0x00000000eab00000,0x00000000eab00000,0x00000000f4500000)
  from space 23040K, 99% used [0x00000000f4500000,0x00000000f5b7a8a0,0x00000000f5b80000)
  to   space 26624K, 0% used [0x00000000f9080000,0x00000000f9080000,0x00000000faa80000)
 ParOldGen       total 139776K, used 35521K [0x00000000c0000000, 0x00000000c8880000, 0x00000000eab00000)
  object space 139776K, 25% used [0x00000000c0000000,0x00000000c22b0718,0x00000000c8880000)
 Metaspace       used 59427K, capacity 61676K, committed 61784K, reserved 1101824K
  class space    used 7973K, capacity 8486K, committed 8576K, reserved 1048576K
}
Event: 50.558 GC heap before
{Heap before GC invocations=19 (full 3):
 PSYoungGen      total 180736K, used 180576K [0x00000000eab00000, 0x00000000faa80000, 0x0000000100000000)
  eden space 157696K, 99% used [0x00000000eab00000,0x00000000f44dda28,0x00000000f4500000)
  from space 23040K, 99% used [0x00000000f4500000,0x00000000f5b7a8a0,0x00000000f5b80000)
  to   space 26624K, 0% used [0x00000000f9080000,0x00000000f9080000,0x00000000faa80000)
 ParOldGen       total 139776K, used 35521K [0x00000000c0000000, 0x00000000c8880000, 0x00000000eab00000)
  object space 139776K, 25% used [0x00000000c0000000,0x00000000c22b0718,0x00000000c8880000)
 Metaspace       used 59437K, capacity 61676K, committed 61784K, reserved 1101824K
  class space    used 7973K, capacity 8486K, committed 8576K, reserved 1048576K
Event: 50.569 GC heap after
Heap after GC invocations=19 (full 3):
 PSYoungGen      total 235520K, used 7898K [0x00000000eab00000, 0x00000000fc700000, 0x0000000100000000)
  eden space 208896K, 0% used [0x00000000eab00000,0x00000000eab00000,0x00000000f7700000)
  from space 26624K, 29% used [0x00000000f9080000,0x00000000f9836a40,0x00000000faa80000)
  to   space 26112K, 0% used [0x00000000f7700000,0x00000000f7700000,0x00000000f9080000)
 ParOldGen       total 139776K, used 35529K [0x00000000c0000000, 0x00000000c8880000, 0x00000000eab00000)
  object space 139776K, 25% used [0x00000000c0000000,0x00000000c22b2718,0x00000000c8880000)
 Metaspace       used 59437K, capacity 61676K, committed 61784K, reserved 1101824K
  class space    used 7973K, capacity 8486K, committed 8576K, reserved 1048576K
}
Event: 50.604 GC heap before
{Heap before GC invocations=20 (full 3):
 PSYoungGen      total 235520K, used 216535K [0x00000000eab00000, 0x00000000fc700000, 0x0000000100000000)
  eden space 208896K, 99% used [0x00000000eab00000,0x00000000f76bf3e0,0x00000000f7700000)
  from space 26624K, 29% used [0x00000000f9080000,0x00000000f9836a40,0x00000000faa80000)
  to   space 26112K, 0% used [0x00000000f7700000,0x00000000f7700000,0x00000000f9080000)
 ParOldGen       total 139776K, used 35529K [0x00000000c0000000, 0x00000000c8880000, 0x00000000eab00000)
  object space 139776K, 25% used [0x00000000c0000000,0x00000000c22b2718,0x00000000c8880000)
 Metaspace       used 59443K, capacity 61676K, committed 61784K, reserved 1101824K
  class space    used 7973K, capacity 8486K, committed 8576K, reserved 1048576K
Event: 50.614 GC heap after
Heap after GC invocations=20 (full 3):
 PSYoungGen      total 235008K, used 96K [0x00000000eab00000, 0x00000000ff580000, 0x0000000100000000)
  eden space 208896K, 0% used [0x00000000eab00000,0x00000000eab00000,0x00000000f7700000)
  from space 26112K, 0% used [0x00000000f7700000,0x00000000f7718000,0x00000000f9080000)
  to   space 26624K, 0% used [0x00000000fdb80000,0x00000000fdb80000,0x00000000ff580000)
 ParOldGen       total 139776K, used 42943K [0x00000000c0000000, 0x00000000c8880000, 0x00000000eab00000)
  object space 139776K, 30% used [0x00000000c0000000,0x00000000c29eff78,0x00000000c8880000)
 Metaspace       used 59443K, capacity 61676K, committed 61784K, reserved 1101824K
  class space    used 7973K, capacity 8486K, committed 8576K, reserved 1048576K
}
Event: 54.799 GC heap before
{Heap before GC invocations=21 (full 3):
 PSYoungGen      total 235008K, used 208992K [0x00000000eab00000, 0x00000000ff580000, 0x0000000100000000)
  eden space 208896K, 100% used [0x00000000eab00000,0x00000000f7700000,0x00000000f7700000)
  from space 26112K, 0% used [0x00000000f7700000,0x00000000f7718000,0x00000000f9080000)
  to   space 26624K, 0% used [0x00000000fdb80000,0x00000000fdb80000,0x00000000ff580000)
 ParOldGen       total 139776K, used 42943K [0x00000000c0000000, 0x00000000c8880000, 0x00000000eab00000)
  object space 139776K, 30% used [0x00000000c0000000,0x00000000c29eff78,0x00000000c8880000)
 Metaspace       used 66687K, capacity 69440K, committed 69592K, reserved 1110016K
  class space    used 8843K, capacity 9412K, committed 9472K, reserved 1048576K
Event: 54.819 GC heap after
Heap after GC invocations=21 (full 3):
 PSYoungGen      total 303616K, used 8702K [0x00000000eab00000, 0x00000000ff000000, 0x0000000100000000)
  eden space 282624K, 0% used [0x00000000eab00000,0x00000000eab00000,0x00000000fbf00000)
  from space 20992K, 41% used [0x00000000fdb80000,0x00000000fe3ffac8,0x00000000ff000000)
  to   space 25088K, 0% used [0x00000000fbf00000,0x00000000fbf00000,0x00000000fd780000)
 ParOldGen       total 139776K, used 42975K [0x00000000c0000000, 0x00000000c8880000, 0x00000000eab00000)
  object space 139776K, 30% used [0x00000000c0000000,0x00000000c29f7f78,0x00000000c8880000)
 Metaspace       used 66687K, capacity 69440K, committed 69592K, reserved 1110016K
  class space    used 8843K, capacity 9412K, committed 9472K, reserved 1048576K
}
Event: 61.185 GC heap before
{Heap before GC invocations=22 (full 3):
 PSYoungGen      total 303616K, used 268283K [0x00000000eab00000, 0x00000000ff000000, 0x0000000100000000)
  eden space 282624K, 91% used [0x00000000eab00000,0x00000000fa87f2c0,0x00000000fbf00000)
  from space 20992K, 41% used [0x00000000fdb80000,0x00000000fe3ffac8,0x00000000ff000000)
  to   space 25088K, 0% used [0x00000000fbf00000,0x00000000fbf00000,0x00000000fd780000)
 ParOldGen       total 139776K, used 42975K [0x00000000c0000000, 0x00000000c8880000, 0x00000000eab00000)
  object space 139776K, 30% used [0x00000000c0000000,0x00000000c29f7f78,0x00000000c8880000)
 Metaspace       used 74185K, capacity 77122K, committed 77272K, reserved 1116160K
  class space    used 9813K, capacity 10469K, committed 10496K, reserved 1048576K
Event: 61.213 GC heap after
Heap after GC invocations=22 (full 3):
 PSYoungGen      total 307712K, used 22587K [0x00000000eab00000, 0x0000000100000000, 0x0000000100000000)
  eden space 282624K, 0% used [0x00000000eab00000,0x00000000eab00000,0x00000000fbf00000)
  from space 25088K, 90% used [0x00000000fbf00000,0x00000000fd50ede0,0x00000000fd780000)
  to   space 28160K, 0% used [0x00000000fe480000,0x00000000fe480000,0x0000000100000000)
 ParOldGen       total 139776K, used 45016K [0x00000000c0000000, 0x00000000c8880000, 0x00000000eab00000)
  object space 139776K, 32% used [0x00000000c0000000,0x00000000c2bf6110,0x00000000c8880000)
 Metaspace       used 74185K, capacity 77122K, committed 77272K, reserved 1116160K
  class space    used 9813K, capacity 10469K, committed 10496K, reserved 1048576K
}

Deoptimization events (10 events):
Event: 60.273 Thread 0x0000000017773800 Uncommon trap: reason=class_check action=maybe_recompile pc=0x000000000453f0a8 method=com.intellij.util.containers.FactoryMap.getMap()Ljava/util/Map; @ 9
Event: 60.300 Thread 0x0000000017773800 Uncommon trap: reason=bimorphic action=maybe_recompile pc=0x00000000043fd404 method=java.util.LinkedHashMap.afterNodeInsertion(Z)V @ 15
Event: 60.301 Thread 0x0000000017773800 Uncommon trap: reason=bimorphic action=maybe_recompile pc=0x00000000043fd404 method=java.util.LinkedHashMap.afterNodeInsertion(Z)V @ 15
Event: 60.354 Thread 0x0000000017773800 Uncommon trap: reason=class_check action=maybe_recompile pc=0x0000000004467194 method=java.lang.AbstractStringBuilder.append(Ljava/lang/CharSequence;)Ljava/lang/AbstractStringBuilder; @ 45
Event: 60.354 Thread 0x0000000017773800 Uncommon trap: reason=bimorphic action=maybe_recompile pc=0x0000000002e28a0c method=java.lang.AbstractStringBuilder.append(Ljava/lang/CharSequence;II)Ljava/lang/AbstractStringBuilder; @ 18
Event: 60.354 Thread 0x0000000017773800 Uncommon trap: reason=class_check action=maybe_recompile pc=0x0000000004467194 method=java.lang.AbstractStringBuilder.append(Ljava/lang/CharSequence;)Ljava/lang/AbstractStringBuilder; @ 45
Event: 60.354 Thread 0x0000000017773800 Uncommon trap: reason=bimorphic action=maybe_recompile pc=0x0000000002e28a0c method=java.lang.AbstractStringBuilder.append(Ljava/lang/CharSequence;II)Ljava/lang/AbstractStringBuilder; @ 18
Event: 60.354 Thread 0x0000000017773800 Uncommon trap: reason=bimorphic action=maybe_recompile pc=0x0000000002e28a0c method=java.lang.AbstractStringBuilder.append(Ljava/lang/CharSequence;II)Ljava/lang/AbstractStringBuilder; @ 18
Event: 60.354 Thread 0x0000000017773800 Uncommon trap: reason=bimorphic action=maybe_recompile pc=0x0000000002e28a0c method=java.lang.AbstractStringBuilder.append(Ljava/lang/CharSequence;II)Ljava/lang/AbstractStringBuilder; @ 18
Event: 60.998 Thread 0x0000000017773800 Uncommon trap: reason=unstable_if action=reinterpret pc=0x0000000002cba888 method=java.lang.Integer.getChars(II[C)V @ 7

Classes redefined (0 events):
No events

Internal exceptions (10 events):
Event: 59.864 Thread 0x0000000017773800 Exception <a 'java/lang/NoSuchMethodError': java.lang.Object.lambda$static$0(I)[Lcom/intellij/psi/PsiJavaCodeReferenceElement;> (0x00000000eeabf888) thrown at [C:\src\AOSP-openjdk-git\hotspot\src\share\vm\interpreter\linkResolver.cpp, line 620]
Event: 60.280 Thread 0x0000000017773800 Exception <a 'java/lang/NoSuchMethodError': java.lang.Object.lambda$static$0(I)[Lcom/intellij/psi/PsiTypeParameter;> (0x00000000ef7c3f28) thrown at [C:\src\AOSP-openjdk-git\hotspot\src\share\vm\interpreter\linkResolver.cpp, line 620]
Event: 60.472 Thread 0x0000000017773800 Exception <a 'java/lang/NoSuchMethodError': java.lang.Object.lambda$static$0(I)[Lcom/intellij/psi/PsiTypeElement;> (0x00000000f2951ee8) thrown at [C:\src\AOSP-openjdk-git\hotspot\src\share\vm\interpreter\linkResolver.cpp, line 620]
Event: 60.654 Thread 0x0000000017773800 Exception <a 'java/lang/NoSuchMethodError': java.lang.Object.lambda$static$0(I)[Lcom/intellij/psi/PsiElement;> (0x00000000f2b1b448) thrown at [C:\src\AOSP-openjdk-git\hotspot\src\share\vm\interpreter\linkResolver.cpp, line 620]
Event: 61.218 Thread 0x0000000017773800 Exception <a 'java/lang/NoSuchMethodError': java.lang.Object.lambda$static$0(I)[Lcom/intellij/psi/PsiField;> (0x00000000ed6e20f0) thrown at [C:\src\AOSP-openjdk-git\hotspot\src\share\vm\interpreter\linkResolver.cpp, line 620]
Event: 61.243 Thread 0x0000000017773800 Exception <a 'java/lang/NoSuchMethodError': java.lang.Object.lambda$static$0(I)[Lcom/intellij/psi/PsiClassInitializer;> (0x00000000ed75fa88) thrown at [C:\src\AOSP-openjdk-git\hotspot\src\share\vm\interpreter\linkResolver.cpp, line 620]
Event: 61.251 Thread 0x0000000017773800 Exception <a 'java/lang/NoSuchMethodError': java.lang.Object.lambda$static$0(I)[Lcom/intellij/psi/PsiMethod;> (0x00000000ed76aab8) thrown at [C:\src\AOSP-openjdk-git\hotspot\src\share\vm\interpreter\linkResolver.cpp, line 620]
Event: 61.305 Thread 0x0000000017773800 Exception <a 'java/lang/NoSuchMethodError': java.lang.Object.lambda$static$0(I)[Lcom/intellij/psi/PsiNameValuePair;> (0x00000000ed8a8170) thrown at [C:\src\AOSP-openjdk-git\hotspot\src\share\vm\interpreter\linkResolver.cpp, line 620]
Event: 61.306 Thread 0x0000000017773800 Exception <a 'java/lang/NoSuchMethodError': java.lang.Object.lambda$static$0(I)[Lcom/intellij/psi/PsiParameter;> (0x00000000ed8b8748) thrown at [C:\src\AOSP-openjdk-git\hotspot\src\share\vm\interpreter\linkResolver.cpp, line 620]
Event: 61.346 Thread 0x0000000017773800 Exception <a 'java/lang/NoSuchMethodError': java.lang.Object.lambda$static$0(I)[Lcom/intellij/psi/PsiStatement;> (0x00000000f0f629d8) thrown at [C:\src\AOSP-openjdk-git\hotspot\src\share\vm\interpreter\linkResolver.cpp, line 620]

Events (10 events):
Event: 61.369 loading class org/jetbrains/uast/java/JavaUVariable$Companion
Event: 61.369 loading class org/jetbrains/uast/java/JavaUVariable$Companion done
Event: 61.370 loading class org/jetbrains/uast/java/JavaULocalVariable
Event: 61.370 loading class org/jetbrains/uast/java/JavaULocalVariable done
Event: 61.371 loading class org/jetbrains/uast/ULocalVariable
Event: 61.371 loading class org/jetbrains/uast/ULocalVariable done
Event: 61.374 loading class org/jetbrains/uast/java/JavaUSimpleNameReferenceExpression
Event: 61.374 loading class org/jetbrains/uast/java/JavaUSimpleNameReferenceExpression done
Event: 61.374 loading class org/jetbrains/uast/USimpleNameReferenceExpression
Event: 61.374 loading class org/jetbrains/uast/USimpleNameReferenceExpression done


Dynamic libraries:
0x00007ff757240000 - 0x00007ff757271000 	C:\Program Files\Android\Android Studio\jre\bin\java.exe
0x00007ffd1e7f0000 - 0x00007ffd1e9e6000 	C:\WINDOWS\SYSTEM32\ntdll.dll
0x00007ffd1d440000 - 0x00007ffd1d4fd000 	C:\WINDOWS\System32\KERNEL32.DLL
0x00007ffd1c490000 - 0x00007ffd1c758000 	C:\WINDOWS\System32\KERNELBASE.dll
0x00007ffd1df20000 - 0x00007ffd1dfca000 	C:\WINDOWS\System32\ADVAPI32.dll
0x00007ffd1d840000 - 0x00007ffd1d8de000 	C:\WINDOWS\System32\msvcrt.dll
0x00007ffd1d670000 - 0x00007ffd1d70b000 	C:\WINDOWS\System32\sechost.dll
0x00007ffd1d710000 - 0x00007ffd1d834000 	C:\WINDOWS\System32\RPCRT4.dll
0x00007ffd1d8e0000 - 0x00007ffd1da80000 	C:\WINDOWS\System32\USER32.dll
0x00007ffd1c120000 - 0x00007ffd1c142000 	C:\WINDOWS\System32\win32u.dll
0x00007ffd1d390000 - 0x00007ffd1d3ba000 	C:\WINDOWS\System32\GDI32.dll
0x00007ffd1c7e0000 - 0x00007ffd1c8e9000 	C:\WINDOWS\System32\gdi32full.dll
0x00007ffd1c150000 - 0x00007ffd1c1ed000 	C:\WINDOWS\System32\msvcp_win.dll
0x00007ffd1c020000 - 0x00007ffd1c120000 	C:\WINDOWS\System32\ucrtbase.dll
0x00007ffd12090000 - 0x00007ffd1232b000 	C:\WINDOWS\WinSxS\amd64_microsoft.windows.common-controls_6595b64144ccf1df_6.0.19041.488_none_ca04af081b815d21\COMCTL32.dll
0x00007ffd1d500000 - 0x00007ffd1d530000 	C:\WINDOWS\System32\IMM32.DLL
0x000000005b7b0000 - 0x000000005b882000 	C:\Program Files\Android\Android Studio\jre\jre\bin\msvcr100.dll
0x000000005b890000 - 0x000000005c0db000 	C:\Program Files\Android\Android Studio\jre\jre\bin\server\jvm.dll
0x00007ffd1e6a0000 - 0x00007ffd1e6a8000 	C:\WINDOWS\System32\PSAPI.DLL
0x00007ffd1acd0000 - 0x00007ffd1acda000 	C:\WINDOWS\SYSTEM32\VERSION.dll
0x00007ffd13540000 - 0x00007ffd13567000 	C:\WINDOWS\SYSTEM32\WINMM.dll
0x00007ffd07190000 - 0x00007ffd07199000 	C:\WINDOWS\SYSTEM32\WSOCK32.dll
0x00007ffd1e740000 - 0x00007ffd1e7ab000 	C:\WINDOWS\System32\WS2_32.dll
0x00007ffd12de0000 - 0x00007ffd12def000 	C:\Program Files\Android\Android Studio\jre\jre\bin\verify.dll
0x00007ffd07220000 - 0x00007ffd07249000 	C:\Program Files\Android\Android Studio\jre\jre\bin\java.dll
0x00007ffd00370000 - 0x00007ffd00386000 	C:\Program Files\Android\Android Studio\jre\jre\bin\zip.dll
0x00007ffd1c8f0000 - 0x00007ffd1d030000 	C:\WINDOWS\System32\SHELL32.dll
0x00007ffd1a010000 - 0x00007ffd1a7a4000 	C:\WINDOWS\SYSTEM32\windows.storage.dll
0x00007ffd1d030000 - 0x00007ffd1d385000 	C:\WINDOWS\System32\combase.dll
0x00007ffd1b970000 - 0x00007ffd1b99c000 	C:\WINDOWS\SYSTEM32\Wldp.dll
0x00007ffd1e180000 - 0x00007ffd1e22e000 	C:\WINDOWS\System32\SHCORE.dll
0x00007ffd1dec0000 - 0x00007ffd1df15000 	C:\WINDOWS\System32\shlwapi.dll
0x00007ffd1bf00000 - 0x00007ffd1bf26000 	C:\WINDOWS\SYSTEM32\profapi.dll
0x00007ffd00350000 - 0x00007ffd0036a000 	C:\Program Files\Android\Android Studio\jre\jre\bin\net.dll
0x00007ffd1b6f0000 - 0x00007ffd1b75a000 	C:\WINDOWS\system32\mswsock.dll
0x00007ffd00240000 - 0x00007ffd00253000 	C:\Program Files\Android\Android Studio\jre\jre\bin\nio.dll
0x00007ffd11dd0000 - 0x00007ffd11dee000 	C:\Users\selva\.gradle\native\25\windows-amd64\native-platform.dll
0x00007ffd123e0000 - 0x00007ffd123ed000 	C:\Program Files\Android\Android Studio\jre\jre\bin\management.dll
0x00007ffd1b8d0000 - 0x00007ffd1b8e8000 	C:\WINDOWS\SYSTEM32\CRYPTSP.dll
0x00007ffd1b080000 - 0x00007ffd1b0b4000 	C:\WINDOWS\system32\rsaenh.dll
0x00007ffd1c1f0000 - 0x00007ffd1c217000 	C:\WINDOWS\System32\bcrypt.dll
0x00007ffd1be10000 - 0x00007ffd1be3e000 	C:\WINDOWS\SYSTEM32\USERENV.dll
0x00007ffd1c760000 - 0x00007ffd1c7df000 	C:\WINDOWS\System32\bcryptprimitives.dll
0x00007ffd1b8c0000 - 0x00007ffd1b8cc000 	C:\WINDOWS\SYSTEM32\CRYPTBASE.dll
0x00007ffd1b3e0000 - 0x00007ffd1b41b000 	C:\WINDOWS\SYSTEM32\IPHLPAPI.DLL
0x00007ffd1d530000 - 0x00007ffd1d539000 	C:\WINDOWS\System32\NSI.dll
0x00007ffd135b0000 - 0x00007ffd135c7000 	C:\WINDOWS\SYSTEM32\dhcpcsvc6.DLL
0x00007ffd13a20000 - 0x00007ffd13a3d000 	C:\WINDOWS\SYSTEM32\dhcpcsvc.DLL
0x00007ffd1b420000 - 0x00007ffd1b4eb000 	C:\WINDOWS\SYSTEM32\DNSAPI.dll
0x00007ffd002d0000 - 0x00007ffd002f4000 	C:\Program Files\Android\Android Studio\jre\jre\bin\sunec.dll
0x00007ffd110e0000 - 0x00007ffd110ea000 	C:\Windows\System32\rasadhlp.dll
0x00007ffd11390000 - 0x00007ffd1140f000 	C:\WINDOWS\System32\fwpuclnt.dll
0x00007ffd0cd90000 - 0x00007ffd0cd9b000 	C:\Program Files\Android\Android Studio\jre\jre\bin\sunmscapi.dll
0x00007ffd1c330000 - 0x00007ffd1c48d000 	C:\WINDOWS\System32\CRYPT32.dll

VM Arguments:
jvm_args: -XX:+HeapDumpOnOutOfMemoryError -Xmx1024m -Dfile.encoding=windows-1252 -Duser.country=IN -Duser.language=en -Duser.variant 
java_command: org.gradle.launcher.daemon.bootstrap.GradleDaemon 4.1
java_class_path (initial): C:\Users\selva\.gradle\wrapper\dists\gradle-4.1-all\bzyivzo6n839fup2jbap0tjew\gradle-4.1\lib\gradle-launcher-4.1.jar
Launcher Type: SUN_STANDARD

Environment Variables:
PATH=C:\Program Files (x86)\Common Files\Oracle\Java\javapath;C:\ProgramData\Oracle\Java\javapath;C:\Program Files (x86)\Intel\iCLS Client\;C:\Program Files\Intel\iCLS Client\;C:\windows\system32;C:\windows;C:\windows\System32\Wbem;C:\windows\System32\WindowsPowerShell\v1.0\;C:\Program Files\Intel\Intel(R) Management Engine Components\DAL;C:\Program Files (x86)\Intel\Intel(R) Management Engine Components\DAL;C:\Program Files\Intel\Intel(R) Management Engine Components\IPT;C:\Program Files (x86)\Intel\Intel(R) Management Engine Components\IPT;C:\adb;C:\Android;C:\Windows\System32;C:\Program Files\nodejs;C:\Users\selva\AppData\Roaming\npm;C:\Users\selva\AppData\Local\Programs\Python\Python37;C:\Users\selva\AppData\Local\Android\sdk\platform-tools;C:\Program Files\Intel\WiFi\bin\;C:\Program Files\Common Files\Intel\WirelessCommon\;C:\WINDOWS\system32;C:\WINDOWS;C:\WINDOWS\System32\Wbem;C:\WINDOWS\System32\WindowsPowerShell\v1.0\;C:\WINDOWS\System32\OpenSSH\;C:\Program Files\Git\cmd;C:\Users\selva\AppData\Roaming\npm;%USERPROFILE%\AppData\Local\Microsoft\WindowsApps;
USERNAME=selva
OS=Windows_NT
PROCESSOR_IDENTIFIER=Intel64 Family 6 Model 61 Stepping 4, GenuineIntel



---------------  S Y S T E M  ---------------

OS: Windows 10.0 , 64 bit Build 19041 (10.0.19041.546)

CPU:total 4 (initial active 4) (2 cores per cpu, 2 threads per core) family 6 model 61 stepping 4, cmov, cx8, fxsr, mmx, sse, sse2, sse3, ssse3, sse4.1, sse4.2, popcnt, avx, avx2, aes, clmul, erms, 3dnowpref, lzcnt, ht, tsc, tscinvbit, bmi1, bmi2, adx

Memory: 4k page, physical 8277100k(632940k free), swap 12471404k(5748k free)

vm_info: OpenJDK 64-Bit Server VM (25.242-b01) for windows-amd64 JRE (1.8.0_242-release-1644-b01), built by "builder" with MS VC++ 10.0 (VS2010)

time: Fri Oct 23 23:12:08 2020
timezone: India Standard Time
elapsed time: 61 seconds (0d 0h 1m 1s)

